<?xml version="1.0" encoding="UTF-8"?>
<robot generator="Robot 6.1.1 (Python 3.10.12 on linux)" generated="20231109 22:51:44.319" rpa="false" schemaversion="4">
<suite id="s1" name="Login Test" source="/home/xovec/code-workspace/robot-web-test/test/login_test.robot">
<test id="s1-t1" name="Cenário: Login - Usuário e/ou senha incorretos!" line="6">
<kw name="Dado que desejo acessar o sistema" library="login_steps">
<kw name="Open Browser" library="SeleniumLibrary">
<arg>${url}</arg>
<arg>${browser}</arg>
<doc>Opens a new browser instance to the optional ``url``.</doc>
<msg timestamp="20231109 22:51:45.499" level="INFO">Opening browser 'chrome' to base url 'https://rlhorochovec.github.io/qa/index.html'.</msg>
<status status="PASS" starttime="20231109 22:51:45.498" endtime="20231109 22:52:07.228"/>
</kw>
<kw name="Maximize Browser Window" library="SeleniumLibrary">
<doc>Maximizes current browser window.</doc>
<status status="PASS" starttime="20231109 22:52:07.228" endtime="20231109 22:52:07.333"/>
</kw>
<kw name="Title Should Be" library="SeleniumLibrary">
<arg>Login</arg>
<doc>Verifies that the current page title equals ``title``.</doc>
<msg timestamp="20231109 22:52:07.340" level="INFO">Page title is 'Login'.</msg>
<status status="PASS" starttime="20231109 22:52:07.333" endtime="20231109 22:52:07.341"/>
</kw>
<status status="PASS" starttime="20231109 22:51:45.497" endtime="20231109 22:52:07.341"/>
</kw>
<kw name="Quando inserir o login &quot;user&quot; e a senha &quot;admin&quot; e clicar em Entrar" library="login_steps" sourcename="Quando inserir o login &quot;${login}&quot; e a senha &quot;${password}&quot; e clicar em Entrar">
<kw name="Input Text" library="SeleniumLibrary">
<arg>${usuario}</arg>
<arg>${login}</arg>
<doc>Types the given ``text`` into the text field identified by ``locator``.</doc>
<msg timestamp="20231109 22:52:07.344" level="INFO">Typing text 'user' into text field 'id = login'.</msg>
<status status="PASS" starttime="20231109 22:52:07.342" endtime="20231109 22:52:07.964"/>
</kw>
<kw name="Input Text" library="SeleniumLibrary">
<arg>${senha}</arg>
<arg>${password}</arg>
<doc>Types the given ``text`` into the text field identified by ``locator``.</doc>
<msg timestamp="20231109 22:52:07.965" level="INFO">Typing text 'admin' into text field 'id = senha'.</msg>
<status status="PASS" starttime="20231109 22:52:07.964" endtime="20231109 22:52:08.074"/>
</kw>
<kw name="Click Element" library="SeleniumLibrary">
<arg>${entrar}</arg>
<doc>Click the element identified by ``locator``.</doc>
<msg timestamp="20231109 22:52:08.075" level="INFO">Clicking element 'xpath = //*[text()="Entrar"]'.</msg>
<status status="PASS" starttime="20231109 22:52:08.074" endtime="20231109 22:52:08.237"/>
</kw>
<status status="PASS" starttime="20231109 22:52:07.341" endtime="20231109 22:52:08.237"/>
</kw>
<kw name="Então apresentará uma mensagem de &quot;Usuário e/ou senha incorretos!&quot;" library="login_steps" sourcename="Então apresentará uma mensagem de &quot;${message}&quot;">
<kw name="Get Text" library="SeleniumLibrary">
<var>${erro}</var>
<arg>${mensagem}</arg>
<doc>Returns the text value of the element identified by ``locator``.</doc>
<msg timestamp="20231109 22:52:08.280" level="INFO">${erro} = Usuário e/ou senha incorretos!</msg>
<status status="PASS" starttime="20231109 22:52:08.238" endtime="20231109 22:52:08.280"/>
</kw>
<kw name="Should Be Equal As Strings" library="BuiltIn">
<arg>${erro}</arg>
<arg>${message}</arg>
<doc>Fails if objects are unequal after converting them to strings.</doc>
<status status="PASS" starttime="20231109 22:52:08.280" endtime="20231109 22:52:08.281"/>
</kw>
<kw name="Close Browser" library="SeleniumLibrary">
<doc>Closes the current browser.</doc>
<status status="PASS" starttime="20231109 22:52:08.281" endtime="20231109 22:52:08.424"/>
</kw>
<status status="PASS" starttime="20231109 22:52:08.237" endtime="20231109 22:52:08.424"/>
</kw>
<tag>@Incorretos</tag>
<status status="PASS" starttime="20231109 22:51:45.496" endtime="20231109 22:52:08.426"/>
</test>
<test id="s1-t2" name="Cenário: Login - Informe usuário e senha!" line="12">
<kw name="Dado que desejo acessar o sistema" library="login_steps">
<kw name="Open Browser" library="SeleniumLibrary">
<arg>${url}</arg>
<arg>${browser}</arg>
<doc>Opens a new browser instance to the optional ``url``.</doc>
<msg timestamp="20231109 22:52:08.433" level="INFO">Opening browser 'chrome' to base url 'https://rlhorochovec.github.io/qa/index.html'.</msg>
<status status="PASS" starttime="20231109 22:52:08.431" endtime="20231109 22:52:11.386"/>
</kw>
<kw name="Maximize Browser Window" library="SeleniumLibrary">
<doc>Maximizes current browser window.</doc>
<status status="PASS" starttime="20231109 22:52:11.386" endtime="20231109 22:52:11.493"/>
</kw>
<kw name="Title Should Be" library="SeleniumLibrary">
<arg>Login</arg>
<doc>Verifies that the current page title equals ``title``.</doc>
<msg timestamp="20231109 22:52:11.500" level="INFO">Page title is 'Login'.</msg>
<status status="PASS" starttime="20231109 22:52:11.493" endtime="20231109 22:52:11.501"/>
</kw>
<status status="PASS" starttime="20231109 22:52:08.429" endtime="20231109 22:52:11.501"/>
</kw>
<kw name="Quando inserir o login &quot;&quot; e a senha &quot;&quot; e clicar em Entrar" library="login_steps" sourcename="Quando inserir o login &quot;${login}&quot; e a senha &quot;${password}&quot; e clicar em Entrar">
<kw name="Input Text" library="SeleniumLibrary">
<arg>${usuario}</arg>
<arg>${login}</arg>
<doc>Types the given ``text`` into the text field identified by ``locator``.</doc>
<msg timestamp="20231109 22:52:11.502" level="INFO">Typing text '' into text field 'id = login'.</msg>
<status status="PASS" starttime="20231109 22:52:11.502" endtime="20231109 22:52:11.703"/>
</kw>
<kw name="Input Text" library="SeleniumLibrary">
<arg>${senha}</arg>
<arg>${password}</arg>
<doc>Types the given ``text`` into the text field identified by ``locator``.</doc>
<msg timestamp="20231109 22:52:11.704" level="INFO">Typing text '' into text field 'id = senha'.</msg>
<status status="PASS" starttime="20231109 22:52:11.703" endtime="20231109 22:52:11.807"/>
</kw>
<kw name="Click Element" library="SeleniumLibrary">
<arg>${entrar}</arg>
<doc>Click the element identified by ``locator``.</doc>
<msg timestamp="20231109 22:52:11.808" level="INFO">Clicking element 'xpath = //*[text()="Entrar"]'.</msg>
<status status="PASS" starttime="20231109 22:52:11.807" endtime="20231109 22:52:11.875"/>
</kw>
<status status="PASS" starttime="20231109 22:52:11.501" endtime="20231109 22:52:11.875"/>
</kw>
<kw name="Então apresentará uma mensagem de &quot;Informe usuário e senha!&quot;" library="login_steps" sourcename="Então apresentará uma mensagem de &quot;${message}&quot;">
<kw name="Get Text" library="SeleniumLibrary">
<var>${erro}</var>
<arg>${mensagem}</arg>
<doc>Returns the text value of the element identified by ``locator``.</doc>
<msg timestamp="20231109 22:52:11.915" level="INFO">${erro} = Informe usuário e senha!</msg>
<status status="PASS" starttime="20231109 22:52:11.876" endtime="20231109 22:52:11.915"/>
</kw>
<kw name="Should Be Equal As Strings" library="BuiltIn">
<arg>${erro}</arg>
<arg>${message}</arg>
<doc>Fails if objects are unequal after converting them to strings.</doc>
<status status="PASS" starttime="20231109 22:52:11.915" endtime="20231109 22:52:11.916"/>
</kw>
<kw name="Close Browser" library="SeleniumLibrary">
<doc>Closes the current browser.</doc>
<status status="PASS" starttime="20231109 22:52:11.916" endtime="20231109 22:52:12.245"/>
</kw>
<status status="PASS" starttime="20231109 22:52:11.876" endtime="20231109 22:52:12.245"/>
</kw>
<tag>@EmBranco</tag>
<status status="PASS" starttime="20231109 22:52:08.428" endtime="20231109 22:52:12.245"/>
</test>
<test id="s1-t3" name="Cenário: Login - Informe o usuário!" line="18">
<kw name="Dado que desejo acessar o sistema" library="login_steps">
<kw name="Open Browser" library="SeleniumLibrary">
<arg>${url}</arg>
<arg>${browser}</arg>
<doc>Opens a new browser instance to the optional ``url``.</doc>
<msg timestamp="20231109 22:52:12.250" level="INFO">Opening browser 'chrome' to base url 'https://rlhorochovec.github.io/qa/index.html'.</msg>
<status status="PASS" starttime="20231109 22:52:12.249" endtime="20231109 22:52:15.262"/>
</kw>
<kw name="Maximize Browser Window" library="SeleniumLibrary">
<doc>Maximizes current browser window.</doc>
<status status="PASS" starttime="20231109 22:52:15.263" endtime="20231109 22:52:15.369"/>
</kw>
<kw name="Title Should Be" library="SeleniumLibrary">
<arg>Login</arg>
<doc>Verifies that the current page title equals ``title``.</doc>
<msg timestamp="20231109 22:52:15.381" level="INFO">Page title is 'Login'.</msg>
<status status="PASS" starttime="20231109 22:52:15.369" endtime="20231109 22:52:15.381"/>
</kw>
<status status="PASS" starttime="20231109 22:52:12.248" endtime="20231109 22:52:15.382"/>
</kw>
<kw name="Quando inserir o login &quot;&quot; e a senha &quot;admin&quot; e clicar em Entrar" library="login_steps" sourcename="Quando inserir o login &quot;${login}&quot; e a senha &quot;${password}&quot; e clicar em Entrar">
<kw name="Input Text" library="SeleniumLibrary">
<arg>${usuario}</arg>
<arg>${login}</arg>
<doc>Types the given ``text`` into the text field identified by ``locator``.</doc>
<msg timestamp="20231109 22:52:15.386" level="INFO">Typing text '' into text field 'id = login'.</msg>
<status status="PASS" starttime="20231109 22:52:15.384" endtime="20231109 22:52:15.562"/>
</kw>
<kw name="Input Text" library="SeleniumLibrary">
<arg>${senha}</arg>
<arg>${password}</arg>
<doc>Types the given ``text`` into the text field identified by ``locator``.</doc>
<msg timestamp="20231109 22:52:15.563" level="INFO">Typing text 'admin' into text field 'id = senha'.</msg>
<status status="PASS" starttime="20231109 22:52:15.562" endtime="20231109 22:52:15.730"/>
</kw>
<kw name="Click Element" library="SeleniumLibrary">
<arg>${entrar}</arg>
<doc>Click the element identified by ``locator``.</doc>
<msg timestamp="20231109 22:52:15.731" level="INFO">Clicking element 'xpath = //*[text()="Entrar"]'.</msg>
<status status="PASS" starttime="20231109 22:52:15.731" endtime="20231109 22:52:15.797"/>
</kw>
<status status="PASS" starttime="20231109 22:52:15.382" endtime="20231109 22:52:15.797"/>
</kw>
<kw name="Então apresentará uma mensagem de &quot;Informe o usuário!&quot;" library="login_steps" sourcename="Então apresentará uma mensagem de &quot;${message}&quot;">
<kw name="Get Text" library="SeleniumLibrary">
<var>${erro}</var>
<arg>${mensagem}</arg>
<doc>Returns the text value of the element identified by ``locator``.</doc>
<msg timestamp="20231109 22:52:15.834" level="INFO">${erro} = Informe o usuário!</msg>
<status status="PASS" starttime="20231109 22:52:15.798" endtime="20231109 22:52:15.834"/>
</kw>
<kw name="Should Be Equal As Strings" library="BuiltIn">
<arg>${erro}</arg>
<arg>${message}</arg>
<doc>Fails if objects are unequal after converting them to strings.</doc>
<status status="PASS" starttime="20231109 22:52:15.834" endtime="20231109 22:52:15.835"/>
</kw>
<kw name="Close Browser" library="SeleniumLibrary">
<doc>Closes the current browser.</doc>
<status status="PASS" starttime="20231109 22:52:15.835" endtime="20231109 22:52:15.912"/>
</kw>
<status status="PASS" starttime="20231109 22:52:15.797" endtime="20231109 22:52:15.913"/>
</kw>
<tag>@SemUsuário</tag>
<status status="PASS" starttime="20231109 22:52:12.246" endtime="20231109 22:52:15.915"/>
</test>
<test id="s1-t4" name="Cenário: Login - Informe a senha!" line="24">
<kw name="Dado que desejo acessar o sistema" library="login_steps">
<kw name="Open Browser" library="SeleniumLibrary">
<arg>${url}</arg>
<arg>${browser}</arg>
<doc>Opens a new browser instance to the optional ``url``.</doc>
<msg timestamp="20231109 22:52:15.919" level="INFO">Opening browser 'chrome' to base url 'https://rlhorochovec.github.io/qa/index.html'.</msg>
<status status="PASS" starttime="20231109 22:52:15.918" endtime="20231109 22:52:19.157"/>
</kw>
<kw name="Maximize Browser Window" library="SeleniumLibrary">
<doc>Maximizes current browser window.</doc>
<status status="PASS" starttime="20231109 22:52:19.157" endtime="20231109 22:52:19.268"/>
</kw>
<kw name="Title Should Be" library="SeleniumLibrary">
<arg>Login</arg>
<doc>Verifies that the current page title equals ``title``.</doc>
<msg timestamp="20231109 22:52:19.288" level="INFO">Page title is 'Login'.</msg>
<status status="PASS" starttime="20231109 22:52:19.269" endtime="20231109 22:52:19.288"/>
</kw>
<status status="PASS" starttime="20231109 22:52:15.917" endtime="20231109 22:52:19.288"/>
</kw>
<kw name="Quando inserir o login &quot;user&quot; e a senha &quot;&quot; e clicar em Entrar" library="login_steps" sourcename="Quando inserir o login &quot;${login}&quot; e a senha &quot;${password}&quot; e clicar em Entrar">
<kw name="Input Text" library="SeleniumLibrary">
<arg>${usuario}</arg>
<arg>${login}</arg>
<doc>Types the given ``text`` into the text field identified by ``locator``.</doc>
<msg timestamp="20231109 22:52:19.292" level="INFO">Typing text 'user' into text field 'id = login'.</msg>
<status status="PASS" starttime="20231109 22:52:19.290" endtime="20231109 22:52:19.499"/>
</kw>
<kw name="Input Text" library="SeleniumLibrary">
<arg>${senha}</arg>
<arg>${password}</arg>
<doc>Types the given ``text`` into the text field identified by ``locator``.</doc>
<msg timestamp="20231109 22:52:19.501" level="INFO">Typing text '' into text field 'id = senha'.</msg>
<status status="PASS" starttime="20231109 22:52:19.499" endtime="20231109 22:52:19.626"/>
</kw>
<kw name="Click Element" library="SeleniumLibrary">
<arg>${entrar}</arg>
<doc>Click the element identified by ``locator``.</doc>
<msg timestamp="20231109 22:52:19.627" level="INFO">Clicking element 'xpath = //*[text()="Entrar"]'.</msg>
<status status="PASS" starttime="20231109 22:52:19.627" endtime="20231109 22:52:19.700"/>
</kw>
<status status="PASS" starttime="20231109 22:52:19.289" endtime="20231109 22:52:19.700"/>
</kw>
<kw name="Então apresentará uma mensagem de &quot;Informe a senha!&quot;" library="login_steps" sourcename="Então apresentará uma mensagem de &quot;${message}&quot;">
<kw name="Get Text" library="SeleniumLibrary">
<var>${erro}</var>
<arg>${mensagem}</arg>
<doc>Returns the text value of the element identified by ``locator``.</doc>
<msg timestamp="20231109 22:52:19.743" level="INFO">${erro} = Informe a senha!</msg>
<status status="PASS" starttime="20231109 22:52:19.702" endtime="20231109 22:52:19.743"/>
</kw>
<kw name="Should Be Equal As Strings" library="BuiltIn">
<arg>${erro}</arg>
<arg>${message}</arg>
<doc>Fails if objects are unequal after converting them to strings.</doc>
<status status="PASS" starttime="20231109 22:52:19.743" endtime="20231109 22:52:19.744"/>
</kw>
<kw name="Close Browser" library="SeleniumLibrary">
<doc>Closes the current browser.</doc>
<status status="PASS" starttime="20231109 22:52:19.744" endtime="20231109 22:52:19.882"/>
</kw>
<status status="PASS" starttime="20231109 22:52:19.701" endtime="20231109 22:52:19.882"/>
</kw>
<tag>@SemSenha</tag>
<status status="PASS" starttime="20231109 22:52:15.916" endtime="20231109 22:52:19.883"/>
</test>
<test id="s1-t5" name="Cenário: Login - Admin" line="30">
<kw name="Dado que desejo acessar o sistema" library="login_steps">
<kw name="Open Browser" library="SeleniumLibrary">
<arg>${url}</arg>
<arg>${browser}</arg>
<doc>Opens a new browser instance to the optional ``url``.</doc>
<msg timestamp="20231109 22:52:19.888" level="INFO">Opening browser 'chrome' to base url 'https://rlhorochovec.github.io/qa/index.html'.</msg>
<status status="PASS" starttime="20231109 22:52:19.886" endtime="20231109 22:52:23.107"/>
</kw>
<kw name="Maximize Browser Window" library="SeleniumLibrary">
<doc>Maximizes current browser window.</doc>
<status status="PASS" starttime="20231109 22:52:23.107" endtime="20231109 22:52:23.213"/>
</kw>
<kw name="Title Should Be" library="SeleniumLibrary">
<arg>Login</arg>
<doc>Verifies that the current page title equals ``title``.</doc>
<msg timestamp="20231109 22:52:23.226" level="INFO">Page title is 'Login'.</msg>
<status status="PASS" starttime="20231109 22:52:23.213" endtime="20231109 22:52:23.226"/>
</kw>
<status status="PASS" starttime="20231109 22:52:19.885" endtime="20231109 22:52:23.226"/>
</kw>
<kw name="Quando inserir o login &quot;admin&quot; e a senha &quot;admin&quot; e clicar em Entrar" library="login_steps" sourcename="Quando inserir o login &quot;${login}&quot; e a senha &quot;${password}&quot; e clicar em Entrar">
<kw name="Input Text" library="SeleniumLibrary">
<arg>${usuario}</arg>
<arg>${login}</arg>
<doc>Types the given ``text`` into the text field identified by ``locator``.</doc>
<msg timestamp="20231109 22:52:23.230" level="INFO">Typing text 'admin' into text field 'id = login'.</msg>
<status status="PASS" starttime="20231109 22:52:23.229" endtime="20231109 22:52:23.438"/>
</kw>
<kw name="Input Text" library="SeleniumLibrary">
<arg>${senha}</arg>
<arg>${password}</arg>
<doc>Types the given ``text`` into the text field identified by ``locator``.</doc>
<msg timestamp="20231109 22:52:23.439" level="INFO">Typing text 'admin' into text field 'id = senha'.</msg>
<status status="PASS" starttime="20231109 22:52:23.438" endtime="20231109 22:52:23.577"/>
</kw>
<kw name="Click Element" library="SeleniumLibrary">
<arg>${entrar}</arg>
<doc>Click the element identified by ``locator``.</doc>
<msg timestamp="20231109 22:52:23.578" level="INFO">Clicking element 'xpath = //*[text()="Entrar"]'.</msg>
<status status="PASS" starttime="20231109 22:52:23.577" endtime="20231109 22:52:23.878"/>
</kw>
<status status="PASS" starttime="20231109 22:52:23.227" endtime="20231109 22:52:23.878"/>
</kw>
<kw name="Então apresentará a home do &quot;Administrador&quot;" library="home_steps" sourcename="Então apresentará a home do &quot;${logged}&quot;">
<kw name="Get Text" library="SeleniumLibrary">
<var>${logado}</var>
<arg>${home}</arg>
<doc>Returns the text value of the element identified by ``locator``.</doc>
<msg timestamp="20231109 22:52:23.918" level="INFO">${logado} = Administrador</msg>
<status status="PASS" starttime="20231109 22:52:23.879" endtime="20231109 22:52:23.918"/>
</kw>
<kw name="Should Be Equal As Strings" library="BuiltIn">
<arg>${logado}</arg>
<arg>${logged}</arg>
<doc>Fails if objects are unequal after converting them to strings.</doc>
<status status="PASS" starttime="20231109 22:52:23.918" endtime="20231109 22:52:23.919"/>
</kw>
<kw name="Capture Page Screenshot" library="SeleniumLibrary">
<doc>Takes a screenshot of the current page and embeds it into a log file.</doc>
<msg timestamp="20231109 22:52:24.886" level="INFO" html="true">&lt;/td&gt;&lt;/tr&gt;&lt;tr&gt;&lt;td colspan="3"&gt;&lt;a href="selenium-screenshot-3.png"&gt;&lt;img src="selenium-screenshot-3.png" width="800px"&gt;&lt;/a&gt;</msg>
<status status="PASS" starttime="20231109 22:52:23.919" endtime="20231109 22:52:24.886"/>
</kw>
<kw name="Close Browser" library="SeleniumLibrary">
<doc>Closes the current browser.</doc>
<status status="PASS" starttime="20231109 22:52:24.886" endtime="20231109 22:52:24.973"/>
</kw>
<status status="PASS" starttime="20231109 22:52:23.878" endtime="20231109 22:52:24.973"/>
</kw>
<tag>@Admin</tag>
<status status="PASS" starttime="20231109 22:52:19.884" endtime="20231109 22:52:24.974"/>
</test>
<test id="s1-t6" name="Cenário: Login - User" line="36">
<kw name="Dado que desejo acessar o sistema" library="login_steps">
<kw name="Open Browser" library="SeleniumLibrary">
<arg>${url}</arg>
<arg>${browser}</arg>
<doc>Opens a new browser instance to the optional ``url``.</doc>
<msg timestamp="20231109 22:52:24.979" level="INFO">Opening browser 'chrome' to base url 'https://rlhorochovec.github.io/qa/index.html'.</msg>
<status status="PASS" starttime="20231109 22:52:24.977" endtime="20231109 22:52:28.208"/>
</kw>
<kw name="Maximize Browser Window" library="SeleniumLibrary">
<doc>Maximizes current browser window.</doc>
<status status="PASS" starttime="20231109 22:52:28.209" endtime="20231109 22:52:28.316"/>
</kw>
<kw name="Title Should Be" library="SeleniumLibrary">
<arg>Login</arg>
<doc>Verifies that the current page title equals ``title``.</doc>
<msg timestamp="20231109 22:52:28.331" level="INFO">Page title is 'Login'.</msg>
<status status="PASS" starttime="20231109 22:52:28.316" endtime="20231109 22:52:28.331"/>
</kw>
<status status="PASS" starttime="20231109 22:52:24.976" endtime="20231109 22:52:28.331"/>
</kw>
<kw name="Quando inserir o login &quot;user&quot; e a senha &quot;user&quot; e clicar em Entrar" library="login_steps" sourcename="Quando inserir o login &quot;${login}&quot; e a senha &quot;${password}&quot; e clicar em Entrar">
<kw name="Input Text" library="SeleniumLibrary">
<arg>${usuario}</arg>
<arg>${login}</arg>
<doc>Types the given ``text`` into the text field identified by ``locator``.</doc>
<msg timestamp="20231109 22:52:28.334" level="INFO">Typing text 'user' into text field 'id = login'.</msg>
<status status="PASS" starttime="20231109 22:52:28.333" endtime="20231109 22:52:28.539"/>
</kw>
<kw name="Input Text" library="SeleniumLibrary">
<arg>${senha}</arg>
<arg>${password}</arg>
<doc>Types the given ``text`` into the text field identified by ``locator``.</doc>
<msg timestamp="20231109 22:52:28.541" level="INFO">Typing text 'user' into text field 'id = senha'.</msg>
<status status="PASS" starttime="20231109 22:52:28.539" endtime="20231109 22:52:28.665"/>
</kw>
<kw name="Click Element" library="SeleniumLibrary">
<arg>${entrar}</arg>
<doc>Click the element identified by ``locator``.</doc>
<msg timestamp="20231109 22:52:28.666" level="INFO">Clicking element 'xpath = //*[text()="Entrar"]'.</msg>
<status status="PASS" starttime="20231109 22:52:28.666" endtime="20231109 22:52:29.153"/>
</kw>
<status status="PASS" starttime="20231109 22:52:28.332" endtime="20231109 22:52:29.153"/>
</kw>
<kw name="Então apresentará a home do &quot;Usuário&quot;" library="home_steps" sourcename="Então apresentará a home do &quot;${logged}&quot;">
<kw name="Get Text" library="SeleniumLibrary">
<var>${logado}</var>
<arg>${home}</arg>
<doc>Returns the text value of the element identified by ``locator``.</doc>
<msg timestamp="20231109 22:52:29.201" level="INFO">${logado} = Usuário</msg>
<status status="PASS" starttime="20231109 22:52:29.154" endtime="20231109 22:52:29.201"/>
</kw>
<kw name="Should Be Equal As Strings" library="BuiltIn">
<arg>${logado}</arg>
<arg>${logged}</arg>
<doc>Fails if objects are unequal after converting them to strings.</doc>
<status status="PASS" starttime="20231109 22:52:29.201" endtime="20231109 22:52:29.202"/>
</kw>
<kw name="Capture Page Screenshot" library="SeleniumLibrary">
<doc>Takes a screenshot of the current page and embeds it into a log file.</doc>
<msg timestamp="20231109 22:52:29.426" level="INFO" html="true">&lt;/td&gt;&lt;/tr&gt;&lt;tr&gt;&lt;td colspan="3"&gt;&lt;a href="selenium-screenshot-4.png"&gt;&lt;img src="selenium-screenshot-4.png" width="800px"&gt;&lt;/a&gt;</msg>
<status status="PASS" starttime="20231109 22:52:29.202" endtime="20231109 22:52:29.426"/>
</kw>
<kw name="Close Browser" library="SeleniumLibrary">
<doc>Closes the current browser.</doc>
<status status="PASS" starttime="20231109 22:52:29.427" endtime="20231109 22:52:29.554"/>
</kw>
<status status="PASS" starttime="20231109 22:52:29.153" endtime="20231109 22:52:29.554"/>
</kw>
<tag>@User</tag>
<status status="PASS" starttime="20231109 22:52:24.975" endtime="20231109 22:52:29.554"/>
</test>
<status status="PASS" starttime="20231109 22:51:44.322" endtime="20231109 22:52:29.557"/>
</suite>
<statistics>
<total>
<stat pass="6" fail="0" skip="0">All Tests</stat>
</total>
<tag>
<stat pass="1" fail="0" skip="0">@Admin</stat>
<stat pass="1" fail="0" skip="0">@EmBranco</stat>
<stat pass="1" fail="0" skip="0">@Incorretos</stat>
<stat pass="1" fail="0" skip="0">@SemSenha</stat>
<stat pass="1" fail="0" skip="0">@SemUsuário</stat>
<stat pass="1" fail="0" skip="0">@User</stat>
</tag>
<suite>
<stat pass="6" fail="0" skip="0" id="s1" name="Login Test">Login Test</stat>
</suite>
</statistics>
<errors>
</errors>
</robot>
