<?xml version="1.0" encoding="UTF-8"?>
<robot generator="Robot 7.0 (Python 3.12.2 on win32)" generated="2024-02-21T16:34:25.199822" rpa="false" schemaversion="5">
<suite id="s1" name="Login Test" source="D:\dev\code-workspace\robot-web-test\test\login_test.robot">
<test id="s1-t1" name="Cenário: Login - Usuário e/ou senha incorretos!" line="6">
<kw name="Dado que desejo acessar o sistema" owner="login_steps">
<kw name="Open Browser" owner="SeleniumLibrary">
<msg time="2024-02-21T16:34:25.761431" level="INFO">Opening browser 'chrome' to base url 'https://rlhorochovec.github.io/qa/index.html'.</msg>
<arg>${url}</arg>
<arg>${browser}</arg>
<doc>Opens a new browser instance to the optional ``url``.</doc>
<status status="PASS" start="2024-02-21T16:34:25.760431" elapsed="7.803687"/>
</kw>
<kw name="Maximize Browser Window" owner="SeleniumLibrary">
<doc>Maximizes current browser window.</doc>
<status status="PASS" start="2024-02-21T16:34:33.564118" elapsed="0.243454"/>
</kw>
<kw name="Title Should Be" owner="SeleniumLibrary">
<msg time="2024-02-21T16:34:33.825755" level="INFO">Page title is 'Login'.</msg>
<arg>Login</arg>
<doc>Verifies that the current page title equals ``title``.</doc>
<status status="PASS" start="2024-02-21T16:34:33.808570" elapsed="0.017185"/>
</kw>
<status status="PASS" start="2024-02-21T16:34:25.759431" elapsed="8.067323"/>
</kw>
<kw name="Quando inserir o login &quot;user&quot; e a senha &quot;admin&quot; e clicar em Entrar" owner="login_steps" source_name="Quando inserir o login &quot;${login}&quot; e a senha &quot;${password}&quot; e clicar em Entrar">
<kw name="Input Text" owner="SeleniumLibrary">
<msg time="2024-02-21T16:34:33.829752" level="INFO">Typing text 'user' into text field 'id = login'.</msg>
<arg>${usuario}</arg>
<arg>${login}</arg>
<doc>Types the given ``text`` into the text field identified by ``locator``.</doc>
<status status="PASS" start="2024-02-21T16:34:33.828753" elapsed="0.248145"/>
</kw>
<kw name="Input Text" owner="SeleniumLibrary">
<msg time="2024-02-21T16:34:34.078895" level="INFO">Typing text 'admin' into text field 'id = senha'.</msg>
<arg>${senha}</arg>
<arg>${password}</arg>
<doc>Types the given ``text`` into the text field identified by ``locator``.</doc>
<status status="PASS" start="2024-02-21T16:34:34.077902" elapsed="0.194804"/>
</kw>
<kw name="Click Element" owner="SeleniumLibrary">
<msg time="2024-02-21T16:34:34.273705" level="INFO">Clicking element 'xpath = //*[text()="Entrar"]'.</msg>
<arg>${entrar}</arg>
<doc>Click the element identified by ``locator``.</doc>
<status status="PASS" start="2024-02-21T16:34:34.273705" elapsed="0.105540"/>
</kw>
<status status="PASS" start="2024-02-21T16:34:33.827753" elapsed="0.551492"/>
</kw>
<kw name="Então apresentará uma mensagem de &quot;Usuário e/ou senha incorretos!&quot;" owner="login_steps" source_name="Então apresentará uma mensagem de &quot;${message}&quot;">
<kw name="Get Text" owner="SeleniumLibrary">
<msg time="2024-02-21T16:34:34.435498" level="INFO">${erro} = Usuário e/ou senha incorretos!</msg>
<var>${erro}</var>
<arg>${mensagem}</arg>
<doc>Returns the text value of the element identified by ``locator``.</doc>
<status status="PASS" start="2024-02-21T16:34:34.381487" elapsed="0.054011"/>
</kw>
<kw name="Should Be Equal As Strings" owner="BuiltIn">
<arg>${erro}</arg>
<arg>${message}</arg>
<doc>Fails if objects are unequal after converting them to strings.</doc>
<status status="PASS" start="2024-02-21T16:34:34.436497" elapsed="0.001001"/>
</kw>
<kw name="Close Browser" owner="SeleniumLibrary">
<doc>Closes the current browser.</doc>
<status status="PASS" start="2024-02-21T16:34:34.437498" elapsed="2.307727"/>
</kw>
<status status="PASS" start="2024-02-21T16:34:34.380243" elapsed="2.364982"/>
</kw>
<tag>@Incorretos</tag>
<status status="PASS" start="2024-02-21T16:34:25.758430" elapsed="10.986795"/>
</test>
<test id="s1-t2" name="Cenário: Login - Informe usuário e senha!" line="12">
<kw name="Dado que desejo acessar o sistema" owner="login_steps">
<kw name="Open Browser" owner="SeleniumLibrary">
<msg time="2024-02-21T16:34:36.762340" level="INFO">Opening browser 'chrome' to base url 'https://rlhorochovec.github.io/qa/index.html'.</msg>
<arg>${url}</arg>
<arg>${browser}</arg>
<doc>Opens a new browser instance to the optional ``url``.</doc>
<status status="PASS" start="2024-02-21T16:34:36.760343" elapsed="2.753984"/>
</kw>
<kw name="Maximize Browser Window" owner="SeleniumLibrary">
<doc>Maximizes current browser window.</doc>
<status status="PASS" start="2024-02-21T16:34:39.514327" elapsed="0.265137"/>
</kw>
<kw name="Title Should Be" owner="SeleniumLibrary">
<msg time="2024-02-21T16:34:39.789903" level="INFO">Page title is 'Login'.</msg>
<arg>Login</arg>
<doc>Verifies that the current page title equals ``title``.</doc>
<status status="PASS" start="2024-02-21T16:34:39.779464" elapsed="0.010439"/>
</kw>
<status status="PASS" start="2024-02-21T16:34:36.757352" elapsed="3.033549"/>
</kw>
<kw name="Quando inserir o login &quot;&quot; e a senha &quot;&quot; e clicar em Entrar" owner="login_steps" source_name="Quando inserir o login &quot;${login}&quot; e a senha &quot;${password}&quot; e clicar em Entrar">
<kw name="Input Text" owner="SeleniumLibrary">
<msg time="2024-02-21T16:34:39.792901" level="INFO">Typing text '' into text field 'id = login'.</msg>
<arg>${usuario}</arg>
<arg>${login}</arg>
<doc>Types the given ``text`` into the text field identified by ``locator``.</doc>
<status status="PASS" start="2024-02-21T16:34:39.791901" elapsed="0.197186"/>
</kw>
<kw name="Input Text" owner="SeleniumLibrary">
<msg time="2024-02-21T16:34:39.990089" level="INFO">Typing text '' into text field 'id = senha'.</msg>
<arg>${senha}</arg>
<arg>${password}</arg>
<doc>Types the given ``text`` into the text field identified by ``locator``.</doc>
<status status="PASS" start="2024-02-21T16:34:39.989087" elapsed="0.156449"/>
</kw>
<kw name="Click Element" owner="SeleniumLibrary">
<msg time="2024-02-21T16:34:40.146536" level="INFO">Clicking element 'xpath = //*[text()="Entrar"]'.</msg>
<arg>${entrar}</arg>
<doc>Click the element identified by ``locator``.</doc>
<status status="PASS" start="2024-02-21T16:34:40.145536" elapsed="0.096745"/>
</kw>
<status status="PASS" start="2024-02-21T16:34:39.791901" elapsed="0.450380"/>
</kw>
<kw name="Então apresentará uma mensagem de &quot;Informe usuário e senha!&quot;" owner="login_steps" source_name="Então apresentará uma mensagem de &quot;${message}&quot;">
<kw name="Get Text" owner="SeleniumLibrary">
<msg time="2024-02-21T16:34:40.299476" level="INFO">${erro} = Informe usuário e senha!</msg>
<var>${erro}</var>
<arg>${mensagem}</arg>
<doc>Returns the text value of the element identified by ``locator``.</doc>
<status status="PASS" start="2024-02-21T16:34:40.244279" elapsed="0.055197"/>
</kw>
<kw name="Should Be Equal As Strings" owner="BuiltIn">
<arg>${erro}</arg>
<arg>${message}</arg>
<doc>Fails if objects are unequal after converting them to strings.</doc>
<status status="PASS" start="2024-02-21T16:34:40.299476" elapsed="0.000000"/>
</kw>
<kw name="Close Browser" owner="SeleniumLibrary">
<doc>Closes the current browser.</doc>
<status status="PASS" start="2024-02-21T16:34:40.300474" elapsed="2.267897"/>
</kw>
<status status="PASS" start="2024-02-21T16:34:40.243279" elapsed="2.325092"/>
</kw>
<tag>@EmBranco</tag>
<status status="PASS" start="2024-02-21T16:34:36.745225" elapsed="5.823146"/>
</test>
<test id="s1-t3" name="Cenário: Login - Informe o usuário!" line="18">
<kw name="Dado que desejo acessar o sistema" owner="login_steps">
<kw name="Open Browser" owner="SeleniumLibrary">
<msg time="2024-02-21T16:34:42.583301" level="INFO">Opening browser 'chrome' to base url 'https://rlhorochovec.github.io/qa/index.html'.</msg>
<arg>${url}</arg>
<arg>${browser}</arg>
<doc>Opens a new browser instance to the optional ``url``.</doc>
<status status="PASS" start="2024-02-21T16:34:42.581298" elapsed="2.765233"/>
</kw>
<kw name="Maximize Browser Window" owner="SeleniumLibrary">
<doc>Maximizes current browser window.</doc>
<status status="PASS" start="2024-02-21T16:34:45.346531" elapsed="0.254162"/>
</kw>
<kw name="Title Should Be" owner="SeleniumLibrary">
<msg time="2024-02-21T16:34:45.608686" level="INFO">Page title is 'Login'.</msg>
<arg>Login</arg>
<doc>Verifies that the current page title equals ``title``.</doc>
<status status="PASS" start="2024-02-21T16:34:45.600693" elapsed="0.007993"/>
</kw>
<status status="PASS" start="2024-02-21T16:34:42.580300" elapsed="3.028386"/>
</kw>
<kw name="Quando inserir o login &quot;&quot; e a senha &quot;admin&quot; e clicar em Entrar" owner="login_steps" source_name="Quando inserir o login &quot;${login}&quot; e a senha &quot;${password}&quot; e clicar em Entrar">
<kw name="Input Text" owner="SeleniumLibrary">
<msg time="2024-02-21T16:34:45.612123" level="INFO">Typing text '' into text field 'id = login'.</msg>
<arg>${usuario}</arg>
<arg>${login}</arg>
<doc>Types the given ``text`` into the text field identified by ``locator``.</doc>
<status status="PASS" start="2024-02-21T16:34:45.610686" elapsed="0.171337"/>
</kw>
<kw name="Input Text" owner="SeleniumLibrary">
<msg time="2024-02-21T16:34:45.783022" level="INFO">Typing text 'admin' into text field 'id = senha'.</msg>
<arg>${senha}</arg>
<arg>${password}</arg>
<doc>Types the given ``text`` into the text field identified by ``locator``.</doc>
<status status="PASS" start="2024-02-21T16:34:45.782023" elapsed="0.210157"/>
</kw>
<kw name="Click Element" owner="SeleniumLibrary">
<msg time="2024-02-21T16:34:45.993179" level="INFO">Clicking element 'xpath = //*[text()="Entrar"]'.</msg>
<arg>${entrar}</arg>
<doc>Click the element identified by ``locator``.</doc>
<status status="PASS" start="2024-02-21T16:34:45.993179" elapsed="0.109310"/>
</kw>
<status status="PASS" start="2024-02-21T16:34:45.609686" elapsed="0.492803"/>
</kw>
<kw name="Então apresentará uma mensagem de &quot;Informe o usuário!&quot;" owner="login_steps" source_name="Então apresentará uma mensagem de &quot;${message}&quot;">
<kw name="Get Text" owner="SeleniumLibrary">
<msg time="2024-02-21T16:34:46.153992" level="INFO">${erro} = Informe o usuário!</msg>
<var>${erro}</var>
<arg>${mensagem}</arg>
<doc>Returns the text value of the element identified by ``locator``.</doc>
<status status="PASS" start="2024-02-21T16:34:46.104487" elapsed="0.049505"/>
</kw>
<kw name="Should Be Equal As Strings" owner="BuiltIn">
<arg>${erro}</arg>
<arg>${message}</arg>
<doc>Fails if objects are unequal after converting them to strings.</doc>
<status status="PASS" start="2024-02-21T16:34:46.154990" elapsed="0.000000"/>
</kw>
<kw name="Close Browser" owner="SeleniumLibrary">
<doc>Closes the current browser.</doc>
<status status="PASS" start="2024-02-21T16:34:46.154990" elapsed="2.255519"/>
</kw>
<status status="PASS" start="2024-02-21T16:34:46.103487" elapsed="2.307022"/>
</kw>
<tag>@SemUsuário</tag>
<status status="PASS" start="2024-02-21T16:34:42.568371" elapsed="5.842138"/>
</test>
<test id="s1-t4" name="Cenário: Login - Informe a senha!" line="24">
<kw name="Dado que desejo acessar o sistema" owner="login_steps">
<kw name="Open Browser" owner="SeleniumLibrary">
<msg time="2024-02-21T16:34:48.426341" level="INFO">Opening browser 'chrome' to base url 'https://rlhorochovec.github.io/qa/index.html'.</msg>
<arg>${url}</arg>
<arg>${browser}</arg>
<doc>Opens a new browser instance to the optional ``url``.</doc>
<status status="PASS" start="2024-02-21T16:34:48.425341" elapsed="2.710001"/>
</kw>
<kw name="Maximize Browser Window" owner="SeleniumLibrary">
<doc>Maximizes current browser window.</doc>
<status status="PASS" start="2024-02-21T16:34:51.135342" elapsed="0.237818"/>
</kw>
<kw name="Title Should Be" owner="SeleniumLibrary">
<msg time="2024-02-21T16:34:51.381152" level="INFO">Page title is 'Login'.</msg>
<arg>Login</arg>
<doc>Verifies that the current page title equals ``title``.</doc>
<status status="PASS" start="2024-02-21T16:34:51.374157" elapsed="0.007994"/>
</kw>
<status status="PASS" start="2024-02-21T16:34:48.422346" elapsed="2.959805"/>
</kw>
<kw name="Quando inserir o login &quot;user&quot; e a senha &quot;&quot; e clicar em Entrar" owner="login_steps" source_name="Quando inserir o login &quot;${login}&quot; e a senha &quot;${password}&quot; e clicar em Entrar">
<kw name="Input Text" owner="SeleniumLibrary">
<msg time="2024-02-21T16:34:51.384151" level="INFO">Typing text 'user' into text field 'id = login'.</msg>
<arg>${usuario}</arg>
<arg>${login}</arg>
<doc>Types the given ``text`` into the text field identified by ``locator``.</doc>
<status status="PASS" start="2024-02-21T16:34:51.383151" elapsed="0.258488"/>
</kw>
<kw name="Input Text" owner="SeleniumLibrary">
<msg time="2024-02-21T16:34:51.642639" level="INFO">Typing text '' into text field 'id = senha'.</msg>
<arg>${senha}</arg>
<arg>${password}</arg>
<doc>Types the given ``text`` into the text field identified by ``locator``.</doc>
<status status="PASS" start="2024-02-21T16:34:51.642639" elapsed="0.154721"/>
</kw>
<kw name="Click Element" owner="SeleniumLibrary">
<msg time="2024-02-21T16:34:51.797360" level="INFO">Clicking element 'xpath = //*[text()="Entrar"]'.</msg>
<arg>${entrar}</arg>
<doc>Click the element identified by ``locator``.</doc>
<status status="PASS" start="2024-02-21T16:34:51.797360" elapsed="0.098360"/>
</kw>
<status status="PASS" start="2024-02-21T16:34:51.383151" elapsed="0.512569"/>
</kw>
<kw name="Então apresentará uma mensagem de &quot;Informe a senha!&quot;" owner="login_steps" source_name="Então apresentará uma mensagem de &quot;${message}&quot;">
<kw name="Get Text" owner="SeleniumLibrary">
<msg time="2024-02-21T16:34:51.948620" level="INFO">${erro} = Informe a senha!</msg>
<var>${erro}</var>
<arg>${mensagem}</arg>
<doc>Returns the text value of the element identified by ``locator``.</doc>
<status status="PASS" start="2024-02-21T16:34:51.897719" elapsed="0.050901"/>
</kw>
<kw name="Should Be Equal As Strings" owner="BuiltIn">
<arg>${erro}</arg>
<arg>${message}</arg>
<doc>Fails if objects are unequal after converting them to strings.</doc>
<status status="PASS" start="2024-02-21T16:34:51.948620" elapsed="0.000999"/>
</kw>
<kw name="Close Browser" owner="SeleniumLibrary">
<doc>Closes the current browser.</doc>
<status status="PASS" start="2024-02-21T16:34:51.949619" elapsed="2.282611"/>
</kw>
<status status="PASS" start="2024-02-21T16:34:51.896721" elapsed="2.335509"/>
</kw>
<tag>@SemSenha</tag>
<status status="PASS" start="2024-02-21T16:34:48.410509" elapsed="5.821721"/>
</test>
<test id="s1-t5" name="Cenário: Login - Admin" line="30">
<kw name="Dado que desejo acessar o sistema" owner="login_steps">
<kw name="Open Browser" owner="SeleniumLibrary">
<msg time="2024-02-21T16:34:54.246588" level="INFO">Opening browser 'chrome' to base url 'https://rlhorochovec.github.io/qa/index.html'.</msg>
<arg>${url}</arg>
<arg>${browser}</arg>
<doc>Opens a new browser instance to the optional ``url``.</doc>
<status status="PASS" start="2024-02-21T16:34:54.245588" elapsed="2.662499"/>
</kw>
<kw name="Maximize Browser Window" owner="SeleniumLibrary">
<doc>Maximizes current browser window.</doc>
<status status="PASS" start="2024-02-21T16:34:56.909089" elapsed="0.283398"/>
</kw>
<kw name="Title Should Be" owner="SeleniumLibrary">
<msg time="2024-02-21T16:34:57.200481" level="INFO">Page title is 'Login'.</msg>
<arg>Login</arg>
<doc>Verifies that the current page title equals ``title``.</doc>
<status status="PASS" start="2024-02-21T16:34:57.192487" elapsed="0.007994"/>
</kw>
<status status="PASS" start="2024-02-21T16:34:54.243587" elapsed="2.956894"/>
</kw>
<kw name="Quando inserir o login &quot;admin&quot; e a senha &quot;admin&quot; e clicar em Entrar" owner="login_steps" source_name="Quando inserir o login &quot;${login}&quot; e a senha &quot;${password}&quot; e clicar em Entrar">
<kw name="Input Text" owner="SeleniumLibrary">
<msg time="2024-02-21T16:34:57.202478" level="INFO">Typing text 'admin' into text field 'id = login'.</msg>
<arg>${usuario}</arg>
<arg>${login}</arg>
<doc>Types the given ``text`` into the text field identified by ``locator``.</doc>
<status status="PASS" start="2024-02-21T16:34:57.201479" elapsed="0.183895"/>
</kw>
<kw name="Input Text" owner="SeleniumLibrary">
<msg time="2024-02-21T16:34:57.386372" level="INFO">Typing text 'admin' into text field 'id = senha'.</msg>
<arg>${senha}</arg>
<arg>${password}</arg>
<doc>Types the given ``text`` into the text field identified by ``locator``.</doc>
<status status="PASS" start="2024-02-21T16:34:57.386372" elapsed="0.212437"/>
</kw>
<kw name="Click Element" owner="SeleniumLibrary">
<msg time="2024-02-21T16:34:57.599808" level="INFO">Clicking element 'xpath = //*[text()="Entrar"]'.</msg>
<arg>${entrar}</arg>
<doc>Click the element identified by ``locator``.</doc>
<status status="PASS" start="2024-02-21T16:34:57.599808" elapsed="0.327428"/>
</kw>
<status status="PASS" start="2024-02-21T16:34:57.201479" elapsed="0.726758"/>
</kw>
<kw name="Então apresentará a home do &quot;Administrador&quot;" owner="home_steps" source_name="Então apresentará a home do &quot;${logged}&quot;">
<kw name="Get Text" owner="SeleniumLibrary">
<msg time="2024-02-21T16:34:57.990217" level="INFO">${logado} = Administrador</msg>
<var>${logado}</var>
<arg>${home}</arg>
<doc>Returns the text value of the element identified by ``locator``.</doc>
<status status="PASS" start="2024-02-21T16:34:57.930234" elapsed="0.059983"/>
</kw>
<kw name="Should Be Equal As Strings" owner="BuiltIn">
<arg>${logado}</arg>
<arg>${logged}</arg>
<doc>Fails if objects are unequal after converting them to strings.</doc>
<status status="PASS" start="2024-02-21T16:34:57.991216" elapsed="0.000000"/>
</kw>
<kw name="Capture Page Screenshot" owner="SeleniumLibrary">
<msg time="2024-02-21T16:34:58.218667" level="INFO" html="true">&lt;/td&gt;&lt;/tr&gt;&lt;tr&gt;&lt;td colspan="3"&gt;&lt;a href="selenium-screenshot-15.png"&gt;&lt;img src="selenium-screenshot-15.png" width="800px"&gt;&lt;/a&gt;</msg>
<doc>Takes a screenshot of the current page and embeds it into a log file.</doc>
<status status="PASS" start="2024-02-21T16:34:57.991216" elapsed="0.228452"/>
</kw>
<kw name="Close Browser" owner="SeleniumLibrary">
<doc>Closes the current browser.</doc>
<status status="PASS" start="2024-02-21T16:34:58.219668" elapsed="2.224202"/>
</kw>
<status status="PASS" start="2024-02-21T16:34:57.929235" elapsed="2.514635"/>
</kw>
<tag>@Admin</tag>
<status status="PASS" start="2024-02-21T16:34:54.232230" elapsed="6.211640"/>
</test>
<test id="s1-t6" name="Cenário: Login - User" line="36">
<kw name="Dado que desejo acessar o sistema" owner="login_steps">
<kw name="Open Browser" owner="SeleniumLibrary">
<msg time="2024-02-21T16:35:00.456919" level="INFO">Opening browser 'chrome' to base url 'https://rlhorochovec.github.io/qa/index.html'.</msg>
<arg>${url}</arg>
<arg>${browser}</arg>
<doc>Opens a new browser instance to the optional ``url``.</doc>
<status status="PASS" start="2024-02-21T16:35:00.455925" elapsed="2.680081"/>
</kw>
<kw name="Maximize Browser Window" owner="SeleniumLibrary">
<doc>Maximizes current browser window.</doc>
<status status="PASS" start="2024-02-21T16:35:03.137006" elapsed="0.266836"/>
</kw>
<kw name="Title Should Be" owner="SeleniumLibrary">
<msg time="2024-02-21T16:35:03.412832" level="INFO">Page title is 'Login'.</msg>
<arg>Login</arg>
<doc>Verifies that the current page title equals ``title``.</doc>
<status status="PASS" start="2024-02-21T16:35:03.403842" elapsed="0.008990"/>
</kw>
<status status="PASS" start="2024-02-21T16:35:00.443870" elapsed="2.969961"/>
</kw>
<kw name="Quando inserir o login &quot;user&quot; e a senha &quot;user&quot; e clicar em Entrar" owner="login_steps" source_name="Quando inserir o login &quot;${login}&quot; e a senha &quot;${password}&quot; e clicar em Entrar">
<kw name="Input Text" owner="SeleniumLibrary">
<msg time="2024-02-21T16:35:03.414831" level="INFO">Typing text 'user' into text field 'id = login'.</msg>
<arg>${usuario}</arg>
<arg>${login}</arg>
<doc>Types the given ``text`` into the text field identified by ``locator``.</doc>
<status status="PASS" start="2024-02-21T16:35:03.414831" elapsed="0.179190"/>
</kw>
<kw name="Input Text" owner="SeleniumLibrary">
<msg time="2024-02-21T16:35:03.595019" level="INFO">Typing text 'user' into text field 'id = senha'.</msg>
<arg>${senha}</arg>
<arg>${password}</arg>
<doc>Types the given ``text`` into the text field identified by ``locator``.</doc>
<status status="PASS" start="2024-02-21T16:35:03.594021" elapsed="0.155198"/>
</kw>
<kw name="Click Element" owner="SeleniumLibrary">
<msg time="2024-02-21T16:35:03.750219" level="INFO">Clicking element 'xpath = //*[text()="Entrar"]'.</msg>
<arg>${entrar}</arg>
<doc>Click the element identified by ``locator``.</doc>
<status status="PASS" start="2024-02-21T16:35:03.749219" elapsed="0.315266"/>
</kw>
<status status="PASS" start="2024-02-21T16:35:03.414831" elapsed="0.649654"/>
</kw>
<kw name="Então apresentará a home do &quot;Usuário&quot;" owner="home_steps" source_name="Então apresentará a home do &quot;${logged}&quot;">
<kw name="Get Text" owner="SeleniumLibrary">
<msg time="2024-02-21T16:35:04.125482" level="INFO">${logado} = Usuário</msg>
<var>${logado}</var>
<arg>${home}</arg>
<doc>Returns the text value of the element identified by ``locator``.</doc>
<status status="PASS" start="2024-02-21T16:35:04.068117" elapsed="0.057365"/>
</kw>
<kw name="Should Be Equal As Strings" owner="BuiltIn">
<arg>${logado}</arg>
<arg>${logged}</arg>
<doc>Fails if objects are unequal after converting them to strings.</doc>
<status status="PASS" start="2024-02-21T16:35:04.125482" elapsed="0.000999"/>
</kw>
<kw name="Capture Page Screenshot" owner="SeleniumLibrary">
<msg time="2024-02-21T16:35:04.346408" level="INFO" html="true">&lt;/td&gt;&lt;/tr&gt;&lt;tr&gt;&lt;td colspan="3"&gt;&lt;a href="selenium-screenshot-16.png"&gt;&lt;img src="selenium-screenshot-16.png" width="800px"&gt;&lt;/a&gt;</msg>
<doc>Takes a screenshot of the current page and embeds it into a log file.</doc>
<status status="PASS" start="2024-02-21T16:35:04.126481" elapsed="0.220996"/>
</kw>
<kw name="Close Browser" owner="SeleniumLibrary">
<doc>Closes the current browser.</doc>
<status status="PASS" start="2024-02-21T16:35:04.347477" elapsed="2.235276"/>
</kw>
<status status="PASS" start="2024-02-21T16:35:04.066605" elapsed="2.516148"/>
</kw>
<tag>@User</tag>
<status status="PASS" start="2024-02-21T16:35:00.443870" elapsed="6.138883"/>
</test>
<meta name="Application">robot-web-test</meta>
<status status="PASS" start="2024-02-21T16:34:25.202820" elapsed="41.379933"/>
</suite>
<statistics>
<total>
<stat pass="6" fail="0" skip="0">All Tests</stat>
</total>
<tag>
<stat pass="1" fail="0" skip="0">@Admin</stat>
<stat pass="1" fail="0" skip="0">@EmBranco</stat>
<stat pass="1" fail="0" skip="0">@Incorretos</stat>
<stat pass="1" fail="0" skip="0">@SemSenha</stat>
<stat pass="1" fail="0" skip="0">@SemUsuário</stat>
<stat pass="1" fail="0" skip="0">@User</stat>
</tag>
<suite>
<stat pass="6" fail="0" skip="0" id="s1" name="Login Test">Login Test</stat>
</suite>
</statistics>
<errors>
<msg time="2024-02-21T16:34:25.252468" level="WARN">Error in file 'D:\dev\code-workspace\robot-web-test\steps\login_steps.robot' on line 4: Singular section headers like '*** Variable ***' are deprecated. Use plural format like '*** Variables ***' instead.</msg>
<msg time="2024-02-21T16:34:25.745820" level="WARN">Error in file 'D:\dev\code-workspace\robot-web-test\steps\home_steps.robot' on line 4: Singular section headers like '*** Variable ***' are deprecated. Use plural format like '*** Variables ***' instead.</msg>
</errors>
</robot>
