<?xml version="1.0" encoding="UTF-8"?>
<robot generator="Robot 6.1.1 (Python 3.10.12 on linux)" generated="20231110 15:35:47.798" rpa="false" schemaversion="4">
<suite id="s1" name="Login Test" source="/home/xovec/code-workspace/robot-web-test/test/login_test.robot">
<test id="s1-t1" name="Cenário: Login - Usuário e/ou senha incorretos!" line="6">
<kw name="Dado que desejo acessar o sistema" library="login_steps">
<kw name="Open Browser" library="SeleniumLibrary">
<arg>${url}</arg>
<arg>${browser}</arg>
<doc>Opens a new browser instance to the optional ``url``.</doc>
<msg timestamp="20231110 15:35:48.024" level="INFO">Opening browser 'firefox' to base url 'https://rlhorochovec.github.io/qa/index.html'.</msg>
<msg timestamp="20231110 15:35:56.905" level="INFO">Cannot capture screenshot because no browser is open.</msg>
<msg timestamp="20231110 15:35:56.905" level="FAIL">InvalidArgumentException: Message: binary is not a Firefox executable
</msg>
<status status="FAIL" starttime="20231110 15:35:48.024" endtime="20231110 15:35:56.960"/>
</kw>
<kw name="Maximize Browser Window" library="SeleniumLibrary">
<doc>Maximizes current browser window.</doc>
<status status="NOT RUN" starttime="20231110 15:35:56.960" endtime="20231110 15:35:56.960"/>
</kw>
<kw name="Title Should Be" library="SeleniumLibrary">
<arg>Login</arg>
<doc>Verifies that the current page title equals ``title``.</doc>
<status status="NOT RUN" starttime="20231110 15:35:56.960" endtime="20231110 15:35:56.960"/>
</kw>
<status status="FAIL" starttime="20231110 15:35:48.023" endtime="20231110 15:35:56.961"/>
</kw>
<kw name="Quando inserir o login &quot;user&quot; e a senha &quot;admin&quot; e clicar em Entrar" library="login_steps" sourcename="Quando inserir o login &quot;${login}&quot; e a senha &quot;${password}&quot; e clicar em Entrar">
<status status="NOT RUN" starttime="20231110 15:35:56.961" endtime="20231110 15:35:56.961"/>
</kw>
<kw name="Então apresentará uma mensagem de &quot;Usuário e/ou senha incorretos!&quot;" library="login_steps" sourcename="Então apresentará uma mensagem de &quot;${message}&quot;">
<status status="NOT RUN" starttime="20231110 15:35:56.961" endtime="20231110 15:35:56.961"/>
</kw>
<tag>@Incorretos</tag>
<status status="FAIL" starttime="20231110 15:35:48.022" endtime="20231110 15:35:56.962">InvalidArgumentException: Message: binary is not a Firefox executable
</status>
</test>
<test id="s1-t2" name="Cenário: Login - Informe usuário e senha!" line="12">
<kw name="Dado que desejo acessar o sistema" library="login_steps">
<kw name="Open Browser" library="SeleniumLibrary">
<arg>${url}</arg>
<arg>${browser}</arg>
<doc>Opens a new browser instance to the optional ``url``.</doc>
<msg timestamp="20231110 15:35:56.964" level="INFO">Opening browser 'firefox' to base url 'https://rlhorochovec.github.io/qa/index.html'.</msg>
<msg timestamp="20231110 15:35:58.072" level="INFO">Cannot capture screenshot because no browser is open.</msg>
<msg timestamp="20231110 15:35:58.072" level="FAIL">InvalidArgumentException: Message: binary is not a Firefox executable
</msg>
<status status="FAIL" starttime="20231110 15:35:56.963" endtime="20231110 15:35:58.073"/>
</kw>
<kw name="Maximize Browser Window" library="SeleniumLibrary">
<doc>Maximizes current browser window.</doc>
<status status="NOT RUN" starttime="20231110 15:35:58.073" endtime="20231110 15:35:58.073"/>
</kw>
<kw name="Title Should Be" library="SeleniumLibrary">
<arg>Login</arg>
<doc>Verifies that the current page title equals ``title``.</doc>
<status status="NOT RUN" starttime="20231110 15:35:58.074" endtime="20231110 15:35:58.074"/>
</kw>
<status status="FAIL" starttime="20231110 15:35:56.963" endtime="20231110 15:35:58.074"/>
</kw>
<kw name="Quando inserir o login &quot;&quot; e a senha &quot;&quot; e clicar em Entrar" library="login_steps" sourcename="Quando inserir o login &quot;${login}&quot; e a senha &quot;${password}&quot; e clicar em Entrar">
<status status="NOT RUN" starttime="20231110 15:35:58.074" endtime="20231110 15:35:58.074"/>
</kw>
<kw name="Então apresentará uma mensagem de &quot;Informe usuário e senha!&quot;" library="login_steps" sourcename="Então apresentará uma mensagem de &quot;${message}&quot;">
<status status="NOT RUN" starttime="20231110 15:35:58.075" endtime="20231110 15:35:58.075"/>
</kw>
<tag>@EmBranco</tag>
<status status="FAIL" starttime="20231110 15:35:56.962" endtime="20231110 15:35:58.075">InvalidArgumentException: Message: binary is not a Firefox executable
</status>
</test>
<test id="s1-t3" name="Cenário: Login - Informe o usuário!" line="18">
<kw name="Dado que desejo acessar o sistema" library="login_steps">
<kw name="Open Browser" library="SeleniumLibrary">
<arg>${url}</arg>
<arg>${browser}</arg>
<doc>Opens a new browser instance to the optional ``url``.</doc>
<msg timestamp="20231110 15:35:58.079" level="INFO">Opening browser 'firefox' to base url 'https://rlhorochovec.github.io/qa/index.html'.</msg>
<msg timestamp="20231110 15:35:59.086" level="INFO">Cannot capture screenshot because no browser is open.</msg>
<msg timestamp="20231110 15:35:59.086" level="FAIL">InvalidArgumentException: Message: binary is not a Firefox executable
</msg>
<status status="FAIL" starttime="20231110 15:35:58.078" endtime="20231110 15:35:59.087"/>
</kw>
<kw name="Maximize Browser Window" library="SeleniumLibrary">
<doc>Maximizes current browser window.</doc>
<status status="NOT RUN" starttime="20231110 15:35:59.087" endtime="20231110 15:35:59.087"/>
</kw>
<kw name="Title Should Be" library="SeleniumLibrary">
<arg>Login</arg>
<doc>Verifies that the current page title equals ``title``.</doc>
<status status="NOT RUN" starttime="20231110 15:35:59.087" endtime="20231110 15:35:59.087"/>
</kw>
<status status="FAIL" starttime="20231110 15:35:58.077" endtime="20231110 15:35:59.087"/>
</kw>
<kw name="Quando inserir o login &quot;&quot; e a senha &quot;admin&quot; e clicar em Entrar" library="login_steps" sourcename="Quando inserir o login &quot;${login}&quot; e a senha &quot;${password}&quot; e clicar em Entrar">
<status status="NOT RUN" starttime="20231110 15:35:59.088" endtime="20231110 15:35:59.088"/>
</kw>
<kw name="Então apresentará uma mensagem de &quot;Informe o usuário!&quot;" library="login_steps" sourcename="Então apresentará uma mensagem de &quot;${message}&quot;">
<status status="NOT RUN" starttime="20231110 15:35:59.088" endtime="20231110 15:35:59.088"/>
</kw>
<tag>@SemUsuário</tag>
<status status="FAIL" starttime="20231110 15:35:58.076" endtime="20231110 15:35:59.088">InvalidArgumentException: Message: binary is not a Firefox executable
</status>
</test>
<test id="s1-t4" name="Cenário: Login - Informe a senha!" line="24">
<kw name="Dado que desejo acessar o sistema" library="login_steps">
<kw name="Open Browser" library="SeleniumLibrary">
<arg>${url}</arg>
<arg>${browser}</arg>
<doc>Opens a new browser instance to the optional ``url``.</doc>
<msg timestamp="20231110 15:35:59.091" level="INFO">Opening browser 'firefox' to base url 'https://rlhorochovec.github.io/qa/index.html'.</msg>
<msg timestamp="20231110 15:36:00.174" level="INFO">Cannot capture screenshot because no browser is open.</msg>
<msg timestamp="20231110 15:36:00.175" level="FAIL">InvalidArgumentException: Message: binary is not a Firefox executable
</msg>
<status status="FAIL" starttime="20231110 15:35:59.090" endtime="20231110 15:36:00.176"/>
</kw>
<kw name="Maximize Browser Window" library="SeleniumLibrary">
<doc>Maximizes current browser window.</doc>
<status status="NOT RUN" starttime="20231110 15:36:00.176" endtime="20231110 15:36:00.176"/>
</kw>
<kw name="Title Should Be" library="SeleniumLibrary">
<arg>Login</arg>
<doc>Verifies that the current page title equals ``title``.</doc>
<status status="NOT RUN" starttime="20231110 15:36:00.177" endtime="20231110 15:36:00.177"/>
</kw>
<status status="FAIL" starttime="20231110 15:35:59.089" endtime="20231110 15:36:00.177"/>
</kw>
<kw name="Quando inserir o login &quot;user&quot; e a senha &quot;&quot; e clicar em Entrar" library="login_steps" sourcename="Quando inserir o login &quot;${login}&quot; e a senha &quot;${password}&quot; e clicar em Entrar">
<status status="NOT RUN" starttime="20231110 15:36:00.178" endtime="20231110 15:36:00.178"/>
</kw>
<kw name="Então apresentará uma mensagem de &quot;Informe a senha!&quot;" library="login_steps" sourcename="Então apresentará uma mensagem de &quot;${message}&quot;">
<status status="NOT RUN" starttime="20231110 15:36:00.178" endtime="20231110 15:36:00.179"/>
</kw>
<tag>@SemSenha</tag>
<status status="FAIL" starttime="20231110 15:35:59.089" endtime="20231110 15:36:00.179">InvalidArgumentException: Message: binary is not a Firefox executable
</status>
</test>
<test id="s1-t5" name="Cenário: Login - Admin" line="30">
<kw name="Dado que desejo acessar o sistema" library="login_steps">
<kw name="Open Browser" library="SeleniumLibrary">
<arg>${url}</arg>
<arg>${browser}</arg>
<doc>Opens a new browser instance to the optional ``url``.</doc>
<msg timestamp="20231110 15:36:00.184" level="INFO">Opening browser 'firefox' to base url 'https://rlhorochovec.github.io/qa/index.html'.</msg>
<msg timestamp="20231110 15:36:01.305" level="INFO">Cannot capture screenshot because no browser is open.</msg>
<msg timestamp="20231110 15:36:01.305" level="FAIL">InvalidArgumentException: Message: binary is not a Firefox executable
</msg>
<status status="FAIL" starttime="20231110 15:36:00.183" endtime="20231110 15:36:01.306"/>
</kw>
<kw name="Maximize Browser Window" library="SeleniumLibrary">
<doc>Maximizes current browser window.</doc>
<status status="NOT RUN" starttime="20231110 15:36:01.306" endtime="20231110 15:36:01.306"/>
</kw>
<kw name="Title Should Be" library="SeleniumLibrary">
<arg>Login</arg>
<doc>Verifies that the current page title equals ``title``.</doc>
<status status="NOT RUN" starttime="20231110 15:36:01.306" endtime="20231110 15:36:01.306"/>
</kw>
<status status="FAIL" starttime="20231110 15:36:00.182" endtime="20231110 15:36:01.306"/>
</kw>
<kw name="Quando inserir o login &quot;admin&quot; e a senha &quot;admin&quot; e clicar em Entrar" library="login_steps" sourcename="Quando inserir o login &quot;${login}&quot; e a senha &quot;${password}&quot; e clicar em Entrar">
<status status="NOT RUN" starttime="20231110 15:36:01.307" endtime="20231110 15:36:01.307"/>
</kw>
<kw name="Então apresentará a home do &quot;Administrador&quot;" library="home_steps" sourcename="Então apresentará a home do &quot;${logged}&quot;">
<status status="NOT RUN" starttime="20231110 15:36:01.307" endtime="20231110 15:36:01.307"/>
</kw>
<tag>@Admin</tag>
<status status="FAIL" starttime="20231110 15:36:00.180" endtime="20231110 15:36:01.307">InvalidArgumentException: Message: binary is not a Firefox executable
</status>
</test>
<test id="s1-t6" name="Cenário: Login - User" line="36">
<kw name="Dado que desejo acessar o sistema" library="login_steps">
<kw name="Open Browser" library="SeleniumLibrary">
<arg>${url}</arg>
<arg>${browser}</arg>
<doc>Opens a new browser instance to the optional ``url``.</doc>
<msg timestamp="20231110 15:36:01.317" level="INFO">Opening browser 'firefox' to base url 'https://rlhorochovec.github.io/qa/index.html'.</msg>
<msg timestamp="20231110 15:36:02.414" level="INFO">Cannot capture screenshot because no browser is open.</msg>
<msg timestamp="20231110 15:36:02.415" level="FAIL">InvalidArgumentException: Message: binary is not a Firefox executable
</msg>
<status status="FAIL" starttime="20231110 15:36:01.309" endtime="20231110 15:36:02.415"/>
</kw>
<kw name="Maximize Browser Window" library="SeleniumLibrary">
<doc>Maximizes current browser window.</doc>
<status status="NOT RUN" starttime="20231110 15:36:02.415" endtime="20231110 15:36:02.416"/>
</kw>
<kw name="Title Should Be" library="SeleniumLibrary">
<arg>Login</arg>
<doc>Verifies that the current page title equals ``title``.</doc>
<status status="NOT RUN" starttime="20231110 15:36:02.416" endtime="20231110 15:36:02.416"/>
</kw>
<status status="FAIL" starttime="20231110 15:36:01.309" endtime="20231110 15:36:02.416"/>
</kw>
<kw name="Quando inserir o login &quot;user&quot; e a senha &quot;user&quot; e clicar em Entrar" library="login_steps" sourcename="Quando inserir o login &quot;${login}&quot; e a senha &quot;${password}&quot; e clicar em Entrar">
<status status="NOT RUN" starttime="20231110 15:36:02.416" endtime="20231110 15:36:02.416"/>
</kw>
<kw name="Então apresentará a home do &quot;Usuário&quot;" library="home_steps" sourcename="Então apresentará a home do &quot;${logged}&quot;">
<status status="NOT RUN" starttime="20231110 15:36:02.417" endtime="20231110 15:36:02.417"/>
</kw>
<tag>@User</tag>
<status status="FAIL" starttime="20231110 15:36:01.308" endtime="20231110 15:36:02.417">InvalidArgumentException: Message: binary is not a Firefox executable
</status>
</test>
<status status="FAIL" starttime="20231110 15:35:47.800" endtime="20231110 15:36:02.419"/>
</suite>
<statistics>
<total>
<stat pass="0" fail="6" skip="0">All Tests</stat>
</total>
<tag>
<stat pass="0" fail="1" skip="0">@Admin</stat>
<stat pass="0" fail="1" skip="0">@EmBranco</stat>
<stat pass="0" fail="1" skip="0">@Incorretos</stat>
<stat pass="0" fail="1" skip="0">@SemSenha</stat>
<stat pass="0" fail="1" skip="0">@SemUsuário</stat>
<stat pass="0" fail="1" skip="0">@User</stat>
</tag>
<suite>
<stat pass="0" fail="6" skip="0" id="s1" name="Login Test">Login Test</stat>
</suite>
</statistics>
<errors>
</errors>
</robot>
