<?xml version="1.0" encoding="UTF-8"?>
<robot generator="Robot 6.1.1 (Python 3.10.12 on linux)" generated="20231207 18:33:51.168" rpa="false" schemaversion="4">
<suite id="s1" name="Login Test" source="/home/xovec/code-workspace/robot-web-test/test/login_test.robot">
<kw name="Abrir navegador" library="login_template" type="SETUP">
<kw name="Open Browser" library="SeleniumLibrary">
<arg>${url}</arg>
<arg>${browser}</arg>
<doc>Opens a new browser instance to the optional ``url``.</doc>
<msg timestamp="20231207 18:33:55.010" level="INFO">Opening browser 'chrome' to base url 'https://rlhorochovec.github.io/qa/index.html'.</msg>
<status status="PASS" starttime="20231207 18:33:55.009" endtime="20231207 18:34:40.403"/>
</kw>
<kw name="Title Should Be" library="SeleniumLibrary">
<arg>Login</arg>
<doc>Verifies that the current page title equals ``title``.</doc>
<msg timestamp="20231207 18:34:40.659" level="INFO">Page title is 'Login'.</msg>
<status status="PASS" starttime="20231207 18:34:40.404" endtime="20231207 18:34:40.660"/>
</kw>
<kw name="Maximize Browser Window" library="SeleniumLibrary">
<doc>Maximizes current browser window.</doc>
<status status="PASS" starttime="20231207 18:34:40.660" endtime="20231207 18:34:40.769"/>
</kw>
<status status="PASS" starttime="20231207 18:33:55.009" endtime="20231207 18:34:40.769"/>
</kw>
<test id="s1-t1" name="Login inválido - Usuário e/ou senha incorretos!" line="8">
<kw name="Login inválido" library="login_template">
<arg>user</arg>
<arg>admin</arg>
<arg>Usuário e/ou senha incorretos!</arg>
<kw name="Input Text" library="SeleniumLibrary">
<arg>${usuario}</arg>
<arg>${login}</arg>
<doc>Types the given ``text`` into the text field identified by ``locator``.</doc>
<msg timestamp="20231207 18:34:40.772" level="INFO">Typing text 'user' into text field 'id = login'.</msg>
<status status="PASS" starttime="20231207 18:34:40.771" endtime="20231207 18:34:44.050"/>
</kw>
<kw name="Input Text" library="SeleniumLibrary">
<arg>${senha}</arg>
<arg>${password}</arg>
<doc>Types the given ``text`` into the text field identified by ``locator``.</doc>
<msg timestamp="20231207 18:34:44.053" level="INFO">Typing text 'admin' into text field 'id = senha'.</msg>
<status status="PASS" starttime="20231207 18:34:44.051" endtime="20231207 18:34:44.271"/>
</kw>
<kw name="Click Element" library="SeleniumLibrary">
<arg>${entrar}</arg>
<doc>Click the element identified by ``locator``.</doc>
<msg timestamp="20231207 18:34:44.272" level="INFO">Clicking element 'xpath = //*[text()="Entrar"]'.</msg>
<status status="PASS" starttime="20231207 18:34:44.272" endtime="20231207 18:34:45.009"/>
</kw>
<kw name="Get Text" library="SeleniumLibrary">
<var>${erro}</var>
<arg>${mensagem}</arg>
<doc>Returns the text value of the element identified by ``locator``.</doc>
<msg timestamp="20231207 18:34:45.060" level="INFO">${erro} = Usuário e/ou senha incorretos!</msg>
<status status="PASS" starttime="20231207 18:34:45.010" endtime="20231207 18:34:45.060"/>
</kw>
<kw name="Should Be Equal As Strings" library="BuiltIn">
<arg>${erro}</arg>
<arg>${message}</arg>
<doc>Fails if objects are unequal after converting them to strings.</doc>
<status status="PASS" starttime="20231207 18:34:45.060" endtime="20231207 18:34:45.060"/>
</kw>
<status status="PASS" starttime="20231207 18:34:40.770" endtime="20231207 18:34:45.061"/>
</kw>
<status status="PASS" starttime="20231207 18:34:40.769" endtime="20231207 18:34:45.061"/>
</test>
<test id="s1-t2" name="Login inválido - Informe usuário e senha!" line="9">
<kw name="Login inválido" library="login_template">
<arg>${EMPTY}</arg>
<arg>${EMPTY}</arg>
<arg>Informe usuário e senha!</arg>
<kw name="Input Text" library="SeleniumLibrary">
<arg>${usuario}</arg>
<arg>${login}</arg>
<doc>Types the given ``text`` into the text field identified by ``locator``.</doc>
<msg timestamp="20231207 18:34:45.064" level="INFO">Typing text '' into text field 'id = login'.</msg>
<status status="PASS" starttime="20231207 18:34:45.064" endtime="20231207 18:34:45.257"/>
</kw>
<kw name="Input Text" library="SeleniumLibrary">
<arg>${senha}</arg>
<arg>${password}</arg>
<doc>Types the given ``text`` into the text field identified by ``locator``.</doc>
<msg timestamp="20231207 18:34:45.258" level="INFO">Typing text '' into text field 'id = senha'.</msg>
<status status="PASS" starttime="20231207 18:34:45.257" endtime="20231207 18:34:45.360"/>
</kw>
<kw name="Click Element" library="SeleniumLibrary">
<arg>${entrar}</arg>
<doc>Click the element identified by ``locator``.</doc>
<msg timestamp="20231207 18:34:45.362" level="INFO">Clicking element 'xpath = //*[text()="Entrar"]'.</msg>
<status status="PASS" starttime="20231207 18:34:45.360" endtime="20231207 18:34:45.418"/>
</kw>
<kw name="Get Text" library="SeleniumLibrary">
<var>${erro}</var>
<arg>${mensagem}</arg>
<doc>Returns the text value of the element identified by ``locator``.</doc>
<msg timestamp="20231207 18:34:45.441" level="INFO">${erro} = Informe usuário e senha!</msg>
<status status="PASS" starttime="20231207 18:34:45.418" endtime="20231207 18:34:45.441"/>
</kw>
<kw name="Should Be Equal As Strings" library="BuiltIn">
<arg>${erro}</arg>
<arg>${message}</arg>
<doc>Fails if objects are unequal after converting them to strings.</doc>
<status status="PASS" starttime="20231207 18:34:45.442" endtime="20231207 18:34:45.442"/>
</kw>
<status status="PASS" starttime="20231207 18:34:45.062" endtime="20231207 18:34:45.442"/>
</kw>
<status status="PASS" starttime="20231207 18:34:45.061" endtime="20231207 18:34:45.443"/>
</test>
<test id="s1-t3" name="Login inválido - Informe o usuário!" line="10">
<kw name="Login inválido" library="login_template">
<arg>${EMPTY}</arg>
<arg>admin</arg>
<arg>Informe o usuário!</arg>
<kw name="Input Text" library="SeleniumLibrary">
<arg>${usuario}</arg>
<arg>${login}</arg>
<doc>Types the given ``text`` into the text field identified by ``locator``.</doc>
<msg timestamp="20231207 18:34:45.447" level="INFO">Typing text '' into text field 'id = login'.</msg>
<status status="PASS" starttime="20231207 18:34:45.446" endtime="20231207 18:34:45.552"/>
</kw>
<kw name="Input Text" library="SeleniumLibrary">
<arg>${senha}</arg>
<arg>${password}</arg>
<doc>Types the given ``text`` into the text field identified by ``locator``.</doc>
<msg timestamp="20231207 18:34:45.553" level="INFO">Typing text 'admin' into text field 'id = senha'.</msg>
<status status="PASS" starttime="20231207 18:34:45.553" endtime="20231207 18:34:45.669"/>
</kw>
<kw name="Click Element" library="SeleniumLibrary">
<arg>${entrar}</arg>
<doc>Click the element identified by ``locator``.</doc>
<msg timestamp="20231207 18:34:45.670" level="INFO">Clicking element 'xpath = //*[text()="Entrar"]'.</msg>
<status status="PASS" starttime="20231207 18:34:45.670" endtime="20231207 18:34:45.721"/>
</kw>
<kw name="Get Text" library="SeleniumLibrary">
<var>${erro}</var>
<arg>${mensagem}</arg>
<doc>Returns the text value of the element identified by ``locator``.</doc>
<msg timestamp="20231207 18:34:45.744" level="INFO">${erro} = Informe o usuário!</msg>
<status status="PASS" starttime="20231207 18:34:45.721" endtime="20231207 18:34:45.744"/>
</kw>
<kw name="Should Be Equal As Strings" library="BuiltIn">
<arg>${erro}</arg>
<arg>${message}</arg>
<doc>Fails if objects are unequal after converting them to strings.</doc>
<status status="PASS" starttime="20231207 18:34:45.745" endtime="20231207 18:34:45.745"/>
</kw>
<status status="PASS" starttime="20231207 18:34:45.444" endtime="20231207 18:34:45.746"/>
</kw>
<status status="PASS" starttime="20231207 18:34:45.443" endtime="20231207 18:34:45.746"/>
</test>
<test id="s1-t4" name="Login inválido - Informe a senha!" line="11">
<kw name="Login inválido" library="login_template">
<arg>admin</arg>
<arg>${EMPTY}</arg>
<arg>Informe a senha!</arg>
<kw name="Input Text" library="SeleniumLibrary">
<arg>${usuario}</arg>
<arg>${login}</arg>
<doc>Types the given ``text`` into the text field identified by ``locator``.</doc>
<msg timestamp="20231207 18:34:45.750" level="INFO">Typing text 'admin' into text field 'id = login'.</msg>
<status status="PASS" starttime="20231207 18:34:45.749" endtime="20231207 18:34:45.860"/>
</kw>
<kw name="Input Text" library="SeleniumLibrary">
<arg>${senha}</arg>
<arg>${password}</arg>
<doc>Types the given ``text`` into the text field identified by ``locator``.</doc>
<msg timestamp="20231207 18:34:45.862" level="INFO">Typing text '' into text field 'id = senha'.</msg>
<status status="PASS" starttime="20231207 18:34:45.861" endtime="20231207 18:34:45.974"/>
</kw>
<kw name="Click Element" library="SeleniumLibrary">
<arg>${entrar}</arg>
<doc>Click the element identified by ``locator``.</doc>
<msg timestamp="20231207 18:34:45.975" level="INFO">Clicking element 'xpath = //*[text()="Entrar"]'.</msg>
<status status="PASS" starttime="20231207 18:34:45.974" endtime="20231207 18:34:46.033"/>
</kw>
<kw name="Get Text" library="SeleniumLibrary">
<var>${erro}</var>
<arg>${mensagem}</arg>
<doc>Returns the text value of the element identified by ``locator``.</doc>
<msg timestamp="20231207 18:34:46.057" level="INFO">${erro} = Informe a senha!</msg>
<status status="PASS" starttime="20231207 18:34:46.034" endtime="20231207 18:34:46.057"/>
</kw>
<kw name="Should Be Equal As Strings" library="BuiltIn">
<arg>${erro}</arg>
<arg>${message}</arg>
<doc>Fails if objects are unequal after converting them to strings.</doc>
<status status="PASS" starttime="20231207 18:34:46.058" endtime="20231207 18:34:46.058"/>
</kw>
<status status="PASS" starttime="20231207 18:34:45.748" endtime="20231207 18:34:46.058"/>
</kw>
<status status="PASS" starttime="20231207 18:34:45.747" endtime="20231207 18:34:46.059"/>
</test>
<kw name="Fechar navegador" library="login_template" type="TEARDOWN">
<kw name="Close Browser" library="SeleniumLibrary">
<doc>Closes the current browser.</doc>
<status status="PASS" starttime="20231207 18:34:46.060" endtime="20231207 18:34:46.184"/>
</kw>
<status status="PASS" starttime="20231207 18:34:46.060" endtime="20231207 18:34:46.184"/>
</kw>
<meta name="Application">robot-web-test</meta>
<status status="PASS" starttime="20231207 18:33:51.173" endtime="20231207 18:34:46.184"/>
</suite>
<statistics>
<total>
<stat pass="4" fail="0" skip="0">All Tests</stat>
</total>
<tag>
</tag>
<suite>
<stat pass="4" fail="0" skip="0" id="s1" name="Login Test">Login Test</stat>
</suite>
</statistics>
<errors>
</errors>
</robot>
