<?xml version="1.0" encoding="UTF-8"?>
<robot generator="Robot 6.1.1 (Python 3.10.12 on linux)" generated="20231107 21:30:40.768" rpa="false" schemaversion="4">
<suite id="s1" name="Login Test" source="/home/xovec/code-workspace/robot-web-test/login_test.robot">
<test id="s1-t1" name="Cenário: Login - Usuário e/ou senha incorretos!" line="6">
<kw name="Dado que desejo acessar o sistema" library="login_steps">
<kw name="Open Browser" library="SeleniumLibrary">
<arg>${url}</arg>
<arg>${browser}</arg>
<doc>Opens a new browser instance to the optional ``url``.</doc>
<msg timestamp="20231107 21:30:40.994" level="INFO">Opening browser 'chrome' to base url 'https://rlhorochovec.github.io/qa/index.html'.</msg>
<status status="PASS" starttime="20231107 21:30:40.993" endtime="20231107 21:30:44.185"/>
</kw>
<kw name="Maximize Browser Window" library="SeleniumLibrary">
<doc>Maximizes current browser window.</doc>
<status status="PASS" starttime="20231107 21:30:44.185" endtime="20231107 21:30:44.291"/>
</kw>
<kw name="Title Should Be" library="SeleniumLibrary">
<arg>Login</arg>
<doc>Verifies that the current page title equals ``title``.</doc>
<msg timestamp="20231107 21:30:44.297" level="INFO">Page title is 'Login'.</msg>
<status status="PASS" starttime="20231107 21:30:44.291" endtime="20231107 21:30:44.298"/>
</kw>
<status status="PASS" starttime="20231107 21:30:40.993" endtime="20231107 21:30:44.298"/>
</kw>
<kw name="Quando inserir o login &quot;user&quot; e a senha &quot;admin&quot; e clicar em Entrar" library="login_steps" sourcename="Quando inserir o login &quot;${login}&quot; e a senha &quot;${password}&quot; e clicar em Entrar">
<kw name="Input Text" library="SeleniumLibrary">
<arg>${usuario}</arg>
<arg>${login}</arg>
<doc>Types the given ``text`` into the text field identified by ``locator``.</doc>
<msg timestamp="20231107 21:30:44.300" level="INFO">Typing text 'user' into text field 'id = login'.</msg>
<status status="PASS" starttime="20231107 21:30:44.299" endtime="20231107 21:30:44.472"/>
</kw>
<kw name="Input Text" library="SeleniumLibrary">
<arg>${senha}</arg>
<arg>${password}</arg>
<doc>Types the given ``text`` into the text field identified by ``locator``.</doc>
<msg timestamp="20231107 21:30:44.474" level="INFO">Typing text 'admin' into text field 'id = senha'.</msg>
<status status="PASS" starttime="20231107 21:30:44.473" endtime="20231107 21:30:44.597"/>
</kw>
<kw name="Click Element" library="SeleniumLibrary">
<arg>${entrar}</arg>
<doc>Click the element identified by ``locator``.</doc>
<msg timestamp="20231107 21:30:44.598" level="INFO">Clicking element 'xpath = //*[text()="Entrar"]'.</msg>
<status status="PASS" starttime="20231107 21:30:44.597" endtime="20231107 21:30:44.669"/>
</kw>
<status status="PASS" starttime="20231107 21:30:44.298" endtime="20231107 21:30:44.669"/>
</kw>
<kw name="Então apresentará uma mensagem de &quot;Usuário e/ou senha incorretos!&quot;" library="login_steps" sourcename="Então apresentará uma mensagem de &quot;${message}&quot;">
<kw name="Get Text" library="SeleniumLibrary">
<var>${erro}</var>
<arg>${mensagem}</arg>
<doc>Returns the text value of the element identified by ``locator``.</doc>
<msg timestamp="20231107 21:30:44.714" level="INFO">${erro} = Usuário e/ou senha incorretos!</msg>
<status status="PASS" starttime="20231107 21:30:44.670" endtime="20231107 21:30:44.714"/>
</kw>
<kw name="Should Be Equal As Strings" library="BuiltIn">
<arg>${erro}</arg>
<arg>${message}</arg>
<doc>Fails if objects are unequal after converting them to strings.</doc>
<status status="PASS" starttime="20231107 21:30:44.714" endtime="20231107 21:30:44.715"/>
</kw>
<kw name="Close Browser" library="SeleniumLibrary">
<doc>Closes the current browser.</doc>
<status status="PASS" starttime="20231107 21:30:44.715" endtime="20231107 21:30:44.789"/>
</kw>
<status status="PASS" starttime="20231107 21:30:44.669" endtime="20231107 21:30:44.789"/>
</kw>
<tag>@Incorretos</tag>
<status status="PASS" starttime="20231107 21:30:40.992" endtime="20231107 21:30:44.789"/>
</test>
<test id="s1-t2" name="Cenário: Login - Informe usuário e senha!" line="12">
<kw name="Dado que desejo acessar o sistema" library="login_steps">
<kw name="Open Browser" library="SeleniumLibrary">
<arg>${url}</arg>
<arg>${browser}</arg>
<doc>Opens a new browser instance to the optional ``url``.</doc>
<msg timestamp="20231107 21:30:44.793" level="INFO">Opening browser 'chrome' to base url 'https://rlhorochovec.github.io/qa/index.html'.</msg>
<status status="PASS" starttime="20231107 21:30:44.792" endtime="20231107 21:30:47.852"/>
</kw>
<kw name="Maximize Browser Window" library="SeleniumLibrary">
<doc>Maximizes current browser window.</doc>
<status status="PASS" starttime="20231107 21:30:47.853" endtime="20231107 21:30:47.959"/>
</kw>
<kw name="Title Should Be" library="SeleniumLibrary">
<arg>Login</arg>
<doc>Verifies that the current page title equals ``title``.</doc>
<msg timestamp="20231107 21:30:47.967" level="INFO">Page title is 'Login'.</msg>
<status status="PASS" starttime="20231107 21:30:47.960" endtime="20231107 21:30:47.968"/>
</kw>
<status status="PASS" starttime="20231107 21:30:44.791" endtime="20231107 21:30:47.968"/>
</kw>
<kw name="Quando inserir o login &quot;&quot; e a senha &quot;&quot; e clicar em Entrar" library="login_steps" sourcename="Quando inserir o login &quot;${login}&quot; e a senha &quot;${password}&quot; e clicar em Entrar">
<kw name="Input Text" library="SeleniumLibrary">
<arg>${usuario}</arg>
<arg>${login}</arg>
<doc>Types the given ``text`` into the text field identified by ``locator``.</doc>
<msg timestamp="20231107 21:30:47.969" level="INFO">Typing text '' into text field 'id = login'.</msg>
<status status="PASS" starttime="20231107 21:30:47.969" endtime="20231107 21:30:48.122"/>
</kw>
<kw name="Input Text" library="SeleniumLibrary">
<arg>${senha}</arg>
<arg>${password}</arg>
<doc>Types the given ``text`` into the text field identified by ``locator``.</doc>
<msg timestamp="20231107 21:30:48.124" level="INFO">Typing text '' into text field 'id = senha'.</msg>
<status status="PASS" starttime="20231107 21:30:48.123" endtime="20231107 21:30:48.236"/>
</kw>
<kw name="Click Element" library="SeleniumLibrary">
<arg>${entrar}</arg>
<doc>Click the element identified by ``locator``.</doc>
<msg timestamp="20231107 21:30:48.238" level="INFO">Clicking element 'xpath = //*[text()="Entrar"]'.</msg>
<status status="PASS" starttime="20231107 21:30:48.236" endtime="20231107 21:30:48.310"/>
</kw>
<status status="PASS" starttime="20231107 21:30:47.968" endtime="20231107 21:30:48.310"/>
</kw>
<kw name="Então apresentará uma mensagem de &quot;Informe usuário e senha!&quot;" library="login_steps" sourcename="Então apresentará uma mensagem de &quot;${message}&quot;">
<kw name="Get Text" library="SeleniumLibrary">
<var>${erro}</var>
<arg>${mensagem}</arg>
<doc>Returns the text value of the element identified by ``locator``.</doc>
<msg timestamp="20231107 21:30:48.360" level="INFO">${erro} = Informe usuário e senha!</msg>
<status status="PASS" starttime="20231107 21:30:48.312" endtime="20231107 21:30:48.360"/>
</kw>
<kw name="Should Be Equal As Strings" library="BuiltIn">
<arg>${erro}</arg>
<arg>${message}</arg>
<doc>Fails if objects are unequal after converting them to strings.</doc>
<status status="PASS" starttime="20231107 21:30:48.360" endtime="20231107 21:30:48.361"/>
</kw>
<kw name="Close Browser" library="SeleniumLibrary">
<doc>Closes the current browser.</doc>
<status status="PASS" starttime="20231107 21:30:48.361" endtime="20231107 21:30:48.441"/>
</kw>
<status status="PASS" starttime="20231107 21:30:48.311" endtime="20231107 21:30:48.441"/>
</kw>
<tag>@EmBranco</tag>
<status status="PASS" starttime="20231107 21:30:44.790" endtime="20231107 21:30:48.442"/>
</test>
<test id="s1-t3" name="Cenário: Login - Informe o usuário!" line="18">
<kw name="Dado que desejo acessar o sistema" library="login_steps">
<kw name="Open Browser" library="SeleniumLibrary">
<arg>${url}</arg>
<arg>${browser}</arg>
<doc>Opens a new browser instance to the optional ``url``.</doc>
<msg timestamp="20231107 21:30:48.446" level="INFO">Opening browser 'chrome' to base url 'https://rlhorochovec.github.io/qa/index.html'.</msg>
<status status="PASS" starttime="20231107 21:30:48.444" endtime="20231107 21:30:51.405"/>
</kw>
<kw name="Maximize Browser Window" library="SeleniumLibrary">
<doc>Maximizes current browser window.</doc>
<status status="PASS" starttime="20231107 21:30:51.406" endtime="20231107 21:30:51.511"/>
</kw>
<kw name="Title Should Be" library="SeleniumLibrary">
<arg>Login</arg>
<doc>Verifies that the current page title equals ``title``.</doc>
<msg timestamp="20231107 21:30:51.518" level="INFO">Page title is 'Login'.</msg>
<status status="PASS" starttime="20231107 21:30:51.511" endtime="20231107 21:30:51.518"/>
</kw>
<status status="PASS" starttime="20231107 21:30:48.443" endtime="20231107 21:30:51.518"/>
</kw>
<kw name="Quando inserir o login &quot;&quot; e a senha &quot;admin&quot; e clicar em Entrar" library="login_steps" sourcename="Quando inserir o login &quot;${login}&quot; e a senha &quot;${password}&quot; e clicar em Entrar">
<kw name="Input Text" library="SeleniumLibrary">
<arg>${usuario}</arg>
<arg>${login}</arg>
<doc>Types the given ``text`` into the text field identified by ``locator``.</doc>
<msg timestamp="20231107 21:30:51.521" level="INFO">Typing text '' into text field 'id = login'.</msg>
<status status="PASS" starttime="20231107 21:30:51.519" endtime="20231107 21:30:51.678"/>
</kw>
<kw name="Input Text" library="SeleniumLibrary">
<arg>${senha}</arg>
<arg>${password}</arg>
<doc>Types the given ``text`` into the text field identified by ``locator``.</doc>
<msg timestamp="20231107 21:30:51.679" level="INFO">Typing text 'admin' into text field 'id = senha'.</msg>
<status status="PASS" starttime="20231107 21:30:51.678" endtime="20231107 21:30:51.804"/>
</kw>
<kw name="Click Element" library="SeleniumLibrary">
<arg>${entrar}</arg>
<doc>Click the element identified by ``locator``.</doc>
<msg timestamp="20231107 21:30:51.805" level="INFO">Clicking element 'xpath = //*[text()="Entrar"]'.</msg>
<status status="PASS" starttime="20231107 21:30:51.804" endtime="20231107 21:30:51.880"/>
</kw>
<status status="PASS" starttime="20231107 21:30:51.519" endtime="20231107 21:30:51.880"/>
</kw>
<kw name="Então apresentará uma mensagem de &quot;Informe o usuário!&quot;" library="login_steps" sourcename="Então apresentará uma mensagem de &quot;${message}&quot;">
<kw name="Get Text" library="SeleniumLibrary">
<var>${erro}</var>
<arg>${mensagem}</arg>
<doc>Returns the text value of the element identified by ``locator``.</doc>
<msg timestamp="20231107 21:30:51.921" level="INFO">${erro} = Informe o usuário!</msg>
<status status="PASS" starttime="20231107 21:30:51.881" endtime="20231107 21:30:51.921"/>
</kw>
<kw name="Should Be Equal As Strings" library="BuiltIn">
<arg>${erro}</arg>
<arg>${message}</arg>
<doc>Fails if objects are unequal after converting them to strings.</doc>
<status status="PASS" starttime="20231107 21:30:51.921" endtime="20231107 21:30:51.921"/>
</kw>
<kw name="Close Browser" library="SeleniumLibrary">
<doc>Closes the current browser.</doc>
<status status="PASS" starttime="20231107 21:30:51.921" endtime="20231107 21:30:52.042"/>
</kw>
<status status="PASS" starttime="20231107 21:30:51.880" endtime="20231107 21:30:52.042"/>
</kw>
<tag>@SemUsuário</tag>
<status status="PASS" starttime="20231107 21:30:48.442" endtime="20231107 21:30:52.043"/>
</test>
<test id="s1-t4" name="Cenário: Login - Informe a senha!" line="24">
<kw name="Dado que desejo acessar o sistema" library="login_steps">
<kw name="Open Browser" library="SeleniumLibrary">
<arg>${url}</arg>
<arg>${browser}</arg>
<doc>Opens a new browser instance to the optional ``url``.</doc>
<msg timestamp="20231107 21:30:52.046" level="INFO">Opening browser 'chrome' to base url 'https://rlhorochovec.github.io/qa/index.html'.</msg>
<status status="PASS" starttime="20231107 21:30:52.045" endtime="20231107 21:30:54.869"/>
</kw>
<kw name="Maximize Browser Window" library="SeleniumLibrary">
<doc>Maximizes current browser window.</doc>
<status status="PASS" starttime="20231107 21:30:54.869" endtime="20231107 21:30:54.975"/>
</kw>
<kw name="Title Should Be" library="SeleniumLibrary">
<arg>Login</arg>
<doc>Verifies that the current page title equals ``title``.</doc>
<msg timestamp="20231107 21:30:54.982" level="INFO">Page title is 'Login'.</msg>
<status status="PASS" starttime="20231107 21:30:54.975" endtime="20231107 21:30:54.983"/>
</kw>
<status status="PASS" starttime="20231107 21:30:52.045" endtime="20231107 21:30:54.983"/>
</kw>
<kw name="Quando inserir o login &quot;user&quot; e a senha &quot;&quot; e clicar em Entrar" library="login_steps" sourcename="Quando inserir o login &quot;${login}&quot; e a senha &quot;${password}&quot; e clicar em Entrar">
<kw name="Input Text" library="SeleniumLibrary">
<arg>${usuario}</arg>
<arg>${login}</arg>
<doc>Types the given ``text`` into the text field identified by ``locator``.</doc>
<msg timestamp="20231107 21:30:54.984" level="INFO">Typing text 'user' into text field 'id = login'.</msg>
<status status="PASS" starttime="20231107 21:30:54.984" endtime="20231107 21:30:55.146"/>
</kw>
<kw name="Input Text" library="SeleniumLibrary">
<arg>${senha}</arg>
<arg>${password}</arg>
<doc>Types the given ``text`` into the text field identified by ``locator``.</doc>
<msg timestamp="20231107 21:30:55.147" level="INFO">Typing text '' into text field 'id = senha'.</msg>
<status status="PASS" starttime="20231107 21:30:55.147" endtime="20231107 21:30:55.260"/>
</kw>
<kw name="Click Element" library="SeleniumLibrary">
<arg>${entrar}</arg>
<doc>Click the element identified by ``locator``.</doc>
<msg timestamp="20231107 21:30:55.262" level="INFO">Clicking element 'xpath = //*[text()="Entrar"]'.</msg>
<status status="PASS" starttime="20231107 21:30:55.261" endtime="20231107 21:30:55.334"/>
</kw>
<status status="PASS" starttime="20231107 21:30:54.983" endtime="20231107 21:30:55.334"/>
</kw>
<kw name="Então apresentará uma mensagem de &quot;Informe a senha!&quot;" library="login_steps" sourcename="Então apresentará uma mensagem de &quot;${message}&quot;">
<kw name="Get Text" library="SeleniumLibrary">
<var>${erro}</var>
<arg>${mensagem}</arg>
<doc>Returns the text value of the element identified by ``locator``.</doc>
<msg timestamp="20231107 21:30:55.378" level="INFO">${erro} = Informe a senha!</msg>
<status status="PASS" starttime="20231107 21:30:55.335" endtime="20231107 21:30:55.378"/>
</kw>
<kw name="Should Be Equal As Strings" library="BuiltIn">
<arg>${erro}</arg>
<arg>${message}</arg>
<doc>Fails if objects are unequal after converting them to strings.</doc>
<status status="PASS" starttime="20231107 21:30:55.378" endtime="20231107 21:30:55.379"/>
</kw>
<kw name="Close Browser" library="SeleniumLibrary">
<doc>Closes the current browser.</doc>
<status status="PASS" starttime="20231107 21:30:55.379" endtime="20231107 21:30:55.494"/>
</kw>
<status status="PASS" starttime="20231107 21:30:55.334" endtime="20231107 21:30:55.494"/>
</kw>
<tag>@SemSenha</tag>
<status status="PASS" starttime="20231107 21:30:52.044" endtime="20231107 21:30:55.495"/>
</test>
<test id="s1-t5" name="Cenário: Login - Admin" line="30">
<kw name="Dado que desejo acessar o sistema" library="login_steps">
<kw name="Open Browser" library="SeleniumLibrary">
<arg>${url}</arg>
<arg>${browser}</arg>
<doc>Opens a new browser instance to the optional ``url``.</doc>
<msg timestamp="20231107 21:30:55.497" level="INFO">Opening browser 'chrome' to base url 'https://rlhorochovec.github.io/qa/index.html'.</msg>
<status status="PASS" starttime="20231107 21:30:55.497" endtime="20231107 21:30:58.237"/>
</kw>
<kw name="Maximize Browser Window" library="SeleniumLibrary">
<doc>Maximizes current browser window.</doc>
<status status="PASS" starttime="20231107 21:30:58.237" endtime="20231107 21:30:58.344"/>
</kw>
<kw name="Title Should Be" library="SeleniumLibrary">
<arg>Login</arg>
<doc>Verifies that the current page title equals ``title``.</doc>
<msg timestamp="20231107 21:30:58.354" level="INFO">Page title is 'Login'.</msg>
<status status="PASS" starttime="20231107 21:30:58.345" endtime="20231107 21:30:58.354"/>
</kw>
<status status="PASS" starttime="20231107 21:30:55.496" endtime="20231107 21:30:58.354"/>
</kw>
<kw name="Quando inserir o login &quot;admin&quot; e a senha &quot;admin&quot; e clicar em Entrar" library="login_steps" sourcename="Quando inserir o login &quot;${login}&quot; e a senha &quot;${password}&quot; e clicar em Entrar">
<kw name="Input Text" library="SeleniumLibrary">
<arg>${usuario}</arg>
<arg>${login}</arg>
<doc>Types the given ``text`` into the text field identified by ``locator``.</doc>
<msg timestamp="20231107 21:30:58.357" level="INFO">Typing text 'admin' into text field 'id = login'.</msg>
<status status="PASS" starttime="20231107 21:30:58.356" endtime="20231107 21:30:58.527"/>
</kw>
<kw name="Input Text" library="SeleniumLibrary">
<arg>${senha}</arg>
<arg>${password}</arg>
<doc>Types the given ``text`` into the text field identified by ``locator``.</doc>
<msg timestamp="20231107 21:30:58.529" level="INFO">Typing text 'admin' into text field 'id = senha'.</msg>
<status status="PASS" starttime="20231107 21:30:58.528" endtime="20231107 21:30:58.652"/>
</kw>
<kw name="Click Element" library="SeleniumLibrary">
<arg>${entrar}</arg>
<doc>Click the element identified by ``locator``.</doc>
<msg timestamp="20231107 21:30:58.653" level="INFO">Clicking element 'xpath = //*[text()="Entrar"]'.</msg>
<status status="PASS" starttime="20231107 21:30:58.652" endtime="20231107 21:30:59.025"/>
</kw>
<status status="PASS" starttime="20231107 21:30:58.355" endtime="20231107 21:30:59.025"/>
</kw>
<kw name="Então apresentará a home do &quot;Administrador&quot;" library="home_steps" sourcename="Então apresentará a home do &quot;${logged}&quot;">
<kw name="Get Text" library="SeleniumLibrary">
<var>${logado}</var>
<arg>${home}</arg>
<doc>Returns the text value of the element identified by ``locator``.</doc>
<msg timestamp="20231107 21:30:59.072" level="INFO">${logado} = Administrador</msg>
<status status="PASS" starttime="20231107 21:30:59.026" endtime="20231107 21:30:59.072"/>
</kw>
<kw name="Should Be Equal As Strings" library="BuiltIn">
<arg>${logado}</arg>
<arg>${logged}</arg>
<doc>Fails if objects are unequal after converting them to strings.</doc>
<status status="PASS" starttime="20231107 21:30:59.073" endtime="20231107 21:30:59.073"/>
</kw>
<kw name="Capture Page Screenshot" library="SeleniumLibrary">
<doc>Takes a screenshot of the current page and embeds it into a log file.</doc>
<msg timestamp="20231107 21:30:59.271" level="INFO" html="true">&lt;/td&gt;&lt;/tr&gt;&lt;tr&gt;&lt;td colspan="3"&gt;&lt;a href="selenium-screenshot-1.png"&gt;&lt;img src="selenium-screenshot-1.png" width="800px"&gt;&lt;/a&gt;</msg>
<status status="PASS" starttime="20231107 21:30:59.073" endtime="20231107 21:30:59.272"/>
</kw>
<kw name="Close Browser" library="SeleniumLibrary">
<doc>Closes the current browser.</doc>
<status status="PASS" starttime="20231107 21:30:59.272" endtime="20231107 21:30:59.341"/>
</kw>
<status status="PASS" starttime="20231107 21:30:59.025" endtime="20231107 21:30:59.341"/>
</kw>
<tag>@Admin</tag>
<status status="PASS" starttime="20231107 21:30:55.496" endtime="20231107 21:30:59.341"/>
</test>
<test id="s1-t6" name="Cenário: Login - User" line="36">
<kw name="Dado que desejo acessar o sistema" library="login_steps">
<kw name="Open Browser" library="SeleniumLibrary">
<arg>${url}</arg>
<arg>${browser}</arg>
<doc>Opens a new browser instance to the optional ``url``.</doc>
<msg timestamp="20231107 21:30:59.344" level="INFO">Opening browser 'chrome' to base url 'https://rlhorochovec.github.io/qa/index.html'.</msg>
<status status="PASS" starttime="20231107 21:30:59.343" endtime="20231107 21:31:02.672"/>
</kw>
<kw name="Maximize Browser Window" library="SeleniumLibrary">
<doc>Maximizes current browser window.</doc>
<status status="PASS" starttime="20231107 21:31:02.672" endtime="20231107 21:31:02.779"/>
</kw>
<kw name="Title Should Be" library="SeleniumLibrary">
<arg>Login</arg>
<doc>Verifies that the current page title equals ``title``.</doc>
<msg timestamp="20231107 21:31:02.786" level="INFO">Page title is 'Login'.</msg>
<status status="PASS" starttime="20231107 21:31:02.779" endtime="20231107 21:31:02.786"/>
</kw>
<status status="PASS" starttime="20231107 21:30:59.343" endtime="20231107 21:31:02.786"/>
</kw>
<kw name="Quando inserir o login &quot;user&quot; e a senha &quot;user&quot; e clicar em Entrar" library="login_steps" sourcename="Quando inserir o login &quot;${login}&quot; e a senha &quot;${password}&quot; e clicar em Entrar">
<kw name="Input Text" library="SeleniumLibrary">
<arg>${usuario}</arg>
<arg>${login}</arg>
<doc>Types the given ``text`` into the text field identified by ``locator``.</doc>
<msg timestamp="20231107 21:31:02.788" level="INFO">Typing text 'user' into text field 'id = login'.</msg>
<status status="PASS" starttime="20231107 21:31:02.787" endtime="20231107 21:31:02.957"/>
</kw>
<kw name="Input Text" library="SeleniumLibrary">
<arg>${senha}</arg>
<arg>${password}</arg>
<doc>Types the given ``text`` into the text field identified by ``locator``.</doc>
<msg timestamp="20231107 21:31:02.959" level="INFO">Typing text 'user' into text field 'id = senha'.</msg>
<status status="PASS" starttime="20231107 21:31:02.957" endtime="20231107 21:31:03.083"/>
</kw>
<kw name="Click Element" library="SeleniumLibrary">
<arg>${entrar}</arg>
<doc>Click the element identified by ``locator``.</doc>
<msg timestamp="20231107 21:31:03.084" level="INFO">Clicking element 'xpath = //*[text()="Entrar"]'.</msg>
<status status="PASS" starttime="20231107 21:31:03.083" endtime="20231107 21:31:03.396"/>
</kw>
<status status="PASS" starttime="20231107 21:31:02.787" endtime="20231107 21:31:03.396"/>
</kw>
<kw name="Então apresentará a home do &quot;Usuário&quot;" library="home_steps" sourcename="Então apresentará a home do &quot;${logged}&quot;">
<kw name="Get Text" library="SeleniumLibrary">
<var>${logado}</var>
<arg>${home}</arg>
<doc>Returns the text value of the element identified by ``locator``.</doc>
<msg timestamp="20231107 21:31:03.436" level="INFO">${logado} = Usuário</msg>
<status status="PASS" starttime="20231107 21:31:03.397" endtime="20231107 21:31:03.436"/>
</kw>
<kw name="Should Be Equal As Strings" library="BuiltIn">
<arg>${logado}</arg>
<arg>${logged}</arg>
<doc>Fails if objects are unequal after converting them to strings.</doc>
<status status="PASS" starttime="20231107 21:31:03.436" endtime="20231107 21:31:03.437"/>
</kw>
<kw name="Capture Page Screenshot" library="SeleniumLibrary">
<doc>Takes a screenshot of the current page and embeds it into a log file.</doc>
<msg timestamp="20231107 21:31:03.679" level="INFO" html="true">&lt;/td&gt;&lt;/tr&gt;&lt;tr&gt;&lt;td colspan="3"&gt;&lt;a href="selenium-screenshot-2.png"&gt;&lt;img src="selenium-screenshot-2.png" width="800px"&gt;&lt;/a&gt;</msg>
<status status="PASS" starttime="20231107 21:31:03.437" endtime="20231107 21:31:03.679"/>
</kw>
<kw name="Close Browser" library="SeleniumLibrary">
<doc>Closes the current browser.</doc>
<status status="PASS" starttime="20231107 21:31:03.679" endtime="20231107 21:31:03.768"/>
</kw>
<status status="PASS" starttime="20231107 21:31:03.397" endtime="20231107 21:31:03.768"/>
</kw>
<tag>@User</tag>
<status status="PASS" starttime="20231107 21:30:59.342" endtime="20231107 21:31:03.768"/>
</test>
<status status="PASS" starttime="20231107 21:30:40.770" endtime="20231107 21:31:03.769"/>
</suite>
<statistics>
<total>
<stat pass="6" fail="0" skip="0">All Tests</stat>
</total>
<tag>
<stat pass="1" fail="0" skip="0">@Admin</stat>
<stat pass="1" fail="0" skip="0">@EmBranco</stat>
<stat pass="1" fail="0" skip="0">@Incorretos</stat>
<stat pass="1" fail="0" skip="0">@SemSenha</stat>
<stat pass="1" fail="0" skip="0">@SemUsuário</stat>
<stat pass="1" fail="0" skip="0">@User</stat>
</tag>
<suite>
<stat pass="6" fail="0" skip="0" id="s1" name="Login Test">Login Test</stat>
</suite>
</statistics>
<errors>
</errors>
</robot>
