<?xml version="1.0" encoding="UTF-8"?>
<robot generator="Robot 6.1.1 (Python 3.10.12 on linux)" generated="20231030 19:14:56.222" rpa="false" schemaversion="4">
<suite id="s1" name="Login Test" source="/home/xovec/code-workspace/robot-web-test/login_test.robot">
<test id="s1-t1" name="Cenário: Login - Usuário e/ou senha incorretos!" line="6">
<kw name="Dado que desejo acessar o sistema" library="login_steps">
<kw name="Open Browser" library="SeleniumLibrary">
<arg>${url}</arg>
<arg>${browser}</arg>
<doc>Opens a new browser instance to the optional ``url``.</doc>
<msg timestamp="20231030 19:14:56.445" level="INFO">Opening browser 'chrome' to base url 'https://rlhorochovec.github.io/qa/index.html'.</msg>
<status status="PASS" starttime="20231030 19:14:56.444" endtime="20231030 19:15:00.177"/>
</kw>
<kw name="Maximize Browser Window" library="SeleniumLibrary">
<doc>Maximizes current browser window.</doc>
<status status="PASS" starttime="20231030 19:15:00.177" endtime="20231030 19:15:00.289"/>
</kw>
<kw name="Title Should Be" library="SeleniumLibrary">
<arg>Login</arg>
<doc>Verifies that the current page title equals ``title``.</doc>
<msg timestamp="20231030 19:15:00.299" level="INFO">Page title is 'Login'.</msg>
<status status="PASS" starttime="20231030 19:15:00.289" endtime="20231030 19:15:00.299"/>
</kw>
<status status="PASS" starttime="20231030 19:14:56.444" endtime="20231030 19:15:00.300"/>
</kw>
<kw name="Quando inserir o login &quot;user&quot; e a senha &quot;admin&quot; e clicar em Entrar" library="login_steps" sourcename="Quando inserir o login &quot;${login}&quot; e a senha &quot;${password}&quot; e clicar em Entrar">
<kw name="Input Text" library="SeleniumLibrary">
<arg>${usuario}</arg>
<arg>${login}</arg>
<doc>Types the given ``text`` into the text field identified by ``locator``.</doc>
<msg timestamp="20231030 19:15:00.305" level="INFO">Typing text 'user' into text field 'id = login'.</msg>
<status status="PASS" starttime="20231030 19:15:00.303" endtime="20231030 19:15:00.560"/>
</kw>
<kw name="Input Text" library="SeleniumLibrary">
<arg>${senha}</arg>
<arg>${password}</arg>
<doc>Types the given ``text`` into the text field identified by ``locator``.</doc>
<msg timestamp="20231030 19:15:00.562" level="INFO">Typing text 'admin' into text field 'id = senha'.</msg>
<status status="PASS" starttime="20231030 19:15:00.560" endtime="20231030 19:15:00.737"/>
</kw>
<kw name="Click Element" library="SeleniumLibrary">
<arg>${entrar}</arg>
<doc>Click the element identified by ``locator``.</doc>
<msg timestamp="20231030 19:15:00.738" level="INFO">Clicking element 'xpath = //*[text()="Entrar"]'.</msg>
<status status="PASS" starttime="20231030 19:15:00.738" endtime="20231030 19:15:00.846"/>
</kw>
<status status="PASS" starttime="20231030 19:15:00.300" endtime="20231030 19:15:00.846"/>
</kw>
<kw name="Então apresentará uma mensagem de &quot;Usuário e/ou senha incorretos!&quot;" library="login_steps" sourcename="Então apresentará uma mensagem de &quot;${message}&quot;">
<kw name="Get Text" library="SeleniumLibrary">
<var>${erro}</var>
<arg>${mensagem}</arg>
<doc>Returns the text value of the element identified by ``locator``.</doc>
<msg timestamp="20231030 19:15:00.907" level="INFO">${erro} = Usuário e/ou senha incorretos!</msg>
<status status="PASS" starttime="20231030 19:15:00.847" endtime="20231030 19:15:00.907"/>
</kw>
<kw name="Should Be Equal As Strings" library="BuiltIn">
<arg>${erro}</arg>
<arg>${message}</arg>
<doc>Fails if objects are unequal after converting them to strings.</doc>
<status status="PASS" starttime="20231030 19:15:00.907" endtime="20231030 19:15:00.908"/>
</kw>
<kw name="Capture Page Screenshot" library="SeleniumLibrary">
<doc>Takes a screenshot of the current page and embeds it into a log file.</doc>
<msg timestamp="20231030 19:15:01.177" level="INFO" html="true">&lt;/td&gt;&lt;/tr&gt;&lt;tr&gt;&lt;td colspan="3"&gt;&lt;a href="selenium-screenshot-24.png"&gt;&lt;img src="selenium-screenshot-24.png" width="800px"&gt;&lt;/a&gt;</msg>
<status status="PASS" starttime="20231030 19:15:00.908" endtime="20231030 19:15:01.177"/>
</kw>
<kw name="Close Browser" library="SeleniumLibrary">
<doc>Closes the current browser.</doc>
<status status="PASS" starttime="20231030 19:15:01.177" endtime="20231030 19:15:01.271"/>
</kw>
<status status="PASS" starttime="20231030 19:15:00.847" endtime="20231030 19:15:01.271"/>
</kw>
<tag>@Teste</tag>
<status status="PASS" starttime="20231030 19:14:56.443" endtime="20231030 19:15:01.272"/>
</test>
<test id="s1-t2" name="Cenário: Login - Informe usuário e senha!" line="12">
<kw name="Dado que desejo acessar o sistema" library="login_steps">
<kw name="Open Browser" library="SeleniumLibrary">
<arg>${url}</arg>
<arg>${browser}</arg>
<doc>Opens a new browser instance to the optional ``url``.</doc>
<msg timestamp="20231030 19:15:01.278" level="INFO">Opening browser 'chrome' to base url 'https://rlhorochovec.github.io/qa/index.html'.</msg>
<status status="PASS" starttime="20231030 19:15:01.276" endtime="20231030 19:15:03.878"/>
</kw>
<kw name="Maximize Browser Window" library="SeleniumLibrary">
<doc>Maximizes current browser window.</doc>
<status status="PASS" starttime="20231030 19:15:03.879" endtime="20231030 19:15:03.994"/>
</kw>
<kw name="Title Should Be" library="SeleniumLibrary">
<arg>Login</arg>
<doc>Verifies that the current page title equals ``title``.</doc>
<msg timestamp="20231030 19:15:04.008" level="INFO">Page title is 'Login'.</msg>
<status status="PASS" starttime="20231030 19:15:03.994" endtime="20231030 19:15:04.008"/>
</kw>
<status status="PASS" starttime="20231030 19:15:01.275" endtime="20231030 19:15:04.008"/>
</kw>
<kw name="Quando inserir o login &quot;&quot; e a senha &quot;&quot; e clicar em Entrar" library="login_steps" sourcename="Quando inserir o login &quot;${login}&quot; e a senha &quot;${password}&quot; e clicar em Entrar">
<kw name="Input Text" library="SeleniumLibrary">
<arg>${usuario}</arg>
<arg>${login}</arg>
<doc>Types the given ``text`` into the text field identified by ``locator``.</doc>
<msg timestamp="20231030 19:15:04.011" level="INFO">Typing text '' into text field 'id = login'.</msg>
<status status="PASS" starttime="20231030 19:15:04.009" endtime="20231030 19:15:04.224"/>
</kw>
<kw name="Input Text" library="SeleniumLibrary">
<arg>${senha}</arg>
<arg>${password}</arg>
<doc>Types the given ``text`` into the text field identified by ``locator``.</doc>
<msg timestamp="20231030 19:15:04.226" level="INFO">Typing text '' into text field 'id = senha'.</msg>
<status status="PASS" starttime="20231030 19:15:04.225" endtime="20231030 19:15:04.390"/>
</kw>
<kw name="Click Element" library="SeleniumLibrary">
<arg>${entrar}</arg>
<doc>Click the element identified by ``locator``.</doc>
<msg timestamp="20231030 19:15:04.391" level="INFO">Clicking element 'xpath = //*[text()="Entrar"]'.</msg>
<status status="PASS" starttime="20231030 19:15:04.390" endtime="20231030 19:15:04.497"/>
</kw>
<status status="PASS" starttime="20231030 19:15:04.009" endtime="20231030 19:15:04.497"/>
</kw>
<kw name="Então apresentará uma mensagem de &quot;Informe usuário e senha!&quot;" library="login_steps" sourcename="Então apresentará uma mensagem de &quot;${message}&quot;">
<kw name="Get Text" library="SeleniumLibrary">
<var>${erro}</var>
<arg>${mensagem}</arg>
<doc>Returns the text value of the element identified by ``locator``.</doc>
<msg timestamp="20231030 19:15:04.555" level="INFO">${erro} = Informe usuário e senha!</msg>
<status status="PASS" starttime="20231030 19:15:04.499" endtime="20231030 19:15:04.555"/>
</kw>
<kw name="Should Be Equal As Strings" library="BuiltIn">
<arg>${erro}</arg>
<arg>${message}</arg>
<doc>Fails if objects are unequal after converting them to strings.</doc>
<status status="PASS" starttime="20231030 19:15:04.555" endtime="20231030 19:15:04.556"/>
</kw>
<kw name="Capture Page Screenshot" library="SeleniumLibrary">
<doc>Takes a screenshot of the current page and embeds it into a log file.</doc>
<msg timestamp="20231030 19:15:04.802" level="INFO" html="true">&lt;/td&gt;&lt;/tr&gt;&lt;tr&gt;&lt;td colspan="3"&gt;&lt;a href="selenium-screenshot-25.png"&gt;&lt;img src="selenium-screenshot-25.png" width="800px"&gt;&lt;/a&gt;</msg>
<status status="PASS" starttime="20231030 19:15:04.556" endtime="20231030 19:15:04.802"/>
</kw>
<kw name="Close Browser" library="SeleniumLibrary">
<doc>Closes the current browser.</doc>
<status status="PASS" starttime="20231030 19:15:04.803" endtime="20231030 19:15:04.924"/>
</kw>
<status status="PASS" starttime="20231030 19:15:04.498" endtime="20231030 19:15:04.924"/>
</kw>
<tag>@Teste</tag>
<status status="PASS" starttime="20231030 19:15:01.273" endtime="20231030 19:15:04.925"/>
</test>
<test id="s1-t3" name="Cenário: Login - Informe o usuário!" line="18">
<kw name="Dado que desejo acessar o sistema" library="login_steps">
<kw name="Open Browser" library="SeleniumLibrary">
<arg>${url}</arg>
<arg>${browser}</arg>
<doc>Opens a new browser instance to the optional ``url``.</doc>
<msg timestamp="20231030 19:15:04.930" level="INFO">Opening browser 'chrome' to base url 'https://rlhorochovec.github.io/qa/index.html'.</msg>
<status status="PASS" starttime="20231030 19:15:04.928" endtime="20231030 19:15:07.717"/>
</kw>
<kw name="Maximize Browser Window" library="SeleniumLibrary">
<doc>Maximizes current browser window.</doc>
<status status="PASS" starttime="20231030 19:15:07.717" endtime="20231030 19:15:07.832"/>
</kw>
<kw name="Title Should Be" library="SeleniumLibrary">
<arg>Login</arg>
<doc>Verifies that the current page title equals ``title``.</doc>
<msg timestamp="20231030 19:15:07.886" level="INFO">Page title is 'Login'.</msg>
<status status="PASS" starttime="20231030 19:15:07.834" endtime="20231030 19:15:07.887"/>
</kw>
<status status="PASS" starttime="20231030 19:15:04.927" endtime="20231030 19:15:07.887"/>
</kw>
<kw name="Quando inserir o login &quot;&quot; e a senha &quot;admin&quot; e clicar em Entrar" library="login_steps" sourcename="Quando inserir o login &quot;${login}&quot; e a senha &quot;${password}&quot; e clicar em Entrar">
<kw name="Input Text" library="SeleniumLibrary">
<arg>${usuario}</arg>
<arg>${login}</arg>
<doc>Types the given ``text`` into the text field identified by ``locator``.</doc>
<msg timestamp="20231030 19:15:07.892" level="INFO">Typing text '' into text field 'id = login'.</msg>
<status status="PASS" starttime="20231030 19:15:07.890" endtime="20231030 19:15:08.120"/>
</kw>
<kw name="Input Text" library="SeleniumLibrary">
<arg>${senha}</arg>
<arg>${password}</arg>
<doc>Types the given ``text`` into the text field identified by ``locator``.</doc>
<msg timestamp="20231030 19:15:08.122" level="INFO">Typing text 'admin' into text field 'id = senha'.</msg>
<status status="PASS" starttime="20231030 19:15:08.121" endtime="20231030 19:15:08.308"/>
</kw>
<kw name="Click Element" library="SeleniumLibrary">
<arg>${entrar}</arg>
<doc>Click the element identified by ``locator``.</doc>
<msg timestamp="20231030 19:15:08.310" level="INFO">Clicking element 'xpath = //*[text()="Entrar"]'.</msg>
<status status="PASS" starttime="20231030 19:15:08.309" endtime="20231030 19:15:08.413"/>
</kw>
<status status="PASS" starttime="20231030 19:15:07.888" endtime="20231030 19:15:08.414"/>
</kw>
<kw name="Então apresentará uma mensagem de &quot;Informe o usuário!&quot;" library="login_steps" sourcename="Então apresentará uma mensagem de &quot;${message}&quot;">
<kw name="Get Text" library="SeleniumLibrary">
<var>${erro}</var>
<arg>${mensagem}</arg>
<doc>Returns the text value of the element identified by ``locator``.</doc>
<msg timestamp="20231030 19:15:08.476" level="INFO">${erro} = Informe o usuário!</msg>
<status status="PASS" starttime="20231030 19:15:08.416" endtime="20231030 19:15:08.476"/>
</kw>
<kw name="Should Be Equal As Strings" library="BuiltIn">
<arg>${erro}</arg>
<arg>${message}</arg>
<doc>Fails if objects are unequal after converting them to strings.</doc>
<status status="PASS" starttime="20231030 19:15:08.477" endtime="20231030 19:15:08.477"/>
</kw>
<kw name="Capture Page Screenshot" library="SeleniumLibrary">
<doc>Takes a screenshot of the current page and embeds it into a log file.</doc>
<msg timestamp="20231030 19:15:08.696" level="INFO" html="true">&lt;/td&gt;&lt;/tr&gt;&lt;tr&gt;&lt;td colspan="3"&gt;&lt;a href="selenium-screenshot-26.png"&gt;&lt;img src="selenium-screenshot-26.png" width="800px"&gt;&lt;/a&gt;</msg>
<status status="PASS" starttime="20231030 19:15:08.478" endtime="20231030 19:15:08.696"/>
</kw>
<kw name="Close Browser" library="SeleniumLibrary">
<doc>Closes the current browser.</doc>
<status status="PASS" starttime="20231030 19:15:08.697" endtime="20231030 19:15:08.780"/>
</kw>
<status status="PASS" starttime="20231030 19:15:08.415" endtime="20231030 19:15:08.780"/>
</kw>
<tag>@Teste</tag>
<status status="PASS" starttime="20231030 19:15:04.926" endtime="20231030 19:15:08.781"/>
</test>
<test id="s1-t4" name="Cenário: Login - Informe a senha!" line="24">
<kw name="Dado que desejo acessar o sistema" library="login_steps">
<kw name="Open Browser" library="SeleniumLibrary">
<arg>${url}</arg>
<arg>${browser}</arg>
<doc>Opens a new browser instance to the optional ``url``.</doc>
<msg timestamp="20231030 19:15:08.789" level="INFO">Opening browser 'chrome' to base url 'https://rlhorochovec.github.io/qa/index.html'.</msg>
<status status="PASS" starttime="20231030 19:15:08.788" endtime="20231030 19:15:11.436"/>
</kw>
<kw name="Maximize Browser Window" library="SeleniumLibrary">
<doc>Maximizes current browser window.</doc>
<status status="PASS" starttime="20231030 19:15:11.436" endtime="20231030 19:15:11.543"/>
</kw>
<kw name="Title Should Be" library="SeleniumLibrary">
<arg>Login</arg>
<doc>Verifies that the current page title equals ``title``.</doc>
<msg timestamp="20231030 19:15:11.564" level="INFO">Page title is 'Login'.</msg>
<status status="PASS" starttime="20231030 19:15:11.543" endtime="20231030 19:15:11.564"/>
</kw>
<status status="PASS" starttime="20231030 19:15:08.786" endtime="20231030 19:15:11.564"/>
</kw>
<kw name="Quando inserir o login &quot;user&quot; e a senha &quot;&quot; e clicar em Entrar" library="login_steps" sourcename="Quando inserir o login &quot;${login}&quot; e a senha &quot;${password}&quot; e clicar em Entrar">
<kw name="Input Text" library="SeleniumLibrary">
<arg>${usuario}</arg>
<arg>${login}</arg>
<doc>Types the given ``text`` into the text field identified by ``locator``.</doc>
<msg timestamp="20231030 19:15:11.572" level="INFO">Typing text 'user' into text field 'id = login'.</msg>
<status status="PASS" starttime="20231030 19:15:11.567" endtime="20231030 19:15:11.828"/>
</kw>
<kw name="Input Text" library="SeleniumLibrary">
<arg>${senha}</arg>
<arg>${password}</arg>
<doc>Types the given ``text`` into the text field identified by ``locator``.</doc>
<msg timestamp="20231030 19:15:11.830" level="INFO">Typing text '' into text field 'id = senha'.</msg>
<status status="PASS" starttime="20231030 19:15:11.829" endtime="20231030 19:15:11.985"/>
</kw>
<kw name="Click Element" library="SeleniumLibrary">
<arg>${entrar}</arg>
<doc>Click the element identified by ``locator``.</doc>
<msg timestamp="20231030 19:15:11.987" level="INFO">Clicking element 'xpath = //*[text()="Entrar"]'.</msg>
<status status="PASS" starttime="20231030 19:15:11.985" endtime="20231030 19:15:12.091"/>
</kw>
<status status="PASS" starttime="20231030 19:15:11.565" endtime="20231030 19:15:12.091"/>
</kw>
<kw name="Então apresentará uma mensagem de &quot;Informe a senha!&quot;" library="login_steps" sourcename="Então apresentará uma mensagem de &quot;${message}&quot;">
<kw name="Get Text" library="SeleniumLibrary">
<var>${erro}</var>
<arg>${mensagem}</arg>
<doc>Returns the text value of the element identified by ``locator``.</doc>
<msg timestamp="20231030 19:15:12.152" level="INFO">${erro} = Informe a senha!</msg>
<status status="PASS" starttime="20231030 19:15:12.092" endtime="20231030 19:15:12.152"/>
</kw>
<kw name="Should Be Equal As Strings" library="BuiltIn">
<arg>${erro}</arg>
<arg>${message}</arg>
<doc>Fails if objects are unequal after converting them to strings.</doc>
<status status="PASS" starttime="20231030 19:15:12.152" endtime="20231030 19:15:12.153"/>
</kw>
<kw name="Capture Page Screenshot" library="SeleniumLibrary">
<doc>Takes a screenshot of the current page and embeds it into a log file.</doc>
<msg timestamp="20231030 19:15:12.408" level="INFO" html="true">&lt;/td&gt;&lt;/tr&gt;&lt;tr&gt;&lt;td colspan="3"&gt;&lt;a href="selenium-screenshot-27.png"&gt;&lt;img src="selenium-screenshot-27.png" width="800px"&gt;&lt;/a&gt;</msg>
<status status="PASS" starttime="20231030 19:15:12.154" endtime="20231030 19:15:12.408"/>
</kw>
<kw name="Close Browser" library="SeleniumLibrary">
<doc>Closes the current browser.</doc>
<status status="PASS" starttime="20231030 19:15:12.408" endtime="20231030 19:15:12.480"/>
</kw>
<status status="PASS" starttime="20231030 19:15:12.091" endtime="20231030 19:15:12.480"/>
</kw>
<tag>@Teste</tag>
<status status="PASS" starttime="20231030 19:15:08.782" endtime="20231030 19:15:12.481"/>
</test>
<test id="s1-t5" name="Cenário: Login - Admin" line="30">
<kw name="Dado que desejo acessar o sistema" library="login_steps">
<kw name="Open Browser" library="SeleniumLibrary">
<arg>${url}</arg>
<arg>${browser}</arg>
<doc>Opens a new browser instance to the optional ``url``.</doc>
<msg timestamp="20231030 19:15:12.486" level="INFO">Opening browser 'chrome' to base url 'https://rlhorochovec.github.io/qa/index.html'.</msg>
<status status="PASS" starttime="20231030 19:15:12.484" endtime="20231030 19:15:15.510"/>
</kw>
<kw name="Maximize Browser Window" library="SeleniumLibrary">
<doc>Maximizes current browser window.</doc>
<status status="PASS" starttime="20231030 19:15:15.510" endtime="20231030 19:15:15.621"/>
</kw>
<kw name="Title Should Be" library="SeleniumLibrary">
<arg>Login</arg>
<doc>Verifies that the current page title equals ``title``.</doc>
<msg timestamp="20231030 19:15:15.638" level="INFO">Page title is 'Login'.</msg>
<status status="PASS" starttime="20231030 19:15:15.621" endtime="20231030 19:15:15.638"/>
</kw>
<status status="PASS" starttime="20231030 19:15:12.483" endtime="20231030 19:15:15.638"/>
</kw>
<kw name="Quando inserir o login &quot;admin&quot; e a senha &quot;admin&quot; e clicar em Entrar" library="login_steps" sourcename="Quando inserir o login &quot;${login}&quot; e a senha &quot;${password}&quot; e clicar em Entrar">
<kw name="Input Text" library="SeleniumLibrary">
<arg>${usuario}</arg>
<arg>${login}</arg>
<doc>Types the given ``text`` into the text field identified by ``locator``.</doc>
<msg timestamp="20231030 19:15:15.642" level="INFO">Typing text 'admin' into text field 'id = login'.</msg>
<status status="PASS" starttime="20231030 19:15:15.640" endtime="20231030 19:15:15.879"/>
</kw>
<kw name="Input Text" library="SeleniumLibrary">
<arg>${senha}</arg>
<arg>${password}</arg>
<doc>Types the given ``text`` into the text field identified by ``locator``.</doc>
<msg timestamp="20231030 19:15:15.880" level="INFO">Typing text 'admin' into text field 'id = senha'.</msg>
<status status="PASS" starttime="20231030 19:15:15.879" endtime="20231030 19:15:16.085"/>
</kw>
<kw name="Click Element" library="SeleniumLibrary">
<arg>${entrar}</arg>
<doc>Click the element identified by ``locator``.</doc>
<msg timestamp="20231030 19:15:16.086" level="INFO">Clicking element 'xpath = //*[text()="Entrar"]'.</msg>
<status status="PASS" starttime="20231030 19:15:16.085" endtime="20231030 19:15:16.356"/>
</kw>
<status status="PASS" starttime="20231030 19:15:15.639" endtime="20231030 19:15:16.356"/>
</kw>
<kw name="Então apresentará a home do &quot;Administrador&quot;" library="home_steps" sourcename="Então apresentará a home do &quot;${logged}&quot;">
<kw name="Get Text" library="SeleniumLibrary">
<var>${logado}</var>
<arg>${home}</arg>
<doc>Returns the text value of the element identified by ``locator``.</doc>
<msg timestamp="20231030 19:15:16.414" level="INFO">${logado} = Administrador</msg>
<status status="PASS" starttime="20231030 19:15:16.357" endtime="20231030 19:15:16.414"/>
</kw>
<kw name="Should Be Equal As Strings" library="BuiltIn">
<arg>${logado}</arg>
<arg>${logged}</arg>
<doc>Fails if objects are unequal after converting them to strings.</doc>
<status status="PASS" starttime="20231030 19:15:16.414" endtime="20231030 19:15:16.415"/>
</kw>
<kw name="Capture Page Screenshot" library="SeleniumLibrary">
<doc>Takes a screenshot of the current page and embeds it into a log file.</doc>
<msg timestamp="20231030 19:15:16.664" level="INFO" html="true">&lt;/td&gt;&lt;/tr&gt;&lt;tr&gt;&lt;td colspan="3"&gt;&lt;a href="selenium-screenshot-28.png"&gt;&lt;img src="selenium-screenshot-28.png" width="800px"&gt;&lt;/a&gt;</msg>
<status status="PASS" starttime="20231030 19:15:16.415" endtime="20231030 19:15:16.665"/>
</kw>
<kw name="Close Browser" library="SeleniumLibrary">
<doc>Closes the current browser.</doc>
<status status="PASS" starttime="20231030 19:15:16.665" endtime="20231030 19:15:16.856"/>
</kw>
<status status="PASS" starttime="20231030 19:15:16.356" endtime="20231030 19:15:16.856"/>
</kw>
<tag>@Teste</tag>
<status status="PASS" starttime="20231030 19:15:12.482" endtime="20231030 19:15:16.857"/>
</test>
<status status="PASS" starttime="20231030 19:14:56.223" endtime="20231030 19:15:16.859"/>
</suite>
<statistics>
<total>
<stat pass="5" fail="0" skip="0">All Tests</stat>
</total>
<tag>
<stat pass="5" fail="0" skip="0">@Teste</stat>
</tag>
<suite>
<stat pass="5" fail="0" skip="0" id="s1" name="Login Test">Login Test</stat>
</suite>
</statistics>
<errors>
</errors>
</robot>
