<?xml version="1.0" encoding="UTF-8"?>
<robot generator="Robot 6.1.1 (Python 3.10.12 on linux)" generated="20231109 23:10:43.927" rpa="false" schemaversion="4">
<suite id="s1" name="Login Test" source="/home/xovec/code-workspace/robot-web-test/test/login_test.robot">
<test id="s1-t1" name="Cenário: Login - Usuário e/ou senha incorretos!" line="6">
<kw name="Dado que desejo acessar o sistema" library="login_steps">
<kw name="Open Browser" library="SeleniumLibrary">
<arg>${url}</arg>
<arg>${browser}</arg>
<doc>Opens a new browser instance to the optional ``url``.</doc>
<msg timestamp="20231109 23:10:48.340" level="INFO">Opening browser 'chrome' to base url 'https://rlhorochovec.github.io/qa/index.html'.</msg>
<status status="PASS" starttime="20231109 23:10:48.339" endtime="20231109 23:11:05.446"/>
</kw>
<kw name="Maximize Browser Window" library="SeleniumLibrary">
<doc>Maximizes current browser window.</doc>
<status status="PASS" starttime="20231109 23:11:05.446" endtime="20231109 23:11:05.559"/>
</kw>
<kw name="Title Should Be" library="SeleniumLibrary">
<arg>Login</arg>
<doc>Verifies that the current page title equals ``title``.</doc>
<msg timestamp="20231109 23:11:05.580" level="INFO">Page title is 'Login'.</msg>
<status status="PASS" starttime="20231109 23:11:05.560" endtime="20231109 23:11:05.580"/>
</kw>
<status status="PASS" starttime="20231109 23:10:48.339" endtime="20231109 23:11:05.581"/>
</kw>
<kw name="Quando inserir o login &quot;user&quot; e a senha &quot;admin&quot; e clicar em Entrar" library="login_steps" sourcename="Quando inserir o login &quot;${login}&quot; e a senha &quot;${password}&quot; e clicar em Entrar">
<kw name="Input Text" library="SeleniumLibrary">
<arg>${usuario}</arg>
<arg>${login}</arg>
<doc>Types the given ``text`` into the text field identified by ``locator``.</doc>
<msg timestamp="20231109 23:11:05.585" level="INFO">Typing text 'user' into text field 'id = login'.</msg>
<status status="PASS" starttime="20231109 23:11:05.583" endtime="20231109 23:11:05.826"/>
</kw>
<kw name="Input Text" library="SeleniumLibrary">
<arg>${senha}</arg>
<arg>${password}</arg>
<doc>Types the given ``text`` into the text field identified by ``locator``.</doc>
<msg timestamp="20231109 23:11:05.827" level="INFO">Typing text 'admin' into text field 'id = senha'.</msg>
<status status="PASS" starttime="20231109 23:11:05.826" endtime="20231109 23:11:06.001"/>
</kw>
<kw name="Click Element" library="SeleniumLibrary">
<arg>${entrar}</arg>
<doc>Click the element identified by ``locator``.</doc>
<msg timestamp="20231109 23:11:06.002" level="INFO">Clicking element 'xpath = //*[text()="Entrar"]'.</msg>
<status status="PASS" starttime="20231109 23:11:06.001" endtime="20231109 23:11:06.111"/>
</kw>
<status status="PASS" starttime="20231109 23:11:05.581" endtime="20231109 23:11:06.111"/>
</kw>
<kw name="Então apresentará uma mensagem de &quot;Usuário e/ou senha incorretos!&quot;" library="login_steps" sourcename="Então apresentará uma mensagem de &quot;${message}&quot;">
<kw name="Get Text" library="SeleniumLibrary">
<var>${erro}</var>
<arg>${mensagem}</arg>
<doc>Returns the text value of the element identified by ``locator``.</doc>
<msg timestamp="20231109 23:11:06.162" level="INFO">${erro} = Usuário e/ou senha incorretos!</msg>
<status status="PASS" starttime="20231109 23:11:06.112" endtime="20231109 23:11:06.162"/>
</kw>
<kw name="Should Be Equal As Strings" library="BuiltIn">
<arg>${erro}</arg>
<arg>${message}</arg>
<doc>Fails if objects are unequal after converting them to strings.</doc>
<status status="PASS" starttime="20231109 23:11:06.163" endtime="20231109 23:11:06.163"/>
</kw>
<kw name="Close Browser" library="SeleniumLibrary">
<doc>Closes the current browser.</doc>
<status status="PASS" starttime="20231109 23:11:06.163" endtime="20231109 23:11:06.545"/>
</kw>
<status status="PASS" starttime="20231109 23:11:06.112" endtime="20231109 23:11:06.545"/>
</kw>
<tag>@Incorretos</tag>
<status status="PASS" starttime="20231109 23:10:48.338" endtime="20231109 23:11:06.546"/>
</test>
<test id="s1-t2" name="Cenário: Login - Informe usuário e senha!" line="12">
<kw name="Dado que desejo acessar o sistema" library="login_steps">
<kw name="Open Browser" library="SeleniumLibrary">
<arg>${url}</arg>
<arg>${browser}</arg>
<doc>Opens a new browser instance to the optional ``url``.</doc>
<msg timestamp="20231109 23:11:06.552" level="INFO">Opening browser 'chrome' to base url 'https://rlhorochovec.github.io/qa/index.html'.</msg>
<status status="PASS" starttime="20231109 23:11:06.550" endtime="20231109 23:11:12.301"/>
</kw>
<kw name="Maximize Browser Window" library="SeleniumLibrary">
<doc>Maximizes current browser window.</doc>
<status status="PASS" starttime="20231109 23:11:12.301" endtime="20231109 23:11:12.425"/>
</kw>
<kw name="Title Should Be" library="SeleniumLibrary">
<arg>Login</arg>
<doc>Verifies that the current page title equals ``title``.</doc>
<msg timestamp="20231109 23:11:12.458" level="INFO">Page title is 'Login'.</msg>
<status status="PASS" starttime="20231109 23:11:12.426" endtime="20231109 23:11:12.458"/>
</kw>
<status status="PASS" starttime="20231109 23:11:06.549" endtime="20231109 23:11:12.459"/>
</kw>
<kw name="Quando inserir o login &quot;&quot; e a senha &quot;&quot; e clicar em Entrar" library="login_steps" sourcename="Quando inserir o login &quot;${login}&quot; e a senha &quot;${password}&quot; e clicar em Entrar">
<kw name="Input Text" library="SeleniumLibrary">
<arg>${usuario}</arg>
<arg>${login}</arg>
<doc>Types the given ``text`` into the text field identified by ``locator``.</doc>
<msg timestamp="20231109 23:11:12.466" level="INFO">Typing text '' into text field 'id = login'.</msg>
<status status="PASS" starttime="20231109 23:11:12.465" endtime="20231109 23:11:12.695"/>
</kw>
<kw name="Input Text" library="SeleniumLibrary">
<arg>${senha}</arg>
<arg>${password}</arg>
<doc>Types the given ``text`` into the text field identified by ``locator``.</doc>
<msg timestamp="20231109 23:11:12.697" level="INFO">Typing text '' into text field 'id = senha'.</msg>
<status status="PASS" starttime="20231109 23:11:12.696" endtime="20231109 23:11:12.881"/>
</kw>
<kw name="Click Element" library="SeleniumLibrary">
<arg>${entrar}</arg>
<doc>Click the element identified by ``locator``.</doc>
<msg timestamp="20231109 23:11:12.883" level="INFO">Clicking element 'xpath = //*[text()="Entrar"]'.</msg>
<status status="PASS" starttime="20231109 23:11:12.882" endtime="20231109 23:11:13.002"/>
</kw>
<status status="PASS" starttime="20231109 23:11:12.464" endtime="20231109 23:11:13.002"/>
</kw>
<kw name="Então apresentará uma mensagem de &quot;Informe usuário e senha!&quot;" library="login_steps" sourcename="Então apresentará uma mensagem de &quot;${message}&quot;">
<kw name="Get Text" library="SeleniumLibrary">
<var>${erro}</var>
<arg>${mensagem}</arg>
<doc>Returns the text value of the element identified by ``locator``.</doc>
<msg timestamp="20231109 23:11:13.077" level="INFO">${erro} = Informe usuário e senha!</msg>
<status status="PASS" starttime="20231109 23:11:13.003" endtime="20231109 23:11:13.077"/>
</kw>
<kw name="Should Be Equal As Strings" library="BuiltIn">
<arg>${erro}</arg>
<arg>${message}</arg>
<doc>Fails if objects are unequal after converting them to strings.</doc>
<status status="PASS" starttime="20231109 23:11:13.078" endtime="20231109 23:11:13.078"/>
</kw>
<kw name="Close Browser" library="SeleniumLibrary">
<doc>Closes the current browser.</doc>
<status status="PASS" starttime="20231109 23:11:13.079" endtime="20231109 23:11:13.207"/>
</kw>
<status status="PASS" starttime="20231109 23:11:13.003" endtime="20231109 23:11:13.207"/>
</kw>
<tag>@EmBranco</tag>
<status status="PASS" starttime="20231109 23:11:06.548" endtime="20231109 23:11:13.208"/>
</test>
<test id="s1-t3" name="Cenário: Login - Informe o usuário!" line="18">
<kw name="Dado que desejo acessar o sistema" library="login_steps">
<kw name="Open Browser" library="SeleniumLibrary">
<arg>${url}</arg>
<arg>${browser}</arg>
<doc>Opens a new browser instance to the optional ``url``.</doc>
<msg timestamp="20231109 23:11:13.213" level="INFO">Opening browser 'chrome' to base url 'https://rlhorochovec.github.io/qa/index.html'.</msg>
<status status="PASS" starttime="20231109 23:11:13.211" endtime="20231109 23:11:17.768"/>
</kw>
<kw name="Maximize Browser Window" library="SeleniumLibrary">
<doc>Maximizes current browser window.</doc>
<status status="PASS" starttime="20231109 23:11:17.769" endtime="20231109 23:11:17.876"/>
</kw>
<kw name="Title Should Be" library="SeleniumLibrary">
<arg>Login</arg>
<doc>Verifies that the current page title equals ``title``.</doc>
<msg timestamp="20231109 23:11:17.893" level="INFO">Page title is 'Login'.</msg>
<status status="PASS" starttime="20231109 23:11:17.877" endtime="20231109 23:11:17.893"/>
</kw>
<status status="PASS" starttime="20231109 23:11:13.210" endtime="20231109 23:11:17.894"/>
</kw>
<kw name="Quando inserir o login &quot;&quot; e a senha &quot;admin&quot; e clicar em Entrar" library="login_steps" sourcename="Quando inserir o login &quot;${login}&quot; e a senha &quot;${password}&quot; e clicar em Entrar">
<kw name="Input Text" library="SeleniumLibrary">
<arg>${usuario}</arg>
<arg>${login}</arg>
<doc>Types the given ``text`` into the text field identified by ``locator``.</doc>
<msg timestamp="20231109 23:11:17.897" level="INFO">Typing text '' into text field 'id = login'.</msg>
<status status="PASS" starttime="20231109 23:11:17.895" endtime="20231109 23:11:18.085"/>
</kw>
<kw name="Input Text" library="SeleniumLibrary">
<arg>${senha}</arg>
<arg>${password}</arg>
<doc>Types the given ``text`` into the text field identified by ``locator``.</doc>
<msg timestamp="20231109 23:11:18.087" level="INFO">Typing text 'admin' into text field 'id = senha'.</msg>
<status status="PASS" starttime="20231109 23:11:18.086" endtime="20231109 23:11:18.261"/>
</kw>
<kw name="Click Element" library="SeleniumLibrary">
<arg>${entrar}</arg>
<doc>Click the element identified by ``locator``.</doc>
<msg timestamp="20231109 23:11:18.263" level="INFO">Clicking element 'xpath = //*[text()="Entrar"]'.</msg>
<status status="PASS" starttime="20231109 23:11:18.261" endtime="20231109 23:11:18.361"/>
</kw>
<status status="PASS" starttime="20231109 23:11:17.894" endtime="20231109 23:11:18.361"/>
</kw>
<kw name="Então apresentará uma mensagem de &quot;Informe o usuário!&quot;" library="login_steps" sourcename="Então apresentará uma mensagem de &quot;${message}&quot;">
<kw name="Get Text" library="SeleniumLibrary">
<var>${erro}</var>
<arg>${mensagem}</arg>
<doc>Returns the text value of the element identified by ``locator``.</doc>
<msg timestamp="20231109 23:11:18.413" level="INFO">${erro} = Informe o usuário!</msg>
<status status="PASS" starttime="20231109 23:11:18.362" endtime="20231109 23:11:18.413"/>
</kw>
<kw name="Should Be Equal As Strings" library="BuiltIn">
<arg>${erro}</arg>
<arg>${message}</arg>
<doc>Fails if objects are unequal after converting them to strings.</doc>
<status status="PASS" starttime="20231109 23:11:18.413" endtime="20231109 23:11:18.414"/>
</kw>
<kw name="Close Browser" library="SeleniumLibrary">
<doc>Closes the current browser.</doc>
<status status="PASS" starttime="20231109 23:11:18.414" endtime="20231109 23:11:18.633"/>
</kw>
<status status="PASS" starttime="20231109 23:11:18.361" endtime="20231109 23:11:18.634"/>
</kw>
<tag>@SemUsuário</tag>
<status status="PASS" starttime="20231109 23:11:13.209" endtime="20231109 23:11:18.634"/>
</test>
<test id="s1-t4" name="Cenário: Login - Informe a senha!" line="24">
<kw name="Dado que desejo acessar o sistema" library="login_steps">
<kw name="Open Browser" library="SeleniumLibrary">
<arg>${url}</arg>
<arg>${browser}</arg>
<doc>Opens a new browser instance to the optional ``url``.</doc>
<msg timestamp="20231109 23:11:18.639" level="INFO">Opening browser 'chrome' to base url 'https://rlhorochovec.github.io/qa/index.html'.</msg>
<status status="PASS" starttime="20231109 23:11:18.637" endtime="20231109 23:11:24.040"/>
</kw>
<kw name="Maximize Browser Window" library="SeleniumLibrary">
<doc>Maximizes current browser window.</doc>
<status status="PASS" starttime="20231109 23:11:24.040" endtime="20231109 23:11:24.151"/>
</kw>
<kw name="Title Should Be" library="SeleniumLibrary">
<arg>Login</arg>
<doc>Verifies that the current page title equals ``title``.</doc>
<msg timestamp="20231109 23:11:24.170" level="INFO">Page title is 'Login'.</msg>
<status status="PASS" starttime="20231109 23:11:24.152" endtime="20231109 23:11:24.170"/>
</kw>
<status status="PASS" starttime="20231109 23:11:18.636" endtime="20231109 23:11:24.172"/>
</kw>
<kw name="Quando inserir o login &quot;user&quot; e a senha &quot;&quot; e clicar em Entrar" library="login_steps" sourcename="Quando inserir o login &quot;${login}&quot; e a senha &quot;${password}&quot; e clicar em Entrar">
<kw name="Input Text" library="SeleniumLibrary">
<arg>${usuario}</arg>
<arg>${login}</arg>
<doc>Types the given ``text`` into the text field identified by ``locator``.</doc>
<msg timestamp="20231109 23:11:24.177" level="INFO">Typing text 'user' into text field 'id = login'.</msg>
<status status="PASS" starttime="20231109 23:11:24.176" endtime="20231109 23:11:24.436"/>
</kw>
<kw name="Input Text" library="SeleniumLibrary">
<arg>${senha}</arg>
<arg>${password}</arg>
<doc>Types the given ``text`` into the text field identified by ``locator``.</doc>
<msg timestamp="20231109 23:11:24.438" level="INFO">Typing text '' into text field 'id = senha'.</msg>
<status status="PASS" starttime="20231109 23:11:24.437" endtime="20231109 23:11:24.594"/>
</kw>
<kw name="Click Element" library="SeleniumLibrary">
<arg>${entrar}</arg>
<doc>Click the element identified by ``locator``.</doc>
<msg timestamp="20231109 23:11:24.596" level="INFO">Clicking element 'xpath = //*[text()="Entrar"]'.</msg>
<status status="PASS" starttime="20231109 23:11:24.595" endtime="20231109 23:11:24.690"/>
</kw>
<status status="PASS" starttime="20231109 23:11:24.173" endtime="20231109 23:11:24.691"/>
</kw>
<kw name="Então apresentará uma mensagem de &quot;Informe a senha!&quot;" library="login_steps" sourcename="Então apresentará uma mensagem de &quot;${message}&quot;">
<kw name="Get Text" library="SeleniumLibrary">
<var>${erro}</var>
<arg>${mensagem}</arg>
<doc>Returns the text value of the element identified by ``locator``.</doc>
<msg timestamp="20231109 23:11:24.758" level="INFO">${erro} = Informe a senha!</msg>
<status status="PASS" starttime="20231109 23:11:24.692" endtime="20231109 23:11:24.759"/>
</kw>
<kw name="Should Be Equal As Strings" library="BuiltIn">
<arg>${erro}</arg>
<arg>${message}</arg>
<doc>Fails if objects are unequal after converting them to strings.</doc>
<status status="PASS" starttime="20231109 23:11:24.759" endtime="20231109 23:11:24.760"/>
</kw>
<kw name="Close Browser" library="SeleniumLibrary">
<doc>Closes the current browser.</doc>
<status status="PASS" starttime="20231109 23:11:24.760" endtime="20231109 23:11:25.099"/>
</kw>
<status status="PASS" starttime="20231109 23:11:24.691" endtime="20231109 23:11:25.099"/>
</kw>
<tag>@SemSenha</tag>
<status status="PASS" starttime="20231109 23:11:18.635" endtime="20231109 23:11:25.100"/>
</test>
<test id="s1-t5" name="Cenário: Login - Admin" line="30">
<kw name="Dado que desejo acessar o sistema" library="login_steps">
<kw name="Open Browser" library="SeleniumLibrary">
<arg>${url}</arg>
<arg>${browser}</arg>
<doc>Opens a new browser instance to the optional ``url``.</doc>
<msg timestamp="20231109 23:11:25.115" level="INFO">Opening browser 'chrome' to base url 'https://rlhorochovec.github.io/qa/index.html'.</msg>
<status status="PASS" starttime="20231109 23:11:25.109" endtime="20231109 23:11:30.205"/>
</kw>
<kw name="Maximize Browser Window" library="SeleniumLibrary">
<doc>Maximizes current browser window.</doc>
<status status="PASS" starttime="20231109 23:11:30.205" endtime="20231109 23:11:30.317"/>
</kw>
<kw name="Title Should Be" library="SeleniumLibrary">
<arg>Login</arg>
<doc>Verifies that the current page title equals ``title``.</doc>
<msg timestamp="20231109 23:11:30.338" level="INFO">Page title is 'Login'.</msg>
<status status="PASS" starttime="20231109 23:11:30.317" endtime="20231109 23:11:30.338"/>
</kw>
<status status="PASS" starttime="20231109 23:11:25.108" endtime="20231109 23:11:30.338"/>
</kw>
<kw name="Quando inserir o login &quot;admin&quot; e a senha &quot;admin&quot; e clicar em Entrar" library="login_steps" sourcename="Quando inserir o login &quot;${login}&quot; e a senha &quot;${password}&quot; e clicar em Entrar">
<kw name="Input Text" library="SeleniumLibrary">
<arg>${usuario}</arg>
<arg>${login}</arg>
<doc>Types the given ``text`` into the text field identified by ``locator``.</doc>
<msg timestamp="20231109 23:11:30.340" level="INFO">Typing text 'admin' into text field 'id = login'.</msg>
<status status="PASS" starttime="20231109 23:11:30.339" endtime="20231109 23:11:30.553"/>
</kw>
<kw name="Input Text" library="SeleniumLibrary">
<arg>${senha}</arg>
<arg>${password}</arg>
<doc>Types the given ``text`` into the text field identified by ``locator``.</doc>
<msg timestamp="20231109 23:11:30.554" level="INFO">Typing text 'admin' into text field 'id = senha'.</msg>
<status status="PASS" starttime="20231109 23:11:30.553" endtime="20231109 23:11:30.726"/>
</kw>
<kw name="Click Element" library="SeleniumLibrary">
<arg>${entrar}</arg>
<doc>Click the element identified by ``locator``.</doc>
<msg timestamp="20231109 23:11:30.727" level="INFO">Clicking element 'xpath = //*[text()="Entrar"]'.</msg>
<status status="PASS" starttime="20231109 23:11:30.726" endtime="20231109 23:11:31.076"/>
</kw>
<status status="PASS" starttime="20231109 23:11:30.338" endtime="20231109 23:11:31.077"/>
</kw>
<kw name="Então apresentará a home do &quot;Administrador&quot;" library="home_steps" sourcename="Então apresentará a home do &quot;${logged}&quot;">
<kw name="Get Text" library="SeleniumLibrary">
<var>${logado}</var>
<arg>${home}</arg>
<doc>Returns the text value of the element identified by ``locator``.</doc>
<msg timestamp="20231109 23:11:31.126" level="INFO">${logado} = Administrador</msg>
<status status="PASS" starttime="20231109 23:11:31.078" endtime="20231109 23:11:31.127"/>
</kw>
<kw name="Should Be Equal As Strings" library="BuiltIn">
<arg>${logado}</arg>
<arg>${logged}</arg>
<doc>Fails if objects are unequal after converting them to strings.</doc>
<status status="PASS" starttime="20231109 23:11:31.127" endtime="20231109 23:11:31.127"/>
</kw>
<kw name="Capture Page Screenshot" library="SeleniumLibrary">
<doc>Takes a screenshot of the current page and embeds it into a log file.</doc>
<msg timestamp="20231109 23:11:31.369" level="INFO" html="true">&lt;/td&gt;&lt;/tr&gt;&lt;tr&gt;&lt;td colspan="3"&gt;&lt;a href="selenium-screenshot-1.png"&gt;&lt;img src="selenium-screenshot-1.png" width="800px"&gt;&lt;/a&gt;</msg>
<status status="PASS" starttime="20231109 23:11:31.127" endtime="20231109 23:11:31.370"/>
</kw>
<kw name="Close Browser" library="SeleniumLibrary">
<doc>Closes the current browser.</doc>
<status status="PASS" starttime="20231109 23:11:31.370" endtime="20231109 23:11:31.553"/>
</kw>
<status status="PASS" starttime="20231109 23:11:31.077" endtime="20231109 23:11:31.554"/>
</kw>
<tag>@Admin</tag>
<status status="PASS" starttime="20231109 23:11:25.104" endtime="20231109 23:11:31.554"/>
</test>
<test id="s1-t6" name="Cenário: Login - User" line="36">
<kw name="Dado que desejo acessar o sistema" library="login_steps">
<kw name="Open Browser" library="SeleniumLibrary">
<arg>${url}</arg>
<arg>${browser}</arg>
<doc>Opens a new browser instance to the optional ``url``.</doc>
<msg timestamp="20231109 23:11:31.560" level="INFO">Opening browser 'chrome' to base url 'https://rlhorochovec.github.io/qa/index.html'.</msg>
<status status="PASS" starttime="20231109 23:11:31.558" endtime="20231109 23:11:37.156"/>
</kw>
<kw name="Maximize Browser Window" library="SeleniumLibrary">
<doc>Maximizes current browser window.</doc>
<status status="PASS" starttime="20231109 23:11:37.156" endtime="20231109 23:11:37.261"/>
</kw>
<kw name="Title Should Be" library="SeleniumLibrary">
<arg>Login</arg>
<doc>Verifies that the current page title equals ``title``.</doc>
<msg timestamp="20231109 23:11:37.280" level="INFO">Page title is 'Login'.</msg>
<status status="PASS" starttime="20231109 23:11:37.262" endtime="20231109 23:11:37.280"/>
</kw>
<status status="PASS" starttime="20231109 23:11:31.556" endtime="20231109 23:11:37.280"/>
</kw>
<kw name="Quando inserir o login &quot;user&quot; e a senha &quot;user&quot; e clicar em Entrar" library="login_steps" sourcename="Quando inserir o login &quot;${login}&quot; e a senha &quot;${password}&quot; e clicar em Entrar">
<kw name="Input Text" library="SeleniumLibrary">
<arg>${usuario}</arg>
<arg>${login}</arg>
<doc>Types the given ``text`` into the text field identified by ``locator``.</doc>
<msg timestamp="20231109 23:11:37.284" level="INFO">Typing text 'user' into text field 'id = login'.</msg>
<status status="PASS" starttime="20231109 23:11:37.282" endtime="20231109 23:11:37.516"/>
</kw>
<kw name="Input Text" library="SeleniumLibrary">
<arg>${senha}</arg>
<arg>${password}</arg>
<doc>Types the given ``text`` into the text field identified by ``locator``.</doc>
<msg timestamp="20231109 23:11:37.518" level="INFO">Typing text 'user' into text field 'id = senha'.</msg>
<status status="PASS" starttime="20231109 23:11:37.516" endtime="20231109 23:11:37.691"/>
</kw>
<kw name="Click Element" library="SeleniumLibrary">
<arg>${entrar}</arg>
<doc>Click the element identified by ``locator``.</doc>
<msg timestamp="20231109 23:11:37.693" level="INFO">Clicking element 'xpath = //*[text()="Entrar"]'.</msg>
<status status="PASS" starttime="20231109 23:11:37.691" endtime="20231109 23:11:38.070"/>
</kw>
<status status="PASS" starttime="20231109 23:11:37.281" endtime="20231109 23:11:38.070"/>
</kw>
<kw name="Então apresentará a home do &quot;Usuário&quot;" library="home_steps" sourcename="Então apresentará a home do &quot;${logged}&quot;">
<kw name="Get Text" library="SeleniumLibrary">
<var>${logado}</var>
<arg>${home}</arg>
<doc>Returns the text value of the element identified by ``locator``.</doc>
<msg timestamp="20231109 23:11:38.119" level="INFO">${logado} = Usuário</msg>
<status status="PASS" starttime="20231109 23:11:38.071" endtime="20231109 23:11:38.119"/>
</kw>
<kw name="Should Be Equal As Strings" library="BuiltIn">
<arg>${logado}</arg>
<arg>${logged}</arg>
<doc>Fails if objects are unequal after converting them to strings.</doc>
<status status="PASS" starttime="20231109 23:11:38.119" endtime="20231109 23:11:38.120"/>
</kw>
<kw name="Capture Page Screenshot" library="SeleniumLibrary">
<doc>Takes a screenshot of the current page and embeds it into a log file.</doc>
<msg timestamp="20231109 23:11:38.315" level="INFO" html="true">&lt;/td&gt;&lt;/tr&gt;&lt;tr&gt;&lt;td colspan="3"&gt;&lt;a href="selenium-screenshot-2.png"&gt;&lt;img src="selenium-screenshot-2.png" width="800px"&gt;&lt;/a&gt;</msg>
<status status="PASS" starttime="20231109 23:11:38.120" endtime="20231109 23:11:38.315"/>
</kw>
<kw name="Close Browser" library="SeleniumLibrary">
<doc>Closes the current browser.</doc>
<status status="PASS" starttime="20231109 23:11:38.316" endtime="20231109 23:11:38.620"/>
</kw>
<status status="PASS" starttime="20231109 23:11:38.070" endtime="20231109 23:11:38.620"/>
</kw>
<tag>@User</tag>
<status status="PASS" starttime="20231109 23:11:31.555" endtime="20231109 23:11:38.621"/>
</test>
<status status="PASS" starttime="20231109 23:10:43.928" endtime="20231109 23:11:38.623"/>
</suite>
<statistics>
<total>
<stat pass="6" fail="0" skip="0">All Tests</stat>
</total>
<tag>
<stat pass="1" fail="0" skip="0">@Admin</stat>
<stat pass="1" fail="0" skip="0">@EmBranco</stat>
<stat pass="1" fail="0" skip="0">@Incorretos</stat>
<stat pass="1" fail="0" skip="0">@SemSenha</stat>
<stat pass="1" fail="0" skip="0">@SemUsuário</stat>
<stat pass="1" fail="0" skip="0">@User</stat>
</tag>
<suite>
<stat pass="6" fail="0" skip="0" id="s1" name="Login Test">Login Test</stat>
</suite>
</statistics>
<errors>
</errors>
</robot>
