<?xml version="1.0" encoding="UTF-8"?>
<robot generator="Robot 6.1.1 (Python 3.10.12 on linux)" generated="20231208 10:03:08.257" rpa="false" schemaversion="4">
<suite id="s1" name="Login Test" source="/home/xovec/code-workspace/robot-web-test/test/login_test.robot">
<test id="s1-t1" name="Cenário: Login - Usuário e/ou senha incorretos!" line="6">
<kw name="Dado que desejo acessar o sistema" library="login_steps">
<kw name="Open Browser" library="SeleniumLibrary">
<arg>${url}</arg>
<arg>${browser}</arg>
<doc>Opens a new browser instance to the optional ``url``.</doc>
<msg timestamp="20231208 10:03:08.479" level="INFO">Opening browser 'chrome' to base url 'https://rlhorochovec.github.io/qa/index.html'.</msg>
<status status="PASS" starttime="20231208 10:03:08.478" endtime="20231208 10:03:13.663"/>
</kw>
<kw name="Maximize Browser Window" library="SeleniumLibrary">
<doc>Maximizes current browser window.</doc>
<status status="PASS" starttime="20231208 10:03:13.663" endtime="20231208 10:03:13.768"/>
</kw>
<kw name="Title Should Be" library="SeleniumLibrary">
<arg>Login</arg>
<doc>Verifies that the current page title equals ``title``.</doc>
<msg timestamp="20231208 10:03:13.778" level="INFO">Page title is 'Login'.</msg>
<status status="PASS" starttime="20231208 10:03:13.768" endtime="20231208 10:03:13.779"/>
</kw>
<status status="PASS" starttime="20231208 10:03:08.478" endtime="20231208 10:03:13.779"/>
</kw>
<kw name="Quando inserir o login &quot;user&quot; e a senha &quot;admin&quot; e clicar em Entrar" library="login_steps" sourcename="Quando inserir o login &quot;${login}&quot; e a senha &quot;${password}&quot; e clicar em Entrar">
<kw name="Input Text" library="SeleniumLibrary">
<arg>${usuario}</arg>
<arg>${login}</arg>
<doc>Types the given ``text`` into the text field identified by ``locator``.</doc>
<msg timestamp="20231208 10:03:13.781" level="INFO">Typing text 'user' into text field 'id = login'.</msg>
<status status="PASS" starttime="20231208 10:03:13.780" endtime="20231208 10:03:14.282"/>
</kw>
<kw name="Input Text" library="SeleniumLibrary">
<arg>${senha}</arg>
<arg>${password}</arg>
<doc>Types the given ``text`` into the text field identified by ``locator``.</doc>
<msg timestamp="20231208 10:03:14.284" level="INFO">Typing text 'admin' into text field 'id = senha'.</msg>
<status status="PASS" starttime="20231208 10:03:14.282" endtime="20231208 10:03:14.474"/>
</kw>
<kw name="Click Element" library="SeleniumLibrary">
<arg>${entrar}</arg>
<doc>Click the element identified by ``locator``.</doc>
<msg timestamp="20231208 10:03:14.476" level="INFO">Clicking element 'xpath = //*[text()="Entrar"]'.</msg>
<status status="PASS" starttime="20231208 10:03:14.475" endtime="20231208 10:03:14.616"/>
</kw>
<status status="PASS" starttime="20231208 10:03:13.779" endtime="20231208 10:03:14.616"/>
</kw>
<kw name="Então apresentará uma mensagem de &quot;Usuário e/ou senha incorretos!&quot;" library="login_steps" sourcename="Então apresentará uma mensagem de &quot;${message}&quot;">
<kw name="Get Text" library="SeleniumLibrary">
<var>${erro}</var>
<arg>${mensagem}</arg>
<doc>Returns the text value of the element identified by ``locator``.</doc>
<msg timestamp="20231208 10:03:14.697" level="INFO">${erro} = Usuário e/ou senha incorretos!</msg>
<status status="PASS" starttime="20231208 10:03:14.618" endtime="20231208 10:03:14.697"/>
</kw>
<kw name="Should Be Equal As Strings" library="BuiltIn">
<arg>${erro}</arg>
<arg>${message}</arg>
<doc>Fails if objects are unequal after converting them to strings.</doc>
<status status="PASS" starttime="20231208 10:03:14.697" endtime="20231208 10:03:14.698"/>
</kw>
<kw name="Close Browser" library="SeleniumLibrary">
<doc>Closes the current browser.</doc>
<status status="PASS" starttime="20231208 10:03:14.698" endtime="20231208 10:03:15.021"/>
</kw>
<status status="PASS" starttime="20231208 10:03:14.617" endtime="20231208 10:03:15.021"/>
</kw>
<tag>@Incorretos</tag>
<status status="PASS" starttime="20231208 10:03:08.477" endtime="20231208 10:03:15.022"/>
</test>
<test id="s1-t2" name="Cenário: Login - Informe usuário e senha!" line="12">
<kw name="Dado que desejo acessar o sistema" library="login_steps">
<kw name="Open Browser" library="SeleniumLibrary">
<arg>${url}</arg>
<arg>${browser}</arg>
<doc>Opens a new browser instance to the optional ``url``.</doc>
<msg timestamp="20231208 10:03:15.027" level="INFO">Opening browser 'chrome' to base url 'https://rlhorochovec.github.io/qa/index.html'.</msg>
<status status="PASS" starttime="20231208 10:03:15.025" endtime="20231208 10:03:22.364"/>
</kw>
<kw name="Maximize Browser Window" library="SeleniumLibrary">
<doc>Maximizes current browser window.</doc>
<status status="PASS" starttime="20231208 10:03:22.365" endtime="20231208 10:03:22.481"/>
</kw>
<kw name="Title Should Be" library="SeleniumLibrary">
<arg>Login</arg>
<doc>Verifies that the current page title equals ``title``.</doc>
<msg timestamp="20231208 10:03:22.505" level="INFO">Page title is 'Login'.</msg>
<status status="PASS" starttime="20231208 10:03:22.482" endtime="20231208 10:03:22.505"/>
</kw>
<status status="PASS" starttime="20231208 10:03:15.024" endtime="20231208 10:03:22.505"/>
</kw>
<kw name="Quando inserir o login &quot;&quot; e a senha &quot;&quot; e clicar em Entrar" library="login_steps" sourcename="Quando inserir o login &quot;${login}&quot; e a senha &quot;${password}&quot; e clicar em Entrar">
<kw name="Input Text" library="SeleniumLibrary">
<arg>${usuario}</arg>
<arg>${login}</arg>
<doc>Types the given ``text`` into the text field identified by ``locator``.</doc>
<msg timestamp="20231208 10:03:22.509" level="INFO">Typing text '' into text field 'id = login'.</msg>
<status status="PASS" starttime="20231208 10:03:22.508" endtime="20231208 10:03:22.784"/>
</kw>
<kw name="Input Text" library="SeleniumLibrary">
<arg>${senha}</arg>
<arg>${password}</arg>
<doc>Types the given ``text`` into the text field identified by ``locator``.</doc>
<msg timestamp="20231208 10:03:22.786" level="INFO">Typing text '' into text field 'id = senha'.</msg>
<status status="PASS" starttime="20231208 10:03:22.785" endtime="20231208 10:03:22.941"/>
</kw>
<kw name="Click Element" library="SeleniumLibrary">
<arg>${entrar}</arg>
<doc>Click the element identified by ``locator``.</doc>
<msg timestamp="20231208 10:03:22.943" level="INFO">Clicking element 'xpath = //*[text()="Entrar"]'.</msg>
<status status="PASS" starttime="20231208 10:03:22.941" endtime="20231208 10:03:23.051"/>
</kw>
<status status="PASS" starttime="20231208 10:03:22.506" endtime="20231208 10:03:23.051"/>
</kw>
<kw name="Então apresentará uma mensagem de &quot;Informe usuário e senha!&quot;" library="login_steps" sourcename="Então apresentará uma mensagem de &quot;${message}&quot;">
<kw name="Get Text" library="SeleniumLibrary">
<var>${erro}</var>
<arg>${mensagem}</arg>
<doc>Returns the text value of the element identified by ``locator``.</doc>
<msg timestamp="20231208 10:03:23.132" level="INFO">${erro} = Informe usuário e senha!</msg>
<status status="PASS" starttime="20231208 10:03:23.052" endtime="20231208 10:03:23.132"/>
</kw>
<kw name="Should Be Equal As Strings" library="BuiltIn">
<arg>${erro}</arg>
<arg>${message}</arg>
<doc>Fails if objects are unequal after converting them to strings.</doc>
<status status="PASS" starttime="20231208 10:03:23.133" endtime="20231208 10:03:23.134"/>
</kw>
<kw name="Close Browser" library="SeleniumLibrary">
<doc>Closes the current browser.</doc>
<status status="PASS" starttime="20231208 10:03:23.134" endtime="20231208 10:03:23.209"/>
</kw>
<status status="PASS" starttime="20231208 10:03:23.052" endtime="20231208 10:03:23.209"/>
</kw>
<tag>@EmBranco</tag>
<status status="PASS" starttime="20231208 10:03:15.023" endtime="20231208 10:03:23.210"/>
</test>
<test id="s1-t3" name="Cenário: Login - Informe o usuário!" line="18">
<kw name="Dado que desejo acessar o sistema" library="login_steps">
<kw name="Open Browser" library="SeleniumLibrary">
<arg>${url}</arg>
<arg>${browser}</arg>
<doc>Opens a new browser instance to the optional ``url``.</doc>
<msg timestamp="20231208 10:03:23.223" level="INFO">Opening browser 'chrome' to base url 'https://rlhorochovec.github.io/qa/index.html'.</msg>
<status status="PASS" starttime="20231208 10:03:23.216" endtime="20231208 10:03:26.604"/>
</kw>
<kw name="Maximize Browser Window" library="SeleniumLibrary">
<doc>Maximizes current browser window.</doc>
<status status="PASS" starttime="20231208 10:03:26.604" endtime="20231208 10:03:26.710"/>
</kw>
<kw name="Title Should Be" library="SeleniumLibrary">
<arg>Login</arg>
<doc>Verifies that the current page title equals ``title``.</doc>
<msg timestamp="20231208 10:03:26.718" level="INFO">Page title is 'Login'.</msg>
<status status="PASS" starttime="20231208 10:03:26.710" endtime="20231208 10:03:26.718"/>
</kw>
<status status="PASS" starttime="20231208 10:03:23.215" endtime="20231208 10:03:26.718"/>
</kw>
<kw name="Quando inserir o login &quot;&quot; e a senha &quot;admin&quot; e clicar em Entrar" library="login_steps" sourcename="Quando inserir o login &quot;${login}&quot; e a senha &quot;${password}&quot; e clicar em Entrar">
<kw name="Input Text" library="SeleniumLibrary">
<arg>${usuario}</arg>
<arg>${login}</arg>
<doc>Types the given ``text`` into the text field identified by ``locator``.</doc>
<msg timestamp="20231208 10:03:26.720" level="INFO">Typing text '' into text field 'id = login'.</msg>
<status status="PASS" starttime="20231208 10:03:26.719" endtime="20231208 10:03:26.887"/>
</kw>
<kw name="Input Text" library="SeleniumLibrary">
<arg>${senha}</arg>
<arg>${password}</arg>
<doc>Types the given ``text`` into the text field identified by ``locator``.</doc>
<msg timestamp="20231208 10:03:26.888" level="INFO">Typing text 'admin' into text field 'id = senha'.</msg>
<status status="PASS" starttime="20231208 10:03:26.887" endtime="20231208 10:03:27.016"/>
</kw>
<kw name="Click Element" library="SeleniumLibrary">
<arg>${entrar}</arg>
<doc>Click the element identified by ``locator``.</doc>
<msg timestamp="20231208 10:03:27.017" level="INFO">Clicking element 'xpath = //*[text()="Entrar"]'.</msg>
<status status="PASS" starttime="20231208 10:03:27.017" endtime="20231208 10:03:27.090"/>
</kw>
<status status="PASS" starttime="20231208 10:03:26.719" endtime="20231208 10:03:27.090"/>
</kw>
<kw name="Então apresentará uma mensagem de &quot;Informe o usuário!&quot;" library="login_steps" sourcename="Então apresentará uma mensagem de &quot;${message}&quot;">
<kw name="Get Text" library="SeleniumLibrary">
<var>${erro}</var>
<arg>${mensagem}</arg>
<doc>Returns the text value of the element identified by ``locator``.</doc>
<msg timestamp="20231208 10:03:27.152" level="INFO">${erro} = Informe o usuário!</msg>
<status status="PASS" starttime="20231208 10:03:27.091" endtime="20231208 10:03:27.152"/>
</kw>
<kw name="Should Be Equal As Strings" library="BuiltIn">
<arg>${erro}</arg>
<arg>${message}</arg>
<doc>Fails if objects are unequal after converting them to strings.</doc>
<status status="PASS" starttime="20231208 10:03:27.152" endtime="20231208 10:03:27.153"/>
</kw>
<kw name="Close Browser" library="SeleniumLibrary">
<doc>Closes the current browser.</doc>
<status status="PASS" starttime="20231208 10:03:27.153" endtime="20231208 10:03:27.228"/>
</kw>
<status status="PASS" starttime="20231208 10:03:27.090" endtime="20231208 10:03:27.228"/>
</kw>
<tag>@SemUsuário</tag>
<status status="PASS" starttime="20231208 10:03:23.213" endtime="20231208 10:03:27.229"/>
</test>
<test id="s1-t4" name="Cenário: Login - Informe a senha!" line="24">
<kw name="Dado que desejo acessar o sistema" library="login_steps">
<kw name="Open Browser" library="SeleniumLibrary">
<arg>${url}</arg>
<arg>${browser}</arg>
<doc>Opens a new browser instance to the optional ``url``.</doc>
<msg timestamp="20231208 10:03:27.233" level="INFO">Opening browser 'chrome' to base url 'https://rlhorochovec.github.io/qa/index.html'.</msg>
<status status="PASS" starttime="20231208 10:03:27.232" endtime="20231208 10:03:30.261"/>
</kw>
<kw name="Maximize Browser Window" library="SeleniumLibrary">
<doc>Maximizes current browser window.</doc>
<status status="PASS" starttime="20231208 10:03:30.261" endtime="20231208 10:03:30.367"/>
</kw>
<kw name="Title Should Be" library="SeleniumLibrary">
<arg>Login</arg>
<doc>Verifies that the current page title equals ``title``.</doc>
<msg timestamp="20231208 10:03:30.374" level="INFO">Page title is 'Login'.</msg>
<status status="PASS" starttime="20231208 10:03:30.368" endtime="20231208 10:03:30.374"/>
</kw>
<status status="PASS" starttime="20231208 10:03:27.231" endtime="20231208 10:03:30.375"/>
</kw>
<kw name="Quando inserir o login &quot;user&quot; e a senha &quot;&quot; e clicar em Entrar" library="login_steps" sourcename="Quando inserir o login &quot;${login}&quot; e a senha &quot;${password}&quot; e clicar em Entrar">
<kw name="Input Text" library="SeleniumLibrary">
<arg>${usuario}</arg>
<arg>${login}</arg>
<doc>Types the given ``text`` into the text field identified by ``locator``.</doc>
<msg timestamp="20231208 10:03:30.377" level="INFO">Typing text 'user' into text field 'id = login'.</msg>
<status status="PASS" starttime="20231208 10:03:30.376" endtime="20231208 10:03:30.554"/>
</kw>
<kw name="Input Text" library="SeleniumLibrary">
<arg>${senha}</arg>
<arg>${password}</arg>
<doc>Types the given ``text`` into the text field identified by ``locator``.</doc>
<msg timestamp="20231208 10:03:30.556" level="INFO">Typing text '' into text field 'id = senha'.</msg>
<status status="PASS" starttime="20231208 10:03:30.554" endtime="20231208 10:03:30.674"/>
</kw>
<kw name="Click Element" library="SeleniumLibrary">
<arg>${entrar}</arg>
<doc>Click the element identified by ``locator``.</doc>
<msg timestamp="20231208 10:03:30.675" level="INFO">Clicking element 'xpath = //*[text()="Entrar"]'.</msg>
<status status="PASS" starttime="20231208 10:03:30.674" endtime="20231208 10:03:30.751"/>
</kw>
<status status="PASS" starttime="20231208 10:03:30.375" endtime="20231208 10:03:30.752"/>
</kw>
<kw name="Então apresentará uma mensagem de &quot;Informe a senha!&quot;" library="login_steps" sourcename="Então apresentará uma mensagem de &quot;${message}&quot;">
<kw name="Get Text" library="SeleniumLibrary">
<var>${erro}</var>
<arg>${mensagem}</arg>
<doc>Returns the text value of the element identified by ``locator``.</doc>
<msg timestamp="20231208 10:03:30.807" level="INFO">${erro} = Informe a senha!</msg>
<status status="PASS" starttime="20231208 10:03:30.752" endtime="20231208 10:03:30.807"/>
</kw>
<kw name="Should Be Equal As Strings" library="BuiltIn">
<arg>${erro}</arg>
<arg>${message}</arg>
<doc>Fails if objects are unequal after converting them to strings.</doc>
<status status="PASS" starttime="20231208 10:03:30.807" endtime="20231208 10:03:30.807"/>
</kw>
<kw name="Close Browser" library="SeleniumLibrary">
<doc>Closes the current browser.</doc>
<status status="PASS" starttime="20231208 10:03:30.808" endtime="20231208 10:03:31.084"/>
</kw>
<status status="PASS" starttime="20231208 10:03:30.752" endtime="20231208 10:03:31.084"/>
</kw>
<tag>@SemSenha</tag>
<status status="PASS" starttime="20231208 10:03:27.230" endtime="20231208 10:03:31.085"/>
</test>
<test id="s1-t5" name="Cenário: Login - Admin" line="30">
<kw name="Dado que desejo acessar o sistema" library="login_steps">
<kw name="Open Browser" library="SeleniumLibrary">
<arg>${url}</arg>
<arg>${browser}</arg>
<doc>Opens a new browser instance to the optional ``url``.</doc>
<msg timestamp="20231208 10:03:31.089" level="INFO">Opening browser 'chrome' to base url 'https://rlhorochovec.github.io/qa/index.html'.</msg>
<status status="PASS" starttime="20231208 10:03:31.088" endtime="20231208 10:03:34.516"/>
</kw>
<kw name="Maximize Browser Window" library="SeleniumLibrary">
<doc>Maximizes current browser window.</doc>
<status status="PASS" starttime="20231208 10:03:34.516" endtime="20231208 10:03:34.624"/>
</kw>
<kw name="Title Should Be" library="SeleniumLibrary">
<arg>Login</arg>
<doc>Verifies that the current page title equals ``title``.</doc>
<msg timestamp="20231208 10:03:34.633" level="INFO">Page title is 'Login'.</msg>
<status status="PASS" starttime="20231208 10:03:34.624" endtime="20231208 10:03:34.633"/>
</kw>
<status status="PASS" starttime="20231208 10:03:31.088" endtime="20231208 10:03:34.633"/>
</kw>
<kw name="Quando inserir o login &quot;admin&quot; e a senha &quot;admin&quot; e clicar em Entrar" library="login_steps" sourcename="Quando inserir o login &quot;${login}&quot; e a senha &quot;${password}&quot; e clicar em Entrar">
<kw name="Input Text" library="SeleniumLibrary">
<arg>${usuario}</arg>
<arg>${login}</arg>
<doc>Types the given ``text`` into the text field identified by ``locator``.</doc>
<msg timestamp="20231208 10:03:34.636" level="INFO">Typing text 'admin' into text field 'id = login'.</msg>
<status status="PASS" starttime="20231208 10:03:34.635" endtime="20231208 10:03:34.813"/>
</kw>
<kw name="Input Text" library="SeleniumLibrary">
<arg>${senha}</arg>
<arg>${password}</arg>
<doc>Types the given ``text`` into the text field identified by ``locator``.</doc>
<msg timestamp="20231208 10:03:34.814" level="INFO">Typing text 'admin' into text field 'id = senha'.</msg>
<status status="PASS" starttime="20231208 10:03:34.814" endtime="20231208 10:03:34.935"/>
</kw>
<kw name="Click Element" library="SeleniumLibrary">
<arg>${entrar}</arg>
<doc>Click the element identified by ``locator``.</doc>
<msg timestamp="20231208 10:03:34.936" level="INFO">Clicking element 'xpath = //*[text()="Entrar"]'.</msg>
<status status="PASS" starttime="20231208 10:03:34.935" endtime="20231208 10:03:35.088"/>
</kw>
<status status="PASS" starttime="20231208 10:03:34.634" endtime="20231208 10:03:35.088"/>
</kw>
<kw name="Então apresentará a home do &quot;Administrador&quot;" library="home_steps" sourcename="Então apresentará a home do &quot;${logged}&quot;">
<kw name="Get Text" library="SeleniumLibrary">
<var>${logado}</var>
<arg>${home}</arg>
<doc>Returns the text value of the element identified by ``locator``.</doc>
<msg timestamp="20231208 10:03:35.147" level="INFO">${logado} = Administrador</msg>
<status status="PASS" starttime="20231208 10:03:35.090" endtime="20231208 10:03:35.147"/>
</kw>
<kw name="Should Be Equal As Strings" library="BuiltIn">
<arg>${logado}</arg>
<arg>${logged}</arg>
<doc>Fails if objects are unequal after converting them to strings.</doc>
<status status="PASS" starttime="20231208 10:03:35.147" endtime="20231208 10:03:35.147"/>
</kw>
<kw name="Capture Page Screenshot" library="SeleniumLibrary">
<doc>Takes a screenshot of the current page and embeds it into a log file.</doc>
<msg timestamp="20231208 10:03:35.371" level="INFO" html="true">&lt;/td&gt;&lt;/tr&gt;&lt;tr&gt;&lt;td colspan="3"&gt;&lt;a href="selenium-screenshot-1.png"&gt;&lt;img src="selenium-screenshot-1.png" width="800px"&gt;&lt;/a&gt;</msg>
<status status="PASS" starttime="20231208 10:03:35.148" endtime="20231208 10:03:35.371"/>
</kw>
<kw name="Close Browser" library="SeleniumLibrary">
<doc>Closes the current browser.</doc>
<status status="PASS" starttime="20231208 10:03:35.372" endtime="20231208 10:03:35.515"/>
</kw>
<status status="PASS" starttime="20231208 10:03:35.089" endtime="20231208 10:03:35.515"/>
</kw>
<tag>@Admin</tag>
<status status="PASS" starttime="20231208 10:03:31.086" endtime="20231208 10:03:35.516"/>
</test>
<test id="s1-t6" name="Cenário: Login - User" line="36">
<kw name="Dado que desejo acessar o sistema" library="login_steps">
<kw name="Open Browser" library="SeleniumLibrary">
<arg>${url}</arg>
<arg>${browser}</arg>
<doc>Opens a new browser instance to the optional ``url``.</doc>
<msg timestamp="20231208 10:03:35.524" level="INFO">Opening browser 'chrome' to base url 'https://rlhorochovec.github.io/qa/index.html'.</msg>
<status status="PASS" starttime="20231208 10:03:35.521" endtime="20231208 10:03:38.953"/>
</kw>
<kw name="Maximize Browser Window" library="SeleniumLibrary">
<doc>Maximizes current browser window.</doc>
<status status="PASS" starttime="20231208 10:03:38.953" endtime="20231208 10:03:39.059"/>
</kw>
<kw name="Title Should Be" library="SeleniumLibrary">
<arg>Login</arg>
<doc>Verifies that the current page title equals ``title``.</doc>
<msg timestamp="20231208 10:03:39.066" level="INFO">Page title is 'Login'.</msg>
<status status="PASS" starttime="20231208 10:03:39.060" endtime="20231208 10:03:39.066"/>
</kw>
<status status="PASS" starttime="20231208 10:03:35.520" endtime="20231208 10:03:39.066"/>
</kw>
<kw name="Quando inserir o login &quot;user&quot; e a senha &quot;user&quot; e clicar em Entrar" library="login_steps" sourcename="Quando inserir o login &quot;${login}&quot; e a senha &quot;${password}&quot; e clicar em Entrar">
<kw name="Input Text" library="SeleniumLibrary">
<arg>${usuario}</arg>
<arg>${login}</arg>
<doc>Types the given ``text`` into the text field identified by ``locator``.</doc>
<msg timestamp="20231208 10:03:39.068" level="INFO">Typing text 'user' into text field 'id = login'.</msg>
<status status="PASS" starttime="20231208 10:03:39.067" endtime="20231208 10:03:39.245"/>
</kw>
<kw name="Input Text" library="SeleniumLibrary">
<arg>${senha}</arg>
<arg>${password}</arg>
<doc>Types the given ``text`` into the text field identified by ``locator``.</doc>
<msg timestamp="20231208 10:03:39.247" level="INFO">Typing text 'user' into text field 'id = senha'.</msg>
<status status="PASS" starttime="20231208 10:03:39.246" endtime="20231208 10:03:39.372"/>
</kw>
<kw name="Click Element" library="SeleniumLibrary">
<arg>${entrar}</arg>
<doc>Click the element identified by ``locator``.</doc>
<msg timestamp="20231208 10:03:39.373" level="INFO">Clicking element 'xpath = //*[text()="Entrar"]'.</msg>
<status status="PASS" starttime="20231208 10:03:39.372" endtime="20231208 10:03:39.516"/>
</kw>
<status status="PASS" starttime="20231208 10:03:39.066" endtime="20231208 10:03:39.516"/>
</kw>
<kw name="Então apresentará a home do &quot;Usuário&quot;" library="home_steps" sourcename="Então apresentará a home do &quot;${logged}&quot;">
<kw name="Get Text" library="SeleniumLibrary">
<var>${logado}</var>
<arg>${home}</arg>
<doc>Returns the text value of the element identified by ``locator``.</doc>
<msg timestamp="20231208 10:03:39.569" level="INFO">${logado} = Usuário</msg>
<status status="PASS" starttime="20231208 10:03:39.517" endtime="20231208 10:03:39.569"/>
</kw>
<kw name="Should Be Equal As Strings" library="BuiltIn">
<arg>${logado}</arg>
<arg>${logged}</arg>
<doc>Fails if objects are unequal after converting them to strings.</doc>
<status status="PASS" starttime="20231208 10:03:39.570" endtime="20231208 10:03:39.571"/>
</kw>
<kw name="Capture Page Screenshot" library="SeleniumLibrary">
<doc>Takes a screenshot of the current page and embeds it into a log file.</doc>
<msg timestamp="20231208 10:03:40.108" level="INFO" html="true">&lt;/td&gt;&lt;/tr&gt;&lt;tr&gt;&lt;td colspan="3"&gt;&lt;a href="selenium-screenshot-2.png"&gt;&lt;img src="selenium-screenshot-2.png" width="800px"&gt;&lt;/a&gt;</msg>
<status status="PASS" starttime="20231208 10:03:39.571" endtime="20231208 10:03:40.109"/>
</kw>
<kw name="Close Browser" library="SeleniumLibrary">
<doc>Closes the current browser.</doc>
<status status="PASS" starttime="20231208 10:03:40.109" endtime="20231208 10:03:41.092"/>
</kw>
<status status="PASS" starttime="20231208 10:03:39.516" endtime="20231208 10:03:41.092"/>
</kw>
<tag>@User</tag>
<status status="PASS" starttime="20231208 10:03:35.517" endtime="20231208 10:03:41.092"/>
</test>
<meta name="Application">robot-web-test</meta>
<status status="PASS" starttime="20231208 10:03:08.259" endtime="20231208 10:03:41.094"/>
</suite>
<statistics>
<total>
<stat pass="6" fail="0" skip="0">All Tests</stat>
</total>
<tag>
<stat pass="1" fail="0" skip="0">@Admin</stat>
<stat pass="1" fail="0" skip="0">@EmBranco</stat>
<stat pass="1" fail="0" skip="0">@Incorretos</stat>
<stat pass="1" fail="0" skip="0">@SemSenha</stat>
<stat pass="1" fail="0" skip="0">@SemUsuário</stat>
<stat pass="1" fail="0" skip="0">@User</stat>
</tag>
<suite>
<stat pass="6" fail="0" skip="0" id="s1" name="Login Test">Login Test</stat>
</suite>
</statistics>
<errors>
</errors>
</robot>
