<?xml version="1.0" encoding="UTF-8"?>
<robot generator="Robot 7.3.2 (Python 3.10.11 on darwin)" generated="2025-07-15T14:24:59.178508" rpa="false" schemaversion="5">
<suite id="s1" name="Test" source="/Users/runner/work/robot-web-test/robot-web-test/test">
<suite id="s1-s1" name="Login Invalido" source="/Users/runner/work/robot-web-test/robot-web-test/test/login_invalido.robot">
<kw name="Abrir navegador" owner="login_template" type="SETUP">
<kw name="Open Browser" owner="SeleniumLibrary">
<msg time="2025-07-15T14:24:59.261054" level="INFO">Opening browser 'chrome' to base url 'https://rlhorochovec.github.io/qa/index.html'.</msg>
<arg>${url}</arg>
<arg>${browser}</arg>
<doc>Opens a new browser instance to the optional ``url``.</doc>
<status status="PASS" start="2025-07-15T14:24:59.260877" elapsed="3.807740"/>
</kw>
<kw name="Title Should Be" owner="SeleniumLibrary">
<msg time="2025-07-15T14:25:03.076286" level="INFO">Page title is 'Login'.</msg>
<arg>Login</arg>
<doc>Verifies that the current page title equals ``title``.</doc>
<status status="PASS" start="2025-07-15T14:25:03.069314" elapsed="0.007059"/>
</kw>
<kw name="Maximize Browser Window" owner="SeleniumLibrary">
<doc>Maximizes current browser window.</doc>
<status status="PASS" start="2025-07-15T14:25:03.076517" elapsed="0.300812"/>
</kw>
<status status="PASS" start="2025-07-15T14:24:59.260388" elapsed="4.117087"/>
</kw>
<test id="s1-s1-t1" name="Login inválido - Usuário e/ou senha incorretos!" line="8">
<kw name="Login inválido" owner="login_template">
<kw name="Input Text" owner="SeleniumLibrary">
<msg time="2025-07-15T14:25:03.379061" level="INFO">Typing text 'user' into text field 'id = login'.</msg>
<arg>${usuario}</arg>
<arg>${login}</arg>
<doc>Types the given ``text`` into the text field identified by ``locator``.</doc>
<status status="PASS" start="2025-07-15T14:25:03.378661" elapsed="0.197159"/>
</kw>
<kw name="Input Text" owner="SeleniumLibrary">
<msg time="2025-07-15T14:25:03.576207" level="INFO">Typing text 'admin' into text field 'id = senha'.</msg>
<arg>${senha}</arg>
<arg>${password}</arg>
<doc>Types the given ``text`` into the text field identified by ``locator``.</doc>
<status status="PASS" start="2025-07-15T14:25:03.575999" elapsed="0.058517"/>
</kw>
<kw name="Click Element" owner="SeleniumLibrary">
<msg time="2025-07-15T14:25:03.635133" level="INFO">Clicking element 'xpath = //*[text()="Entrar"]'.</msg>
<arg>${entrar}</arg>
<doc>Click the element identified by ``locator``.</doc>
<status status="PASS" start="2025-07-15T14:25:03.634793" elapsed="0.193508"/>
</kw>
<kw name="Get Text" owner="SeleniumLibrary">
<msg time="2025-07-15T14:25:03.855819" level="INFO">${erro} = Usuário e/ou senha incorretos!</msg>
<var>${erro}</var>
<arg>${mensagem}</arg>
<doc>Returns the text value of the element identified by ``locator``.</doc>
<status status="PASS" start="2025-07-15T14:25:03.828561" elapsed="0.027341"/>
</kw>
<kw name="Should Be Equal As Strings" owner="BuiltIn">
<arg>${erro}</arg>
<arg>${message}</arg>
<doc>Fails if objects are unequal after converting them to strings.</doc>
<status status="PASS" start="2025-07-15T14:25:03.856172" elapsed="0.000523"/>
</kw>
<arg>user</arg>
<arg>admin</arg>
<arg>Usuário e/ou senha incorretos!</arg>
<status status="PASS" start="2025-07-15T14:25:03.378263" elapsed="0.478527"/>
</kw>
<status status="PASS" start="2025-07-15T14:25:03.377628" elapsed="0.479346"/>
</test>
<test id="s1-s1-t2" name="Login inválido - Informe usuário e senha!" line="9">
<kw name="Login inválido" owner="login_template">
<kw name="Input Text" owner="SeleniumLibrary">
<msg time="2025-07-15T14:25:03.866077" level="INFO">Typing text '' into text field 'id = login'.</msg>
<arg>${usuario}</arg>
<arg>${login}</arg>
<doc>Types the given ``text`` into the text field identified by ``locator``.</doc>
<status status="PASS" start="2025-07-15T14:25:03.865228" elapsed="0.048129"/>
</kw>
<kw name="Input Text" owner="SeleniumLibrary">
<msg time="2025-07-15T14:25:03.913798" level="INFO">Typing text '' into text field 'id = senha'.</msg>
<arg>${senha}</arg>
<arg>${password}</arg>
<doc>Types the given ``text`` into the text field identified by ``locator``.</doc>
<status status="PASS" start="2025-07-15T14:25:03.913550" elapsed="0.078884"/>
</kw>
<kw name="Click Element" owner="SeleniumLibrary">
<msg time="2025-07-15T14:25:03.992839" level="INFO">Clicking element 'xpath = //*[text()="Entrar"]'.</msg>
<arg>${entrar}</arg>
<doc>Click the element identified by ``locator``.</doc>
<status status="PASS" start="2025-07-15T14:25:03.992608" elapsed="0.034672"/>
</kw>
<kw name="Get Text" owner="SeleniumLibrary">
<msg time="2025-07-15T14:25:04.036043" level="INFO">${erro} = Informe usuário e senha!</msg>
<var>${erro}</var>
<arg>${mensagem}</arg>
<doc>Returns the text value of the element identified by ``locator``.</doc>
<status status="PASS" start="2025-07-15T14:25:04.027422" elapsed="0.008657"/>
</kw>
<kw name="Should Be Equal As Strings" owner="BuiltIn">
<arg>${erro}</arg>
<arg>${message}</arg>
<doc>Fails if objects are unequal after converting them to strings.</doc>
<status status="PASS" start="2025-07-15T14:25:04.036222" elapsed="0.000191"/>
</kw>
<arg>${EMPTY}</arg>
<arg>${EMPTY}</arg>
<arg>Informe usuário e senha!</arg>
<status status="PASS" start="2025-07-15T14:25:03.859904" elapsed="0.176561"/>
</kw>
<status status="PASS" start="2025-07-15T14:25:03.859381" elapsed="0.177160"/>
</test>
<test id="s1-s1-t3" name="Login inválido - Informe o usuário!" line="10">
<kw name="Login inválido" owner="login_template">
<kw name="Input Text" owner="SeleniumLibrary">
<msg time="2025-07-15T14:25:04.037414" level="INFO">Typing text '' into text field 'id = login'.</msg>
<arg>${usuario}</arg>
<arg>${login}</arg>
<doc>Types the given ``text`` into the text field identified by ``locator``.</doc>
<status status="PASS" start="2025-07-15T14:25:04.037276" elapsed="0.052718"/>
</kw>
<kw name="Input Text" owner="SeleniumLibrary">
<msg time="2025-07-15T14:25:04.090499" level="INFO">Typing text 'admin' into text field 'id = senha'.</msg>
<arg>${senha}</arg>
<arg>${password}</arg>
<doc>Types the given ``text`` into the text field identified by ``locator``.</doc>
<status status="PASS" start="2025-07-15T14:25:04.090225" elapsed="0.067475"/>
</kw>
<kw name="Click Element" owner="SeleniumLibrary">
<msg time="2025-07-15T14:25:04.158211" level="INFO">Clicking element 'xpath = //*[text()="Entrar"]'.</msg>
<arg>${entrar}</arg>
<doc>Click the element identified by ``locator``.</doc>
<status status="PASS" start="2025-07-15T14:25:04.157921" elapsed="0.043956"/>
</kw>
<kw name="Get Text" owner="SeleniumLibrary">
<msg time="2025-07-15T14:25:04.226568" level="INFO">${erro} = Informe o usuário!</msg>
<var>${erro}</var>
<arg>${mensagem}</arg>
<doc>Returns the text value of the element identified by ``locator``.</doc>
<status status="PASS" start="2025-07-15T14:25:04.202088" elapsed="0.024537"/>
</kw>
<kw name="Should Be Equal As Strings" owner="BuiltIn">
<arg>${erro}</arg>
<arg>${message}</arg>
<doc>Fails if objects are unequal after converting them to strings.</doc>
<status status="PASS" start="2025-07-15T14:25:04.226793" elapsed="0.000214"/>
</kw>
<arg>${EMPTY}</arg>
<arg>admin</arg>
<arg>Informe o usuário!</arg>
<status status="PASS" start="2025-07-15T14:25:04.036921" elapsed="0.190146"/>
</kw>
<status status="PASS" start="2025-07-15T14:25:04.036682" elapsed="0.190483"/>
</test>
<test id="s1-s1-t4" name="Login inválido - Informe a senha!" line="11">
<kw name="Login inválido" owner="login_template">
<kw name="Input Text" owner="SeleniumLibrary">
<msg time="2025-07-15T14:25:04.228416" level="INFO">Typing text 'admin' into text field 'id = login'.</msg>
<arg>${usuario}</arg>
<arg>${login}</arg>
<doc>Types the given ``text`` into the text field identified by ``locator``.</doc>
<status status="PASS" start="2025-07-15T14:25:04.228201" elapsed="0.056821"/>
</kw>
<kw name="Input Text" owner="SeleniumLibrary">
<msg time="2025-07-15T14:25:04.285417" level="INFO">Typing text '' into text field 'id = senha'.</msg>
<arg>${senha}</arg>
<arg>${password}</arg>
<doc>Types the given ``text`` into the text field identified by ``locator``.</doc>
<status status="PASS" start="2025-07-15T14:25:04.285190" elapsed="0.065193"/>
</kw>
<kw name="Click Element" owner="SeleniumLibrary">
<msg time="2025-07-15T14:25:04.350806" level="INFO">Clicking element 'xpath = //*[text()="Entrar"]'.</msg>
<arg>${entrar}</arg>
<doc>Click the element identified by ``locator``.</doc>
<status status="PASS" start="2025-07-15T14:25:04.350610" elapsed="0.041547"/>
</kw>
<kw name="Get Text" owner="SeleniumLibrary">
<msg time="2025-07-15T14:25:04.404549" level="INFO">${erro} = Informe a senha!</msg>
<var>${erro}</var>
<arg>${mensagem}</arg>
<doc>Returns the text value of the element identified by ``locator``.</doc>
<status status="PASS" start="2025-07-15T14:25:04.392354" elapsed="0.012242"/>
</kw>
<kw name="Should Be Equal As Strings" owner="BuiltIn">
<arg>${erro}</arg>
<arg>${message}</arg>
<doc>Fails if objects are unequal after converting them to strings.</doc>
<status status="PASS" start="2025-07-15T14:25:04.404823" elapsed="0.000191"/>
</kw>
<arg>admin</arg>
<arg>${EMPTY}</arg>
<arg>Informe a senha!</arg>
<status status="PASS" start="2025-07-15T14:25:04.227679" elapsed="0.177391"/>
</kw>
<status status="PASS" start="2025-07-15T14:25:04.227365" elapsed="0.177785"/>
</test>
<kw name="Fechar navegador" owner="login_template" type="TEARDOWN">
<kw name="Close Browser" owner="SeleniumLibrary">
<doc>Closes the current browser.</doc>
<status status="PASS" start="2025-07-15T14:25:04.405682" elapsed="0.144058"/>
</kw>
<status status="PASS" start="2025-07-15T14:25:04.405559" elapsed="0.144303"/>
</kw>
<status status="PASS" start="2025-07-15T14:24:59.187508" elapsed="5.362393"/>
</suite>
<suite id="s1-s2" name="Login Test" source="/Users/runner/work/robot-web-test/robot-web-test/test/login_test.robot">
<test id="s1-s2-t1" name="Cenário: Login - Usuário e/ou senha incorretos!" line="6">
<kw name="Dado que desejo acessar o sistema" owner="login_steps">
<kw name="Open Browser" owner="SeleniumLibrary">
<msg time="2025-07-15T14:25:04.557315" level="INFO">Opening browser 'chrome' to base url 'https://rlhorochovec.github.io/qa/index.html'.</msg>
<arg>${url}</arg>
<arg>${browser}</arg>
<doc>Opens a new browser instance to the optional ``url``.</doc>
<status status="PASS" start="2025-07-15T14:25:04.557138" elapsed="1.197584"/>
</kw>
<kw name="Maximize Browser Window" owner="SeleniumLibrary">
<doc>Maximizes current browser window.</doc>
<status status="PASS" start="2025-07-15T14:25:05.755299" elapsed="0.056938"/>
</kw>
<kw name="Title Should Be" owner="SeleniumLibrary">
<msg time="2025-07-15T14:25:05.814886" level="INFO">Page title is 'Login'.</msg>
<arg>Login</arg>
<doc>Verifies that the current page title equals ``title``.</doc>
<status status="PASS" start="2025-07-15T14:25:05.812391" elapsed="0.002556"/>
</kw>
<status status="PASS" start="2025-07-15T14:25:04.556922" elapsed="1.258105"/>
</kw>
<kw name="Quando inserir o login &quot;user&quot; e a senha &quot;admin&quot; e clicar em Entrar" owner="login_steps" source_name="Quando inserir o login &quot;${login}&quot; e a senha &quot;${password}&quot; e clicar em Entrar">
<kw name="Input Text" owner="SeleniumLibrary">
<msg time="2025-07-15T14:25:05.815665" level="INFO">Typing text 'user' into text field 'id = login'.</msg>
<arg>${usuario}</arg>
<arg>${login}</arg>
<doc>Types the given ``text`` into the text field identified by ``locator``.</doc>
<status status="PASS" start="2025-07-15T14:25:05.815406" elapsed="0.067622"/>
</kw>
<kw name="Input Text" owner="SeleniumLibrary">
<msg time="2025-07-15T14:25:05.883367" level="INFO">Typing text 'admin' into text field 'id = senha'.</msg>
<arg>${senha}</arg>
<arg>${password}</arg>
<doc>Types the given ``text`` into the text field identified by ``locator``.</doc>
<status status="PASS" start="2025-07-15T14:25:05.883182" elapsed="0.059409"/>
</kw>
<kw name="Click Element" owner="SeleniumLibrary">
<msg time="2025-07-15T14:25:05.943512" level="INFO">Clicking element 'xpath = //*[text()="Entrar"]'.</msg>
<arg>${entrar}</arg>
<doc>Click the element identified by ``locator``.</doc>
<status status="PASS" start="2025-07-15T14:25:05.943039" elapsed="0.063422"/>
</kw>
<status status="PASS" start="2025-07-15T14:25:05.815192" elapsed="0.191364"/>
</kw>
<kw name="Então apresentará uma mensagem de &quot;Usuário e/ou senha incorretos!&quot;" owner="login_steps" source_name="Então apresentará uma mensagem de &quot;${message}&quot;">
<kw name="Get Text" owner="SeleniumLibrary">
<msg time="2025-07-15T14:25:06.023173" level="INFO">${erro} = Usuário e/ou senha incorretos!</msg>
<var>${erro}</var>
<arg>${mensagem}</arg>
<doc>Returns the text value of the element identified by ``locator``.</doc>
<status status="PASS" start="2025-07-15T14:25:06.006969" elapsed="0.016240"/>
</kw>
<kw name="Should Be Equal As Strings" owner="BuiltIn">
<arg>${erro}</arg>
<arg>${message}</arg>
<doc>Fails if objects are unequal after converting them to strings.</doc>
<status status="PASS" start="2025-07-15T14:25:06.023368" elapsed="0.000175"/>
</kw>
<kw name="Close Browser" owner="SeleniumLibrary">
<doc>Closes the current browser.</doc>
<status status="PASS" start="2025-07-15T14:25:06.023619" elapsed="0.112051"/>
</kw>
<status status="PASS" start="2025-07-15T14:25:06.006749" elapsed="0.129046"/>
</kw>
<tag>@Incorretos</tag>
<status status="PASS" start="2025-07-15T14:25:04.556613" elapsed="1.579306"/>
</test>
<test id="s1-s2-t2" name="Cenário: Login - Informe usuário e senha!" line="12">
<kw name="Dado que desejo acessar o sistema" owner="login_steps">
<kw name="Open Browser" owner="SeleniumLibrary">
<msg time="2025-07-15T14:25:06.136846" level="INFO">Opening browser 'chrome' to base url 'https://rlhorochovec.github.io/qa/index.html'.</msg>
<arg>${url}</arg>
<arg>${browser}</arg>
<doc>Opens a new browser instance to the optional ``url``.</doc>
<status status="PASS" start="2025-07-15T14:25:06.136677" elapsed="1.009297"/>
</kw>
<kw name="Maximize Browser Window" owner="SeleniumLibrary">
<doc>Maximizes current browser window.</doc>
<status status="PASS" start="2025-07-15T14:25:07.146687" elapsed="0.062824"/>
</kw>
<kw name="Title Should Be" owner="SeleniumLibrary">
<msg time="2025-07-15T14:25:07.214552" level="INFO">Page title is 'Login'.</msg>
<arg>Login</arg>
<doc>Verifies that the current page title equals ``title``.</doc>
<status status="PASS" start="2025-07-15T14:25:07.209911" elapsed="0.004803"/>
</kw>
<status status="PASS" start="2025-07-15T14:25:06.136465" elapsed="1.078345"/>
</kw>
<kw name="Quando inserir o login &quot;&quot; e a senha &quot;&quot; e clicar em Entrar" owner="login_steps" source_name="Quando inserir o login &quot;${login}&quot; e a senha &quot;${password}&quot; e clicar em Entrar">
<kw name="Input Text" owner="SeleniumLibrary">
<msg time="2025-07-15T14:25:07.215547" level="INFO">Typing text '' into text field 'id = login'.</msg>
<arg>${usuario}</arg>
<arg>${login}</arg>
<doc>Types the given ``text`` into the text field identified by ``locator``.</doc>
<status status="PASS" start="2025-07-15T14:25:07.215302" elapsed="0.048689"/>
</kw>
<kw name="Input Text" owner="SeleniumLibrary">
<msg time="2025-07-15T14:25:07.264358" level="INFO">Typing text '' into text field 'id = senha'.</msg>
<arg>${senha}</arg>
<arg>${password}</arg>
<doc>Types the given ``text`` into the text field identified by ``locator``.</doc>
<status status="PASS" start="2025-07-15T14:25:07.264161" elapsed="0.081877"/>
</kw>
<kw name="Click Element" owner="SeleniumLibrary">
<msg time="2025-07-15T14:25:07.346481" level="INFO">Clicking element 'xpath = //*[text()="Entrar"]'.</msg>
<arg>${entrar}</arg>
<doc>Click the element identified by ``locator``.</doc>
<status status="PASS" start="2025-07-15T14:25:07.346262" elapsed="0.050933"/>
</kw>
<status status="PASS" start="2025-07-15T14:25:07.215024" elapsed="0.182282"/>
</kw>
<kw name="Então apresentará uma mensagem de &quot;Informe usuário e senha!&quot;" owner="login_steps" source_name="Então apresentará uma mensagem de &quot;${message}&quot;">
<kw name="Get Text" owner="SeleniumLibrary">
<msg time="2025-07-15T14:25:07.413581" level="INFO">${erro} = Informe usuário e senha!</msg>
<var>${erro}</var>
<arg>${mensagem}</arg>
<doc>Returns the text value of the element identified by ``locator``.</doc>
<status status="PASS" start="2025-07-15T14:25:07.397728" elapsed="0.015978"/>
</kw>
<kw name="Should Be Equal As Strings" owner="BuiltIn">
<arg>${erro}</arg>
<arg>${message}</arg>
<doc>Fails if objects are unequal after converting them to strings.</doc>
<status status="PASS" start="2025-07-15T14:25:07.413894" elapsed="0.000282"/>
</kw>
<kw name="Close Browser" owner="SeleniumLibrary">
<doc>Closes the current browser.</doc>
<status status="PASS" start="2025-07-15T14:25:07.414274" elapsed="0.159187"/>
</kw>
<status status="PASS" start="2025-07-15T14:25:07.397504" elapsed="0.176073"/>
</kw>
<tag>@EmBranco</tag>
<status status="PASS" start="2025-07-15T14:25:06.136124" elapsed="1.437578"/>
</test>
<test id="s1-s2-t3" name="Cenário: Login - Informe o usuário!" line="18">
<kw name="Dado que desejo acessar o sistema" owner="login_steps">
<kw name="Open Browser" owner="SeleniumLibrary">
<msg time="2025-07-15T14:25:07.574540" level="INFO">Opening browser 'chrome' to base url 'https://rlhorochovec.github.io/qa/index.html'.</msg>
<arg>${url}</arg>
<arg>${browser}</arg>
<doc>Opens a new browser instance to the optional ``url``.</doc>
<status status="PASS" start="2025-07-15T14:25:07.574382" elapsed="0.992721"/>
</kw>
<kw name="Maximize Browser Window" owner="SeleniumLibrary">
<doc>Maximizes current browser window.</doc>
<status status="PASS" start="2025-07-15T14:25:08.568968" elapsed="0.061262"/>
</kw>
<kw name="Title Should Be" owner="SeleniumLibrary">
<msg time="2025-07-15T14:25:08.642158" level="INFO">Page title is 'Login'.</msg>
<arg>Login</arg>
<doc>Verifies that the current page title equals ``title``.</doc>
<status status="PASS" start="2025-07-15T14:25:08.630400" elapsed="0.011854"/>
</kw>
<status status="PASS" start="2025-07-15T14:25:07.574156" elapsed="1.068202"/>
</kw>
<kw name="Quando inserir o login &quot;&quot; e a senha &quot;admin&quot; e clicar em Entrar" owner="login_steps" source_name="Quando inserir o login &quot;${login}&quot; e a senha &quot;${password}&quot; e clicar em Entrar">
<kw name="Input Text" owner="SeleniumLibrary">
<msg time="2025-07-15T14:25:08.642970" level="INFO">Typing text '' into text field 'id = login'.</msg>
<arg>${usuario}</arg>
<arg>${login}</arg>
<doc>Types the given ``text`` into the text field identified by ``locator``.</doc>
<status status="PASS" start="2025-07-15T14:25:08.642788" elapsed="0.089886"/>
</kw>
<kw name="Input Text" owner="SeleniumLibrary">
<msg time="2025-07-15T14:25:08.733098" level="INFO">Typing text 'admin' into text field 'id = senha'.</msg>
<arg>${senha}</arg>
<arg>${password}</arg>
<doc>Types the given ``text`` into the text field identified by ``locator``.</doc>
<status status="PASS" start="2025-07-15T14:25:08.732880" elapsed="0.079334"/>
</kw>
<kw name="Click Element" owner="SeleniumLibrary">
<msg time="2025-07-15T14:25:08.812584" level="INFO">Clicking element 'xpath = //*[text()="Entrar"]'.</msg>
<arg>${entrar}</arg>
<doc>Click the element identified by ``locator``.</doc>
<status status="PASS" start="2025-07-15T14:25:08.812389" elapsed="0.037480"/>
</kw>
<status status="PASS" start="2025-07-15T14:25:08.642540" elapsed="0.207443"/>
</kw>
<kw name="Então apresentará uma mensagem de &quot;Informe o usuário!&quot;" owner="login_steps" source_name="Então apresentará uma mensagem de &quot;${message}&quot;">
<kw name="Get Text" owner="SeleniumLibrary">
<msg time="2025-07-15T14:25:08.864342" level="INFO">${erro} = Informe o usuário!</msg>
<var>${erro}</var>
<arg>${mensagem}</arg>
<doc>Returns the text value of the element identified by ``locator``.</doc>
<status status="PASS" start="2025-07-15T14:25:08.850638" elapsed="0.013739"/>
</kw>
<kw name="Should Be Equal As Strings" owner="BuiltIn">
<arg>${erro}</arg>
<arg>${message}</arg>
<doc>Fails if objects are unequal after converting them to strings.</doc>
<status status="PASS" start="2025-07-15T14:25:08.864516" elapsed="0.000162"/>
</kw>
<kw name="Close Browser" owner="SeleniumLibrary">
<doc>Closes the current browser.</doc>
<status status="PASS" start="2025-07-15T14:25:08.864751" elapsed="0.123314"/>
</kw>
<status status="PASS" start="2025-07-15T14:25:08.850175" elapsed="0.137999"/>
</kw>
<tag>@SemUsuário</tag>
<status status="PASS" start="2025-07-15T14:25:07.573874" elapsed="1.414431"/>
</test>
<test id="s1-s2-t4" name="Cenário: Login - Informe a senha!" line="24">
<kw name="Dado que desejo acessar o sistema" owner="login_steps">
<kw name="Open Browser" owner="SeleniumLibrary">
<msg time="2025-07-15T14:25:08.989120" level="INFO">Opening browser 'chrome' to base url 'https://rlhorochovec.github.io/qa/index.html'.</msg>
<arg>${url}</arg>
<arg>${browser}</arg>
<doc>Opens a new browser instance to the optional ``url``.</doc>
<status status="PASS" start="2025-07-15T14:25:08.988968" elapsed="1.080377"/>
</kw>
<kw name="Maximize Browser Window" owner="SeleniumLibrary">
<doc>Maximizes current browser window.</doc>
<status status="PASS" start="2025-07-15T14:25:10.069920" elapsed="0.056234"/>
</kw>
<kw name="Title Should Be" owner="SeleniumLibrary">
<msg time="2025-07-15T14:25:10.129288" level="INFO">Page title is 'Login'.</msg>
<arg>Login</arg>
<doc>Verifies that the current page title equals ``title``.</doc>
<status status="PASS" start="2025-07-15T14:25:10.126509" elapsed="0.002865"/>
</kw>
<status status="PASS" start="2025-07-15T14:25:08.988779" elapsed="1.140703"/>
</kw>
<kw name="Quando inserir o login &quot;user&quot; e a senha &quot;&quot; e clicar em Entrar" owner="login_steps" source_name="Quando inserir o login &quot;${login}&quot; e a senha &quot;${password}&quot; e clicar em Entrar">
<kw name="Input Text" owner="SeleniumLibrary">
<msg time="2025-07-15T14:25:10.130138" level="INFO">Typing text 'user' into text field 'id = login'.</msg>
<arg>${usuario}</arg>
<arg>${login}</arg>
<doc>Types the given ``text`` into the text field identified by ``locator``.</doc>
<status status="PASS" start="2025-07-15T14:25:10.129953" elapsed="0.085884"/>
</kw>
<kw name="Input Text" owner="SeleniumLibrary">
<msg time="2025-07-15T14:25:10.216239" level="INFO">Typing text '' into text field 'id = senha'.</msg>
<arg>${senha}</arg>
<arg>${password}</arg>
<doc>Types the given ``text`` into the text field identified by ``locator``.</doc>
<status status="PASS" start="2025-07-15T14:25:10.216018" elapsed="0.045338"/>
</kw>
<kw name="Click Element" owner="SeleniumLibrary">
<msg time="2025-07-15T14:25:10.261965" level="INFO">Clicking element 'xpath = //*[text()="Entrar"]'.</msg>
<arg>${entrar}</arg>
<doc>Click the element identified by ``locator``.</doc>
<status status="PASS" start="2025-07-15T14:25:10.261675" elapsed="0.035211"/>
</kw>
<status status="PASS" start="2025-07-15T14:25:10.129686" elapsed="0.167322"/>
</kw>
<kw name="Então apresentará uma mensagem de &quot;Informe a senha!&quot;" owner="login_steps" source_name="Então apresentará uma mensagem de &quot;${message}&quot;">
<kw name="Get Text" owner="SeleniumLibrary">
<msg time="2025-07-15T14:25:10.311398" level="INFO">${erro} = Informe a senha!</msg>
<var>${erro}</var>
<arg>${mensagem}</arg>
<doc>Returns the text value of the element identified by ``locator``.</doc>
<status status="PASS" start="2025-07-15T14:25:10.297532" elapsed="0.013909"/>
</kw>
<kw name="Should Be Equal As Strings" owner="BuiltIn">
<arg>${erro}</arg>
<arg>${message}</arg>
<doc>Fails if objects are unequal after converting them to strings.</doc>
<status status="PASS" start="2025-07-15T14:25:10.311782" elapsed="0.000217"/>
</kw>
<kw name="Close Browser" owner="SeleniumLibrary">
<doc>Closes the current browser.</doc>
<status status="PASS" start="2025-07-15T14:25:10.312090" elapsed="0.143480"/>
</kw>
<status status="PASS" start="2025-07-15T14:25:10.297232" elapsed="0.158474"/>
</kw>
<tag>@SemSenha</tag>
<status status="PASS" start="2025-07-15T14:25:08.988490" elapsed="1.467359"/>
</test>
<test id="s1-s2-t5" name="Cenário: Login - Admin" line="30">
<kw name="Dado que desejo acessar o sistema" owner="login_steps">
<kw name="Open Browser" owner="SeleniumLibrary">
<msg time="2025-07-15T14:25:10.456909" level="INFO">Opening browser 'chrome' to base url 'https://rlhorochovec.github.io/qa/index.html'.</msg>
<arg>${url}</arg>
<arg>${browser}</arg>
<doc>Opens a new browser instance to the optional ``url``.</doc>
<status status="PASS" start="2025-07-15T14:25:10.456717" elapsed="1.070218"/>
</kw>
<kw name="Maximize Browser Window" owner="SeleniumLibrary">
<doc>Maximizes current browser window.</doc>
<status status="PASS" start="2025-07-15T14:25:11.527291" elapsed="0.028152"/>
</kw>
<kw name="Title Should Be" owner="SeleniumLibrary">
<msg time="2025-07-15T14:25:11.559103" level="INFO">Page title is 'Login'.</msg>
<arg>Login</arg>
<doc>Verifies that the current page title equals ``title``.</doc>
<status status="PASS" start="2025-07-15T14:25:11.555618" elapsed="0.003596"/>
</kw>
<status status="PASS" start="2025-07-15T14:25:10.456465" elapsed="1.102858"/>
</kw>
<kw name="Quando inserir o login &quot;admin&quot; e a senha &quot;admin&quot; e clicar em Entrar" owner="login_steps" source_name="Quando inserir o login &quot;${login}&quot; e a senha &quot;${password}&quot; e clicar em Entrar">
<kw name="Input Text" owner="SeleniumLibrary">
<msg time="2025-07-15T14:25:11.560278" level="INFO">Typing text 'admin' into text field 'id = login'.</msg>
<arg>${usuario}</arg>
<arg>${login}</arg>
<doc>Types the given ``text`` into the text field identified by ``locator``.</doc>
<status status="PASS" start="2025-07-15T14:25:11.559913" elapsed="0.083768"/>
</kw>
<kw name="Input Text" owner="SeleniumLibrary">
<msg time="2025-07-15T14:25:11.644435" level="INFO">Typing text 'admin' into text field 'id = senha'.</msg>
<arg>${senha}</arg>
<arg>${password}</arg>
<doc>Types the given ``text`` into the text field identified by ``locator``.</doc>
<status status="PASS" start="2025-07-15T14:25:11.644009" elapsed="0.062587"/>
</kw>
<kw name="Click Element" owner="SeleniumLibrary">
<msg time="2025-07-15T14:25:11.707118" level="INFO">Clicking element 'xpath = //*[text()="Entrar"]'.</msg>
<arg>${entrar}</arg>
<doc>Click the element identified by ``locator``.</doc>
<status status="PASS" start="2025-07-15T14:25:11.706873" elapsed="0.163824"/>
</kw>
<status status="PASS" start="2025-07-15T14:25:11.559577" elapsed="0.311249"/>
</kw>
<kw name="Então apresentará a home do &quot;Administrador&quot;" owner="home_steps" source_name="Então apresentará a home do &quot;${logged}&quot;">
<kw name="Get Text" owner="SeleniumLibrary">
<msg time="2025-07-15T14:25:11.891872" level="INFO">${logado} = Administrador</msg>
<var>${logado}</var>
<arg>${home}</arg>
<doc>Returns the text value of the element identified by ``locator``.</doc>
<status status="PASS" start="2025-07-15T14:25:11.871190" elapsed="0.020723"/>
</kw>
<kw name="Should Be Equal As Strings" owner="BuiltIn">
<arg>${logado}</arg>
<arg>${logged}</arg>
<doc>Fails if objects are unequal after converting them to strings.</doc>
<status status="PASS" start="2025-07-15T14:25:11.892079" elapsed="0.000188"/>
</kw>
<kw name="Capture Page Screenshot" owner="SeleniumLibrary">
<msg time="2025-07-15T14:25:11.971441" level="INFO" html="true">&lt;/td&gt;&lt;/tr&gt;&lt;tr&gt;&lt;td colspan="3"&gt;&lt;a href="selenium-screenshot-1.png"&gt;&lt;img src="selenium-screenshot-1.png" width="800px"&gt;&lt;/a&gt;</msg>
<doc>Takes a screenshot of the current page and embeds it into a log file.</doc>
<status status="PASS" start="2025-07-15T14:25:11.892354" elapsed="0.079210"/>
</kw>
<kw name="Close Browser" owner="SeleniumLibrary">
<doc>Closes the current browser.</doc>
<status status="PASS" start="2025-07-15T14:25:11.971743" elapsed="0.090211"/>
</kw>
<status status="PASS" start="2025-07-15T14:25:11.870988" elapsed="0.191082"/>
</kw>
<tag>@Admin</tag>
<status status="PASS" start="2025-07-15T14:25:10.456133" elapsed="1.606052"/>
</test>
<test id="s1-s2-t6" name="Cenário: Login - User" line="36">
<kw name="Dado que desejo acessar o sistema" owner="login_steps">
<kw name="Open Browser" owner="SeleniumLibrary">
<msg time="2025-07-15T14:25:12.062982" level="INFO">Opening browser 'chrome' to base url 'https://rlhorochovec.github.io/qa/index.html'.</msg>
<arg>${url}</arg>
<arg>${browser}</arg>
<doc>Opens a new browser instance to the optional ``url``.</doc>
<status status="PASS" start="2025-07-15T14:25:12.062836" elapsed="0.992382"/>
</kw>
<kw name="Maximize Browser Window" owner="SeleniumLibrary">
<doc>Maximizes current browser window.</doc>
<status status="PASS" start="2025-07-15T14:25:13.055625" elapsed="0.043903"/>
</kw>
<kw name="Title Should Be" owner="SeleniumLibrary">
<msg time="2025-07-15T14:25:13.102290" level="INFO">Page title is 'Login'.</msg>
<arg>Login</arg>
<doc>Verifies that the current page title equals ``title``.</doc>
<status status="PASS" start="2025-07-15T14:25:13.099690" elapsed="0.002664"/>
</kw>
<status status="PASS" start="2025-07-15T14:25:12.062655" elapsed="1.039775"/>
</kw>
<kw name="Quando inserir o login &quot;user&quot; e a senha &quot;user&quot; e clicar em Entrar" owner="login_steps" source_name="Quando inserir o login &quot;${login}&quot; e a senha &quot;${password}&quot; e clicar em Entrar">
<kw name="Input Text" owner="SeleniumLibrary">
<msg time="2025-07-15T14:25:13.102968" level="INFO">Typing text 'user' into text field 'id = login'.</msg>
<arg>${usuario}</arg>
<arg>${login}</arg>
<doc>Types the given ``text`` into the text field identified by ``locator``.</doc>
<status status="PASS" start="2025-07-15T14:25:13.102813" elapsed="0.090206"/>
</kw>
<kw name="Input Text" owner="SeleniumLibrary">
<msg time="2025-07-15T14:25:13.193469" level="INFO">Typing text 'user' into text field 'id = senha'.</msg>
<arg>${senha}</arg>
<arg>${password}</arg>
<doc>Types the given ``text`` into the text field identified by ``locator``.</doc>
<status status="PASS" start="2025-07-15T14:25:13.193189" elapsed="0.043939"/>
</kw>
<kw name="Click Element" owner="SeleniumLibrary">
<msg time="2025-07-15T14:25:13.237567" level="INFO">Clicking element 'xpath = //*[text()="Entrar"]'.</msg>
<arg>${entrar}</arg>
<doc>Click the element identified by ``locator``.</doc>
<status status="PASS" start="2025-07-15T14:25:13.237355" elapsed="0.116206"/>
</kw>
<status status="PASS" start="2025-07-15T14:25:13.102590" elapsed="0.251154"/>
</kw>
<kw name="Então apresentará a home do &quot;Usuário&quot;" owner="home_steps" source_name="Então apresentará a home do &quot;${logged}&quot;">
<kw name="Get Text" owner="SeleniumLibrary">
<msg time="2025-07-15T14:25:13.369480" level="INFO">${logado} = Usuário</msg>
<var>${logado}</var>
<arg>${home}</arg>
<doc>Returns the text value of the element identified by ``locator``.</doc>
<status status="PASS" start="2025-07-15T14:25:13.354244" elapsed="0.015272"/>
</kw>
<kw name="Should Be Equal As Strings" owner="BuiltIn">
<arg>${logado}</arg>
<arg>${logged}</arg>
<doc>Fails if objects are unequal after converting them to strings.</doc>
<status status="PASS" start="2025-07-15T14:25:13.369667" elapsed="0.000186"/>
</kw>
<kw name="Capture Page Screenshot" owner="SeleniumLibrary">
<msg time="2025-07-15T14:25:13.437922" level="INFO" html="true">&lt;/td&gt;&lt;/tr&gt;&lt;tr&gt;&lt;td colspan="3"&gt;&lt;a href="selenium-screenshot-2.png"&gt;&lt;img src="selenium-screenshot-2.png" width="800px"&gt;&lt;/a&gt;</msg>
<doc>Takes a screenshot of the current page and embeds it into a log file.</doc>
<status status="PASS" start="2025-07-15T14:25:13.369940" elapsed="0.068071"/>
</kw>
<kw name="Close Browser" owner="SeleniumLibrary">
<doc>Closes the current browser.</doc>
<status status="PASS" start="2025-07-15T14:25:13.438133" elapsed="0.075936"/>
</kw>
<status status="PASS" start="2025-07-15T14:25:13.353994" elapsed="0.160177"/>
</kw>
<tag>@User</tag>
<status status="PASS" start="2025-07-15T14:25:12.062379" elapsed="1.451895"/>
</test>
<status status="PASS" start="2025-07-15T14:25:04.550622" elapsed="8.963899"/>
</suite>
<suite id="s1-s3" name="Login Valido" source="/Users/runner/work/robot-web-test/robot-web-test/test/login_valido.robot">
<kw name="Abrir navegador" owner="login_template" type="SETUP">
<kw name="Open Browser" owner="SeleniumLibrary">
<msg time="2025-07-15T14:25:13.517149" level="INFO">Opening browser 'chrome' to base url 'https://rlhorochovec.github.io/qa/index.html'.</msg>
<arg>${url}</arg>
<arg>${browser}</arg>
<doc>Opens a new browser instance to the optional ``url``.</doc>
<status status="PASS" start="2025-07-15T14:25:13.516998" elapsed="0.874515"/>
</kw>
<kw name="Title Should Be" owner="SeleniumLibrary">
<msg time="2025-07-15T14:25:14.403466" level="INFO">Page title is 'Login'.</msg>
<arg>Login</arg>
<doc>Verifies that the current page title equals ``title``.</doc>
<status status="PASS" start="2025-07-15T14:25:14.391826" elapsed="0.011737"/>
</kw>
<kw name="Maximize Browser Window" owner="SeleniumLibrary">
<doc>Maximizes current browser window.</doc>
<status status="PASS" start="2025-07-15T14:25:14.403716" elapsed="0.048592"/>
</kw>
<status status="PASS" start="2025-07-15T14:25:13.516806" elapsed="0.935614"/>
</kw>
<test id="s1-s3-t1" name="Login válido - Admin" line="8">
<kw name="Login válido" owner="login_template">
<kw name="Input Text" owner="SeleniumLibrary">
<msg time="2025-07-15T14:25:14.453474" level="INFO">Typing text 'admin' into text field 'id = login'.</msg>
<arg>${usuario}</arg>
<arg>${login}</arg>
<doc>Types the given ``text`` into the text field identified by ``locator``.</doc>
<status status="PASS" start="2025-07-15T14:25:14.453250" elapsed="0.093882"/>
</kw>
<kw name="Input Text" owner="SeleniumLibrary">
<msg time="2025-07-15T14:25:14.552427" level="INFO">Typing text 'admin' into text field 'id = senha'.</msg>
<arg>${senha}</arg>
<arg>${password}</arg>
<doc>Types the given ``text`` into the text field identified by ``locator``.</doc>
<status status="PASS" start="2025-07-15T14:25:14.548257" elapsed="0.076950"/>
</kw>
<kw name="Click Element" owner="SeleniumLibrary">
<msg time="2025-07-15T14:25:14.625655" level="INFO">Clicking element 'xpath = //*[text()="Entrar"]'.</msg>
<arg>${entrar}</arg>
<doc>Click the element identified by ``locator``.</doc>
<status status="PASS" start="2025-07-15T14:25:14.625400" elapsed="0.088565"/>
</kw>
<kw name="Get Text" owner="SeleniumLibrary">
<msg time="2025-07-15T14:25:14.734350" level="INFO">${logado} = Administrador</msg>
<var>${logado}</var>
<arg>${home}</arg>
<doc>Returns the text value of the element identified by ``locator``.</doc>
<status status="PASS" start="2025-07-15T14:25:14.714152" elapsed="0.020239"/>
</kw>
<kw name="Should Be Equal As Strings" owner="BuiltIn">
<arg>${logado}</arg>
<arg>${logged}</arg>
<doc>Fails if objects are unequal after converting them to strings.</doc>
<status status="PASS" start="2025-07-15T14:25:14.734534" elapsed="0.000174"/>
</kw>
<kw name="Capture Page Screenshot" owner="SeleniumLibrary">
<msg time="2025-07-15T14:25:14.805042" level="INFO" html="true">&lt;/td&gt;&lt;/tr&gt;&lt;tr&gt;&lt;td colspan="3"&gt;&lt;a href="selenium-screenshot-3.png"&gt;&lt;img src="selenium-screenshot-3.png" width="800px"&gt;&lt;/a&gt;</msg>
<doc>Takes a screenshot of the current page and embeds it into a log file.</doc>
<status status="PASS" start="2025-07-15T14:25:14.734790" elapsed="0.070333"/>
</kw>
<arg>admin</arg>
<arg>admin</arg>
<arg>Administrador</arg>
<status status="PASS" start="2025-07-15T14:25:14.452957" elapsed="0.352232"/>
</kw>
<status status="PASS" start="2025-07-15T14:25:14.452525" elapsed="0.352739"/>
</test>
<kw name="Fechar navegador" owner="login_template" type="TEARDOWN">
<kw name="Close Browser" owner="SeleniumLibrary">
<doc>Closes the current browser.</doc>
<status status="PASS" start="2025-07-15T14:25:14.805667" elapsed="0.130486"/>
</kw>
<status status="PASS" start="2025-07-15T14:25:14.805534" elapsed="0.130725"/>
</kw>
<status status="PASS" start="2025-07-15T14:25:13.514812" elapsed="1.421477"/>
</suite>
<status status="PASS" start="2025-07-15T14:24:59.179134" elapsed="15.757754"/>
</suite>
<statistics>
<total>
<stat pass="11" fail="0" skip="0">All Tests</stat>
</total>
<tag>
<stat pass="1" fail="0" skip="0">@Admin</stat>
<stat pass="1" fail="0" skip="0">@EmBranco</stat>
<stat pass="1" fail="0" skip="0">@Incorretos</stat>
<stat pass="1" fail="0" skip="0">@SemSenha</stat>
<stat pass="1" fail="0" skip="0">@SemUsuário</stat>
<stat pass="1" fail="0" skip="0">@User</stat>
</tag>
<suite>
<stat name="Test" id="s1" pass="11" fail="0" skip="0">Test</stat>
<stat name="Login Invalido" id="s1-s1" pass="4" fail="0" skip="0">Test.Login Invalido</stat>
<stat name="Login Test" id="s1-s2" pass="6" fail="0" skip="0">Test.Login Test</stat>
<stat name="Login Valido" id="s1-s3" pass="1" fail="0" skip="0">Test.Login Valido</stat>
</suite>
</statistics>
<errors>
</errors>
</robot>
